[2025-04-18T16:43:04.423+0000] {local_task_job_runner.py:123} INFO - ::group::Pre task execution logs
[2025-04-18T16:43:04.452+0000] {taskinstance.py:2614} INFO - Dependencies all met for dep_context=non-requeueable deps ti=<TaskInstance: transaction_dag.task1 manual__2025-04-18T16:43:01.409081+00:00 [queued]>
[2025-04-18T16:43:04.466+0000] {taskinstance.py:2614} INFO - Dependencies all met for dep_context=requeueable deps ti=<TaskInstance: transaction_dag.task1 manual__2025-04-18T16:43:01.409081+00:00 [queued]>
[2025-04-18T16:43:04.471+0000] {taskinstance.py:2867} INFO - Starting attempt 1 of 1
[2025-04-18T16:43:04.491+0000] {taskinstance.py:2890} INFO - Executing <Task(PythonOperator): task1> on 2025-04-18 16:43:01.409081+00:00
[2025-04-18T16:43:04.497+0000] {warnings.py:112} WARNING - /home/***/.local/lib/python3.12/site-packages/***/task/task_runner/standard_task_runner.py:70: DeprecationWarning: This process (pid=77) is multi-threaded, use of fork() may lead to deadlocks in the child.
  pid = os.fork()

[2025-04-18T16:43:04.499+0000] {standard_task_runner.py:72} INFO - Started process 78 to run task
[2025-04-18T16:43:04.500+0000] {standard_task_runner.py:104} INFO - Running: ['***', 'tasks', 'run', 'transaction_dag', 'task1', 'manual__2025-04-18T16:43:01.409081+00:00', '--job-id', '5', '--raw', '--subdir', 'DAGS_FOLDER/transaction_dag.py', '--cfg-path', '/tmp/tmpzi0auibk']
[2025-04-18T16:43:04.501+0000] {standard_task_runner.py:105} INFO - Job 5: Subtask task1
[2025-04-18T16:43:04.564+0000] {task_command.py:467} INFO - Running <TaskInstance: transaction_dag.task1 manual__2025-04-18T16:43:01.409081+00:00 [running]> on host 8fbbead3dd1a
[2025-04-18T16:43:04.684+0000] {taskinstance.py:3134} INFO - Exporting env vars: AIRFLOW_CTX_DAG_OWNER='***' AIRFLOW_CTX_DAG_ID='transaction_dag' AIRFLOW_CTX_TASK_ID='task1' AIRFLOW_CTX_EXECUTION_DATE='2025-04-18T16:43:01.409081+00:00' AIRFLOW_CTX_TRY_NUMBER='1' AIRFLOW_CTX_DAG_RUN_ID='manual__2025-04-18T16:43:01.409081+00:00'
[2025-04-18T16:43:04.688+0000] {taskinstance.py:732} INFO - ::endgroup::
[2025-04-18T16:43:04.739+0000] {logging_mixin.py:190} INFO - Task 1 executed
[2025-04-18T16:43:04.740+0000] {python.py:240} INFO - Done. Returned value was: None
[2025-04-18T16:43:04.752+0000] {taskinstance.py:341} INFO - ::group::Post task execution logs
[2025-04-18T16:43:04.753+0000] {taskinstance.py:353} INFO - Marking task as SUCCESS. dag_id=transaction_dag, task_id=task1, run_id=manual__2025-04-18T16:43:01.409081+00:00, execution_date=20250418T164301, start_date=20250418T164304, end_date=20250418T164304
[2025-04-18T16:43:04.805+0000] {local_task_job_runner.py:266} INFO - Task exited with return code 0
[2025-04-18T16:43:04.830+0000] {taskinstance.py:3901} INFO - 0 downstream tasks scheduled from follow-on schedule check
[2025-04-18T16:43:04.834+0000] {local_task_job_runner.py:245} INFO - ::endgroup::
