[2025-04-18T17:50:02.968+0000] {local_task_job_runner.py:123} INFO - ::group::Pre task execution logs
[2025-04-18T17:50:02.991+0000] {taskinstance.py:2614} INFO - Dependencies all met for dep_context=non-requeueable deps ti=<TaskInstance: transaction_dag.get_data_task manual__2025-04-18T17:42:23.038986+00:00 [queued]>
[2025-04-18T17:50:02.999+0000] {taskinstance.py:2614} INFO - Dependencies all met for dep_context=requeueable deps ti=<TaskInstance: transaction_dag.get_data_task manual__2025-04-18T17:42:23.038986+00:00 [queued]>
[2025-04-18T17:50:02.999+0000] {taskinstance.py:2867} INFO - Starting attempt 3 of 3
[2025-04-18T17:50:03.014+0000] {taskinstance.py:2890} INFO - Executing <Task(PythonOperator): get_data_task> on 2025-04-18 17:42:23.038986+00:00
[2025-04-18T17:50:03.023+0000] {warnings.py:112} WARNING - /home/***/.local/lib/python3.12/site-packages/***/task/task_runner/standard_task_runner.py:70: DeprecationWarning: This process (pid=194) is multi-threaded, use of fork() may lead to deadlocks in the child.
  pid = os.fork()

[2025-04-18T17:50:03.024+0000] {standard_task_runner.py:72} INFO - Started process 196 to run task
[2025-04-18T17:50:03.025+0000] {standard_task_runner.py:104} INFO - Running: ['***', 'tasks', 'run', 'transaction_dag', 'get_data_task', 'manual__2025-04-18T17:42:23.038986+00:00', '--job-id', '7', '--raw', '--subdir', 'DAGS_FOLDER/transaction_dag.py', '--cfg-path', '/tmp/tmpynache_g']
[2025-04-18T17:50:03.027+0000] {standard_task_runner.py:105} INFO - Job 7: Subtask get_data_task
[2025-04-18T17:50:03.080+0000] {task_command.py:467} INFO - Running <TaskInstance: transaction_dag.get_data_task manual__2025-04-18T17:42:23.038986+00:00 [running]> on host 0ec93e010a18
[2025-04-18T17:50:03.338+0000] {taskinstance.py:3134} INFO - Exporting env vars: AIRFLOW_CTX_DAG_OWNER='***' AIRFLOW_CTX_DAG_ID='transaction_dag' AIRFLOW_CTX_TASK_ID='get_data_task' AIRFLOW_CTX_EXECUTION_DATE='2025-04-18T17:42:23.038986+00:00' AIRFLOW_CTX_TRY_NUMBER='3' AIRFLOW_CTX_DAG_RUN_ID='manual__2025-04-18T17:42:23.038986+00:00'
[2025-04-18T17:50:03.339+0000] {taskinstance.py:732} INFO - ::endgroup::
[2025-04-18T17:50:03.387+0000] {logging_mixin.py:190} INFO - Data fetched from customers table: [{'customer_id': 'C1', 'customer_name': 'Michelle Garcia', 'gender': 'Female', 'age': 30, 'province': 'DI Yogyakarta', 'city': 'Yogyakarta'}, {'customer_id': 'C2', 'customer_name': 'Timothy Matthews', 'gender': 'Male', 'age': 63, 'province': 'Banten', 'city': 'Pandeglang'}, {'customer_id': 'C3', 'customer_name': 'Judy Bailey', 'gender': 'Female', 'age': 18, 'province': 'Jawa Barat', 'city': 'Tasikmalaya'}, {'customer_id': 'C4', 'customer_name': 'Rachel Houston', 'gender': 'Female', 'age': 20, 'province': 'Jawa Barat', 'city': 'Sukabumi'}, {'customer_id': 'C5', 'customer_name': 'Jessica Andrade', 'gender': 'Male', 'age': 35, 'province': 'Jawa Barat', 'city': 'Ciamis'}]
[2025-04-18T17:50:03.428+0000] {logging_mixin.py:190} INFO -   customer_id     customer_name  gender  age       province         city
0          C1   Michelle Garcia  Female   30  DI Yogyakarta   Yogyakarta
1          C2  Timothy Matthews    Male   63         Banten   Pandeglang
2          C3       Judy Bailey  Female   18     Jawa Barat  Tasikmalaya
3          C4    Rachel Houston  Female   20     Jawa Barat     Sukabumi
4          C5   Jessica Andrade    Male   35     Jawa Barat       Ciamis
[2025-04-18T17:50:03.458+0000] {python.py:240} INFO - Done. Returned value was: None
[2025-04-18T17:50:03.468+0000] {taskinstance.py:341} INFO - ::group::Post task execution logs
[2025-04-18T17:50:03.469+0000] {taskinstance.py:353} INFO - Marking task as SUCCESS. dag_id=transaction_dag, task_id=get_data_task, run_id=manual__2025-04-18T17:42:23.038986+00:00, execution_date=20250418T174223, start_date=20250418T175002, end_date=20250418T175003
[2025-04-18T17:50:03.535+0000] {local_task_job_runner.py:266} INFO - Task exited with return code 0
[2025-04-18T17:50:03.550+0000] {taskinstance.py:3901} INFO - 0 downstream tasks scheduled from follow-on schedule check
[2025-04-18T17:50:03.555+0000] {local_task_job_runner.py:245} INFO - ::endgroup::
