[2025-04-18T16:29:53.815+0000] {processor.py:186} INFO - Started process (PID=118) to work on /home/airflow/.local/lib/python3.12/site-packages/airflow/example_dags/example_complex.py
[2025-04-18T16:29:53.817+0000] {processor.py:914} INFO - Processing file /home/airflow/.local/lib/python3.12/site-packages/airflow/example_dags/example_complex.py for tasks to queue
[2025-04-18T16:29:53.822+0000] {logging_mixin.py:190} INFO - [2025-04-18T16:29:53.821+0000] {dagbag.py:588} INFO - Filling up the DagBag from /home/airflow/.local/lib/python3.12/site-packages/airflow/example_dags/example_complex.py
[2025-04-18T16:29:53.835+0000] {processor.py:925} INFO - DAG(s) 'example_complex' retrieved from /home/airflow/.local/lib/python3.12/site-packages/airflow/example_dags/example_complex.py
[2025-04-18T16:29:53.957+0000] {logging_mixin.py:190} INFO - [2025-04-18T16:29:53.956+0000] {override.py:1912} INFO - Created Permission View: can read on DAG:example_complex
[2025-04-18T16:29:53.974+0000] {logging_mixin.py:190} INFO - [2025-04-18T16:29:53.973+0000] {override.py:1912} INFO - Created Permission View: can edit on DAG:example_complex
[2025-04-18T16:29:53.982+0000] {logging_mixin.py:190} INFO - [2025-04-18T16:29:53.982+0000] {override.py:1912} INFO - Created Permission View: can delete on DAG:example_complex
[2025-04-18T16:29:53.995+0000] {logging_mixin.py:190} INFO - [2025-04-18T16:29:53.994+0000] {override.py:1912} INFO - Created Permission View: can delete on DAG Run:example_complex
[2025-04-18T16:29:54.007+0000] {logging_mixin.py:190} INFO - [2025-04-18T16:29:54.006+0000] {override.py:1912} INFO - Created Permission View: can read on DAG Run:example_complex
[2025-04-18T16:29:54.014+0000] {logging_mixin.py:190} INFO - [2025-04-18T16:29:54.014+0000] {override.py:1912} INFO - Created Permission View: menu access on DAG Run:example_complex
[2025-04-18T16:29:54.024+0000] {logging_mixin.py:190} INFO - [2025-04-18T16:29:54.023+0000] {override.py:1912} INFO - Created Permission View: can create on DAG Run:example_complex
[2025-04-18T16:29:54.025+0000] {logging_mixin.py:190} INFO - [2025-04-18T16:29:54.025+0000] {dag.py:3239} INFO - Sync 1 DAGs
[2025-04-18T16:29:54.039+0000] {logging_mixin.py:190} INFO - [2025-04-18T16:29:54.039+0000] {dag.py:3262} INFO - Creating ORM DAG for example_complex
[2025-04-18T16:29:54.040+0000] {logging_mixin.py:190} INFO - [2025-04-18T16:29:54.040+0000] {dag.py:4180} INFO - Setting next_dagrun for example_complex to None, run_after=None
[2025-04-18T16:29:54.061+0000] {processor.py:208} INFO - Processing /home/airflow/.local/lib/python3.12/site-packages/airflow/example_dags/example_complex.py took 0.252 seconds
[2025-04-18T16:30:24.698+0000] {processor.py:186} INFO - Started process (PID=181) to work on /home/airflow/.local/lib/python3.12/site-packages/airflow/example_dags/example_complex.py
[2025-04-18T16:30:24.700+0000] {processor.py:914} INFO - Processing file /home/airflow/.local/lib/python3.12/site-packages/airflow/example_dags/example_complex.py for tasks to queue
[2025-04-18T16:30:24.705+0000] {logging_mixin.py:190} INFO - [2025-04-18T16:30:24.705+0000] {dagbag.py:588} INFO - Filling up the DagBag from /home/airflow/.local/lib/python3.12/site-packages/airflow/example_dags/example_complex.py
[2025-04-18T16:30:24.723+0000] {processor.py:925} INFO - DAG(s) 'example_complex' retrieved from /home/airflow/.local/lib/python3.12/site-packages/airflow/example_dags/example_complex.py
[2025-04-18T16:30:24.760+0000] {logging_mixin.py:190} INFO - [2025-04-18T16:30:24.760+0000] {dag.py:3239} INFO - Sync 1 DAGs
[2025-04-18T16:30:24.779+0000] {logging_mixin.py:190} INFO - [2025-04-18T16:30:24.778+0000] {dag.py:4180} INFO - Setting next_dagrun for example_complex to None, run_after=None
[2025-04-18T16:30:24.824+0000] {processor.py:208} INFO - Processing /home/airflow/.local/lib/python3.12/site-packages/airflow/example_dags/example_complex.py took 0.131 seconds
[2025-04-18T16:30:55.492+0000] {processor.py:186} INFO - Started process (PID=244) to work on /home/airflow/.local/lib/python3.12/site-packages/airflow/example_dags/example_complex.py
[2025-04-18T16:30:55.494+0000] {processor.py:914} INFO - Processing file /home/airflow/.local/lib/python3.12/site-packages/airflow/example_dags/example_complex.py for tasks to queue
[2025-04-18T16:30:55.496+0000] {logging_mixin.py:190} INFO - [2025-04-18T16:30:55.496+0000] {dagbag.py:588} INFO - Filling up the DagBag from /home/airflow/.local/lib/python3.12/site-packages/airflow/example_dags/example_complex.py
[2025-04-18T16:30:55.508+0000] {processor.py:925} INFO - DAG(s) 'example_complex' retrieved from /home/airflow/.local/lib/python3.12/site-packages/airflow/example_dags/example_complex.py
[2025-04-18T16:30:55.545+0000] {logging_mixin.py:190} INFO - [2025-04-18T16:30:55.545+0000] {dag.py:3239} INFO - Sync 1 DAGs
[2025-04-18T16:30:55.563+0000] {logging_mixin.py:190} INFO - [2025-04-18T16:30:55.563+0000] {dag.py:4180} INFO - Setting next_dagrun for example_complex to None, run_after=None
[2025-04-18T16:30:55.590+0000] {processor.py:208} INFO - Processing /home/airflow/.local/lib/python3.12/site-packages/airflow/example_dags/example_complex.py took 0.105 seconds
