[2025-04-18T16:29:45.743+0000] {processor.py:186} INFO - Started process (PID=73) to work on /home/airflow/.local/lib/python3.12/site-packages/airflow/example_dags/example_local_kubernetes_executor.py
[2025-04-18T16:29:45.744+0000] {processor.py:914} INFO - Processing file /home/airflow/.local/lib/python3.12/site-packages/airflow/example_dags/example_local_kubernetes_executor.py for tasks to queue
[2025-04-18T16:29:45.747+0000] {logging_mixin.py:190} INFO - [2025-04-18T16:29:45.747+0000] {dagbag.py:588} INFO - Filling up the DagBag from /home/airflow/.local/lib/python3.12/site-packages/airflow/example_dags/example_local_kubernetes_executor.py
[2025-04-18T16:29:45.761+0000] {processor.py:925} INFO - DAG(s) 'example_local_kubernetes_executor' retrieved from /home/airflow/.local/lib/python3.12/site-packages/airflow/example_dags/example_local_kubernetes_executor.py
[2025-04-18T16:29:45.889+0000] {logging_mixin.py:190} INFO - [2025-04-18T16:29:45.888+0000] {override.py:1912} INFO - Created Permission View: can read on DAG:example_local_kubernetes_executor
[2025-04-18T16:29:45.905+0000] {logging_mixin.py:190} INFO - [2025-04-18T16:29:45.904+0000] {override.py:1912} INFO - Created Permission View: can edit on DAG:example_local_kubernetes_executor
[2025-04-18T16:29:45.913+0000] {logging_mixin.py:190} INFO - [2025-04-18T16:29:45.913+0000] {override.py:1912} INFO - Created Permission View: can delete on DAG:example_local_kubernetes_executor
[2025-04-18T16:29:45.924+0000] {logging_mixin.py:190} INFO - [2025-04-18T16:29:45.923+0000] {override.py:1912} INFO - Created Permission View: can delete on DAG Run:example_local_kubernetes_executor
[2025-04-18T16:29:45.936+0000] {logging_mixin.py:190} INFO - [2025-04-18T16:29:45.935+0000] {override.py:1912} INFO - Created Permission View: can read on DAG Run:example_local_kubernetes_executor
[2025-04-18T16:29:45.945+0000] {logging_mixin.py:190} INFO - [2025-04-18T16:29:45.944+0000] {override.py:1912} INFO - Created Permission View: menu access on DAG Run:example_local_kubernetes_executor
[2025-04-18T16:29:45.953+0000] {logging_mixin.py:190} INFO - [2025-04-18T16:29:45.952+0000] {override.py:1912} INFO - Created Permission View: can create on DAG Run:example_local_kubernetes_executor
[2025-04-18T16:29:45.954+0000] {logging_mixin.py:190} INFO - [2025-04-18T16:29:45.953+0000] {dag.py:3239} INFO - Sync 1 DAGs
[2025-04-18T16:29:45.971+0000] {logging_mixin.py:190} INFO - [2025-04-18T16:29:45.971+0000] {dag.py:3262} INFO - Creating ORM DAG for example_local_kubernetes_executor
[2025-04-18T16:29:45.972+0000] {logging_mixin.py:190} INFO - [2025-04-18T16:29:45.972+0000] {dag.py:4180} INFO - Setting next_dagrun for example_local_kubernetes_executor to None, run_after=None
[2025-04-18T16:29:45.991+0000] {processor.py:208} INFO - Processing /home/airflow/.local/lib/python3.12/site-packages/airflow/example_dags/example_local_kubernetes_executor.py took 0.254 seconds
[2025-04-18T16:30:16.619+0000] {processor.py:186} INFO - Started process (PID=136) to work on /home/airflow/.local/lib/python3.12/site-packages/airflow/example_dags/example_local_kubernetes_executor.py
[2025-04-18T16:30:16.620+0000] {processor.py:914} INFO - Processing file /home/airflow/.local/lib/python3.12/site-packages/airflow/example_dags/example_local_kubernetes_executor.py for tasks to queue
[2025-04-18T16:30:16.623+0000] {logging_mixin.py:190} INFO - [2025-04-18T16:30:16.622+0000] {dagbag.py:588} INFO - Filling up the DagBag from /home/airflow/.local/lib/python3.12/site-packages/airflow/example_dags/example_local_kubernetes_executor.py
[2025-04-18T16:30:16.638+0000] {processor.py:925} INFO - DAG(s) 'example_local_kubernetes_executor' retrieved from /home/airflow/.local/lib/python3.12/site-packages/airflow/example_dags/example_local_kubernetes_executor.py
[2025-04-18T16:30:16.665+0000] {logging_mixin.py:190} INFO - [2025-04-18T16:30:16.665+0000] {dag.py:3239} INFO - Sync 1 DAGs
[2025-04-18T16:30:16.683+0000] {logging_mixin.py:190} INFO - [2025-04-18T16:30:16.683+0000] {dag.py:4180} INFO - Setting next_dagrun for example_local_kubernetes_executor to None, run_after=None
[2025-04-18T16:30:16.713+0000] {processor.py:208} INFO - Processing /home/airflow/.local/lib/python3.12/site-packages/airflow/example_dags/example_local_kubernetes_executor.py took 0.101 seconds
[2025-04-18T16:30:46.964+0000] {processor.py:186} INFO - Started process (PID=199) to work on /home/airflow/.local/lib/python3.12/site-packages/airflow/example_dags/example_local_kubernetes_executor.py
[2025-04-18T16:30:46.966+0000] {processor.py:914} INFO - Processing file /home/airflow/.local/lib/python3.12/site-packages/airflow/example_dags/example_local_kubernetes_executor.py for tasks to queue
[2025-04-18T16:30:46.970+0000] {logging_mixin.py:190} INFO - [2025-04-18T16:30:46.969+0000] {dagbag.py:588} INFO - Filling up the DagBag from /home/airflow/.local/lib/python3.12/site-packages/airflow/example_dags/example_local_kubernetes_executor.py
[2025-04-18T16:30:46.982+0000] {processor.py:925} INFO - DAG(s) 'example_local_kubernetes_executor' retrieved from /home/airflow/.local/lib/python3.12/site-packages/airflow/example_dags/example_local_kubernetes_executor.py
[2025-04-18T16:30:47.016+0000] {logging_mixin.py:190} INFO - [2025-04-18T16:30:47.015+0000] {dag.py:3239} INFO - Sync 1 DAGs
[2025-04-18T16:30:47.032+0000] {logging_mixin.py:190} INFO - [2025-04-18T16:30:47.031+0000] {dag.py:4180} INFO - Setting next_dagrun for example_local_kubernetes_executor to None, run_after=None
[2025-04-18T16:30:47.065+0000] {processor.py:208} INFO - Processing /home/airflow/.local/lib/python3.12/site-packages/airflow/example_dags/example_local_kubernetes_executor.py took 0.109 seconds
