[2025-04-18T16:29:44.458+0000] {processor.py:186} INFO - Started process (PID=69) to work on /home/airflow/.local/lib/python3.12/site-packages/airflow/example_dags/example_display_name.py
[2025-04-18T16:29:44.460+0000] {processor.py:914} INFO - Processing file /home/airflow/.local/lib/python3.12/site-packages/airflow/example_dags/example_display_name.py for tasks to queue
[2025-04-18T16:29:44.466+0000] {logging_mixin.py:190} INFO - [2025-04-18T16:29:44.465+0000] {dagbag.py:588} INFO - Filling up the DagBag from /home/airflow/.local/lib/python3.12/site-packages/airflow/example_dags/example_display_name.py
[2025-04-18T16:29:44.521+0000] {processor.py:925} INFO - DAG(s) 'example_display_name' retrieved from /home/airflow/.local/lib/python3.12/site-packages/airflow/example_dags/example_display_name.py
[2025-04-18T16:29:44.955+0000] {logging_mixin.py:190} INFO - [2025-04-18T16:29:44.953+0000] {override.py:1912} INFO - Created Permission View: can read on DAG:example_display_name
[2025-04-18T16:29:44.970+0000] {logging_mixin.py:190} INFO - [2025-04-18T16:29:44.970+0000] {override.py:1912} INFO - Created Permission View: can edit on DAG:example_display_name
[2025-04-18T16:29:44.978+0000] {logging_mixin.py:190} INFO - [2025-04-18T16:29:44.977+0000] {override.py:1912} INFO - Created Permission View: can delete on DAG:example_display_name
[2025-04-18T16:29:44.988+0000] {logging_mixin.py:190} INFO - [2025-04-18T16:29:44.987+0000] {override.py:1912} INFO - Created Permission View: can delete on DAG Run:example_display_name
[2025-04-18T16:29:44.999+0000] {logging_mixin.py:190} INFO - [2025-04-18T16:29:44.999+0000] {override.py:1912} INFO - Created Permission View: can read on DAG Run:example_display_name
[2025-04-18T16:29:45.007+0000] {logging_mixin.py:190} INFO - [2025-04-18T16:29:45.007+0000] {override.py:1912} INFO - Created Permission View: menu access on DAG Run:example_display_name
[2025-04-18T16:29:45.015+0000] {logging_mixin.py:190} INFO - [2025-04-18T16:29:45.014+0000] {override.py:1912} INFO - Created Permission View: can create on DAG Run:example_display_name
[2025-04-18T16:29:45.016+0000] {logging_mixin.py:190} INFO - [2025-04-18T16:29:45.015+0000] {dag.py:3239} INFO - Sync 1 DAGs
[2025-04-18T16:29:45.035+0000] {logging_mixin.py:190} INFO - [2025-04-18T16:29:45.035+0000] {dag.py:3262} INFO - Creating ORM DAG for example_display_name
[2025-04-18T16:29:45.037+0000] {logging_mixin.py:190} INFO - [2025-04-18T16:29:45.037+0000] {dag.py:4180} INFO - Setting next_dagrun for example_display_name to None, run_after=None
[2025-04-18T16:29:45.060+0000] {processor.py:208} INFO - Processing /home/airflow/.local/lib/python3.12/site-packages/airflow/example_dags/example_display_name.py took 0.615 seconds
[2025-04-18T16:30:15.293+0000] {processor.py:186} INFO - Started process (PID=132) to work on /home/airflow/.local/lib/python3.12/site-packages/airflow/example_dags/example_display_name.py
[2025-04-18T16:30:15.294+0000] {processor.py:914} INFO - Processing file /home/airflow/.local/lib/python3.12/site-packages/airflow/example_dags/example_display_name.py for tasks to queue
[2025-04-18T16:30:15.297+0000] {logging_mixin.py:190} INFO - [2025-04-18T16:30:15.297+0000] {dagbag.py:588} INFO - Filling up the DagBag from /home/airflow/.local/lib/python3.12/site-packages/airflow/example_dags/example_display_name.py
[2025-04-18T16:30:15.314+0000] {processor.py:925} INFO - DAG(s) 'example_display_name' retrieved from /home/airflow/.local/lib/python3.12/site-packages/airflow/example_dags/example_display_name.py
[2025-04-18T16:30:15.347+0000] {logging_mixin.py:190} INFO - [2025-04-18T16:30:15.346+0000] {dag.py:3239} INFO - Sync 1 DAGs
[2025-04-18T16:30:15.365+0000] {logging_mixin.py:190} INFO - [2025-04-18T16:30:15.365+0000] {dag.py:4180} INFO - Setting next_dagrun for example_display_name to None, run_after=None
[2025-04-18T16:30:15.401+0000] {processor.py:208} INFO - Processing /home/airflow/.local/lib/python3.12/site-packages/airflow/example_dags/example_display_name.py took 0.117 seconds
[2025-04-18T16:30:45.705+0000] {processor.py:186} INFO - Started process (PID=195) to work on /home/airflow/.local/lib/python3.12/site-packages/airflow/example_dags/example_display_name.py
[2025-04-18T16:30:45.707+0000] {processor.py:914} INFO - Processing file /home/airflow/.local/lib/python3.12/site-packages/airflow/example_dags/example_display_name.py for tasks to queue
[2025-04-18T16:30:45.711+0000] {logging_mixin.py:190} INFO - [2025-04-18T16:30:45.710+0000] {dagbag.py:588} INFO - Filling up the DagBag from /home/airflow/.local/lib/python3.12/site-packages/airflow/example_dags/example_display_name.py
[2025-04-18T16:30:45.722+0000] {processor.py:925} INFO - DAG(s) 'example_display_name' retrieved from /home/airflow/.local/lib/python3.12/site-packages/airflow/example_dags/example_display_name.py
[2025-04-18T16:30:45.738+0000] {logging_mixin.py:190} INFO - [2025-04-18T16:30:45.738+0000] {dag.py:3239} INFO - Sync 1 DAGs
[2025-04-18T16:30:45.755+0000] {logging_mixin.py:190} INFO - [2025-04-18T16:30:45.755+0000] {dag.py:4180} INFO - Setting next_dagrun for example_display_name to None, run_after=None
[2025-04-18T16:30:45.774+0000] {processor.py:208} INFO - Processing /home/airflow/.local/lib/python3.12/site-packages/airflow/example_dags/example_display_name.py took 0.075 seconds
