[2025-04-18T16:29:53.966+0000] {processor.py:186} INFO - Started process (PID=119) to work on /home/airflow/.local/lib/python3.12/site-packages/airflow/example_dags/example_bash_operator.py
[2025-04-18T16:29:53.967+0000] {processor.py:914} INFO - Processing file /home/airflow/.local/lib/python3.12/site-packages/airflow/example_dags/example_bash_operator.py for tasks to queue
[2025-04-18T16:29:53.970+0000] {logging_mixin.py:190} INFO - [2025-04-18T16:29:53.970+0000] {dagbag.py:588} INFO - Filling up the DagBag from /home/airflow/.local/lib/python3.12/site-packages/airflow/example_dags/example_bash_operator.py
[2025-04-18T16:29:53.986+0000] {processor.py:925} INFO - DAG(s) 'example_bash_operator' retrieved from /home/airflow/.local/lib/python3.12/site-packages/airflow/example_dags/example_bash_operator.py
[2025-04-18T16:29:54.105+0000] {logging_mixin.py:190} INFO - [2025-04-18T16:29:54.104+0000] {override.py:1912} INFO - Created Permission View: can read on DAG:example_bash_operator
[2025-04-18T16:29:54.116+0000] {logging_mixin.py:190} INFO - [2025-04-18T16:29:54.115+0000] {override.py:1912} INFO - Created Permission View: can edit on DAG:example_bash_operator
[2025-04-18T16:29:54.123+0000] {logging_mixin.py:190} INFO - [2025-04-18T16:29:54.123+0000] {override.py:1912} INFO - Created Permission View: can delete on DAG:example_bash_operator
[2025-04-18T16:29:54.136+0000] {logging_mixin.py:190} INFO - [2025-04-18T16:29:54.135+0000] {override.py:1912} INFO - Created Permission View: can delete on DAG Run:example_bash_operator
[2025-04-18T16:29:54.144+0000] {logging_mixin.py:190} INFO - [2025-04-18T16:29:54.143+0000] {override.py:1912} INFO - Created Permission View: can read on DAG Run:example_bash_operator
[2025-04-18T16:29:54.151+0000] {logging_mixin.py:190} INFO - [2025-04-18T16:29:54.151+0000] {override.py:1912} INFO - Created Permission View: menu access on DAG Run:example_bash_operator
[2025-04-18T16:29:54.160+0000] {logging_mixin.py:190} INFO - [2025-04-18T16:29:54.159+0000] {override.py:1912} INFO - Created Permission View: can create on DAG Run:example_bash_operator
[2025-04-18T16:29:54.161+0000] {logging_mixin.py:190} INFO - [2025-04-18T16:29:54.161+0000] {dag.py:3239} INFO - Sync 1 DAGs
[2025-04-18T16:29:54.178+0000] {logging_mixin.py:190} INFO - [2025-04-18T16:29:54.177+0000] {dag.py:3262} INFO - Creating ORM DAG for example_bash_operator
[2025-04-18T16:29:54.189+0000] {logging_mixin.py:190} INFO - [2025-04-18T16:29:54.189+0000] {dag.py:4180} INFO - Setting next_dagrun for example_bash_operator to 2025-04-17 00:00:00+00:00, run_after=2025-04-18 00:00:00+00:00
[2025-04-18T16:29:54.214+0000] {processor.py:208} INFO - Processing /home/airflow/.local/lib/python3.12/site-packages/airflow/example_dags/example_bash_operator.py took 0.257 seconds
[2025-04-18T16:30:24.732+0000] {processor.py:186} INFO - Started process (PID=182) to work on /home/airflow/.local/lib/python3.12/site-packages/airflow/example_dags/example_bash_operator.py
[2025-04-18T16:30:24.733+0000] {processor.py:914} INFO - Processing file /home/airflow/.local/lib/python3.12/site-packages/airflow/example_dags/example_bash_operator.py for tasks to queue
[2025-04-18T16:30:24.739+0000] {logging_mixin.py:190} INFO - [2025-04-18T16:30:24.737+0000] {dagbag.py:588} INFO - Filling up the DagBag from /home/airflow/.local/lib/python3.12/site-packages/airflow/example_dags/example_bash_operator.py
[2025-04-18T16:30:24.757+0000] {processor.py:925} INFO - DAG(s) 'example_bash_operator' retrieved from /home/airflow/.local/lib/python3.12/site-packages/airflow/example_dags/example_bash_operator.py
[2025-04-18T16:30:24.796+0000] {logging_mixin.py:190} INFO - [2025-04-18T16:30:24.796+0000] {dag.py:3239} INFO - Sync 1 DAGs
[2025-04-18T16:30:24.831+0000] {logging_mixin.py:190} INFO - [2025-04-18T16:30:24.831+0000] {dag.py:4180} INFO - Setting next_dagrun for example_bash_operator to 2025-04-17 00:00:00+00:00, run_after=2025-04-18 00:00:00+00:00
[2025-04-18T16:30:24.861+0000] {processor.py:208} INFO - Processing /home/airflow/.local/lib/python3.12/site-packages/airflow/example_dags/example_bash_operator.py took 0.134 seconds
[2025-04-18T16:30:55.620+0000] {processor.py:186} INFO - Started process (PID=245) to work on /home/airflow/.local/lib/python3.12/site-packages/airflow/example_dags/example_bash_operator.py
[2025-04-18T16:30:55.622+0000] {processor.py:914} INFO - Processing file /home/airflow/.local/lib/python3.12/site-packages/airflow/example_dags/example_bash_operator.py for tasks to queue
[2025-04-18T16:30:55.625+0000] {logging_mixin.py:190} INFO - [2025-04-18T16:30:55.625+0000] {dagbag.py:588} INFO - Filling up the DagBag from /home/airflow/.local/lib/python3.12/site-packages/airflow/example_dags/example_bash_operator.py
[2025-04-18T16:30:55.640+0000] {processor.py:925} INFO - DAG(s) 'example_bash_operator' retrieved from /home/airflow/.local/lib/python3.12/site-packages/airflow/example_dags/example_bash_operator.py
[2025-04-18T16:30:55.675+0000] {logging_mixin.py:190} INFO - [2025-04-18T16:30:55.674+0000] {dag.py:3239} INFO - Sync 1 DAGs
[2025-04-18T16:30:55.704+0000] {logging_mixin.py:190} INFO - [2025-04-18T16:30:55.704+0000] {dag.py:4180} INFO - Setting next_dagrun for example_bash_operator to 2025-04-17 00:00:00+00:00, run_after=2025-04-18 00:00:00+00:00
[2025-04-18T16:30:55.742+0000] {processor.py:208} INFO - Processing /home/airflow/.local/lib/python3.12/site-packages/airflow/example_dags/example_bash_operator.py took 0.129 seconds
