[2025-04-18T16:29:52.980+0000] {processor.py:186} INFO - Started process (PID=115) to work on /home/airflow/.local/lib/python3.12/site-packages/airflow/example_dags/example_branch_datetime_operator.py
[2025-04-18T16:29:52.981+0000] {processor.py:914} INFO - Processing file /home/airflow/.local/lib/python3.12/site-packages/airflow/example_dags/example_branch_datetime_operator.py for tasks to queue
[2025-04-18T16:29:52.984+0000] {logging_mixin.py:190} INFO - [2025-04-18T16:29:52.984+0000] {dagbag.py:588} INFO - Filling up the DagBag from /home/airflow/.local/lib/python3.12/site-packages/airflow/example_dags/example_branch_datetime_operator.py
[2025-04-18T16:29:53.005+0000] {processor.py:925} INFO - DAG(s) 'example_branch_datetime_operator', 'example_branch_datetime_operator_3', 'example_branch_datetime_operator_2' retrieved from /home/airflow/.local/lib/python3.12/site-packages/airflow/example_dags/example_branch_datetime_operator.py
[2025-04-18T16:29:53.155+0000] {logging_mixin.py:190} INFO - [2025-04-18T16:29:53.154+0000] {override.py:1912} INFO - Created Permission View: can read on DAG:example_branch_datetime_operator
[2025-04-18T16:29:53.168+0000] {logging_mixin.py:190} INFO - [2025-04-18T16:29:53.167+0000] {override.py:1912} INFO - Created Permission View: can edit on DAG:example_branch_datetime_operator
[2025-04-18T16:29:53.183+0000] {logging_mixin.py:190} INFO - [2025-04-18T16:29:53.182+0000] {override.py:1912} INFO - Created Permission View: can delete on DAG:example_branch_datetime_operator
[2025-04-18T16:29:53.194+0000] {logging_mixin.py:190} INFO - [2025-04-18T16:29:53.194+0000] {override.py:1912} INFO - Created Permission View: can delete on DAG Run:example_branch_datetime_operator
[2025-04-18T16:29:53.203+0000] {logging_mixin.py:190} INFO - [2025-04-18T16:29:53.202+0000] {override.py:1912} INFO - Created Permission View: can read on DAG Run:example_branch_datetime_operator
[2025-04-18T16:29:53.215+0000] {logging_mixin.py:190} INFO - [2025-04-18T16:29:53.214+0000] {override.py:1912} INFO - Created Permission View: menu access on DAG Run:example_branch_datetime_operator
[2025-04-18T16:29:53.224+0000] {logging_mixin.py:190} INFO - [2025-04-18T16:29:53.223+0000] {override.py:1912} INFO - Created Permission View: can create on DAG Run:example_branch_datetime_operator
[2025-04-18T16:29:53.246+0000] {logging_mixin.py:190} INFO - [2025-04-18T16:29:53.245+0000] {override.py:1912} INFO - Created Permission View: can read on DAG:example_branch_datetime_operator_3
[2025-04-18T16:29:53.259+0000] {logging_mixin.py:190} INFO - [2025-04-18T16:29:53.258+0000] {override.py:1912} INFO - Created Permission View: can edit on DAG:example_branch_datetime_operator_3
[2025-04-18T16:29:53.271+0000] {logging_mixin.py:190} INFO - [2025-04-18T16:29:53.270+0000] {override.py:1912} INFO - Created Permission View: can delete on DAG:example_branch_datetime_operator_3
[2025-04-18T16:29:53.286+0000] {logging_mixin.py:190} INFO - [2025-04-18T16:29:53.285+0000] {override.py:1912} INFO - Created Permission View: can delete on DAG Run:example_branch_datetime_operator_3
[2025-04-18T16:29:53.296+0000] {logging_mixin.py:190} INFO - [2025-04-18T16:29:53.296+0000] {override.py:1912} INFO - Created Permission View: can read on DAG Run:example_branch_datetime_operator_3
[2025-04-18T16:29:53.305+0000] {logging_mixin.py:190} INFO - [2025-04-18T16:29:53.305+0000] {override.py:1912} INFO - Created Permission View: menu access on DAG Run:example_branch_datetime_operator_3
[2025-04-18T16:29:53.317+0000] {logging_mixin.py:190} INFO - [2025-04-18T16:29:53.316+0000] {override.py:1912} INFO - Created Permission View: can create on DAG Run:example_branch_datetime_operator_3
[2025-04-18T16:29:53.337+0000] {logging_mixin.py:190} INFO - [2025-04-18T16:29:53.336+0000] {override.py:1912} INFO - Created Permission View: can read on DAG:example_branch_datetime_operator_2
[2025-04-18T16:29:53.350+0000] {logging_mixin.py:190} INFO - [2025-04-18T16:29:53.349+0000] {override.py:1912} INFO - Created Permission View: can edit on DAG:example_branch_datetime_operator_2
[2025-04-18T16:29:53.360+0000] {logging_mixin.py:190} INFO - [2025-04-18T16:29:53.360+0000] {override.py:1912} INFO - Created Permission View: can delete on DAG:example_branch_datetime_operator_2
[2025-04-18T16:29:53.371+0000] {logging_mixin.py:190} INFO - [2025-04-18T16:29:53.371+0000] {override.py:1912} INFO - Created Permission View: can delete on DAG Run:example_branch_datetime_operator_2
[2025-04-18T16:29:53.388+0000] {logging_mixin.py:190} INFO - [2025-04-18T16:29:53.387+0000] {override.py:1912} INFO - Created Permission View: can read on DAG Run:example_branch_datetime_operator_2
[2025-04-18T16:29:53.398+0000] {logging_mixin.py:190} INFO - [2025-04-18T16:29:53.397+0000] {override.py:1912} INFO - Created Permission View: menu access on DAG Run:example_branch_datetime_operator_2
[2025-04-18T16:29:53.407+0000] {logging_mixin.py:190} INFO - [2025-04-18T16:29:53.406+0000] {override.py:1912} INFO - Created Permission View: can create on DAG Run:example_branch_datetime_operator_2
[2025-04-18T16:29:53.408+0000] {logging_mixin.py:190} INFO - [2025-04-18T16:29:53.407+0000] {dag.py:3239} INFO - Sync 3 DAGs
[2025-04-18T16:29:53.429+0000] {logging_mixin.py:190} INFO - [2025-04-18T16:29:53.429+0000] {dag.py:3262} INFO - Creating ORM DAG for example_branch_datetime_operator_2
[2025-04-18T16:29:53.430+0000] {logging_mixin.py:190} INFO - [2025-04-18T16:29:53.430+0000] {dag.py:3262} INFO - Creating ORM DAG for example_branch_datetime_operator_3
[2025-04-18T16:29:53.431+0000] {logging_mixin.py:190} INFO - [2025-04-18T16:29:53.431+0000] {dag.py:3262} INFO - Creating ORM DAG for example_branch_datetime_operator
[2025-04-18T16:29:53.445+0000] {logging_mixin.py:190} INFO - [2025-04-18T16:29:53.445+0000] {dag.py:4180} INFO - Setting next_dagrun for example_branch_datetime_operator to 2025-04-17 00:00:00+00:00, run_after=2025-04-18 00:00:00+00:00
[2025-04-18T16:29:53.450+0000] {logging_mixin.py:190} INFO - [2025-04-18T16:29:53.450+0000] {dag.py:4180} INFO - Setting next_dagrun for example_branch_datetime_operator_2 to 2025-04-17 00:00:00+00:00, run_after=2025-04-18 00:00:00+00:00
[2025-04-18T16:29:53.453+0000] {logging_mixin.py:190} INFO - [2025-04-18T16:29:53.452+0000] {dag.py:4180} INFO - Setting next_dagrun for example_branch_datetime_operator_3 to 2025-04-17 00:00:00+00:00, run_after=2025-04-18 00:00:00+00:00
[2025-04-18T16:29:53.478+0000] {processor.py:208} INFO - Processing /home/airflow/.local/lib/python3.12/site-packages/airflow/example_dags/example_branch_datetime_operator.py took 0.504 seconds
[2025-04-18T16:30:23.630+0000] {processor.py:186} INFO - Started process (PID=177) to work on /home/airflow/.local/lib/python3.12/site-packages/airflow/example_dags/example_branch_datetime_operator.py
[2025-04-18T16:30:23.632+0000] {processor.py:914} INFO - Processing file /home/airflow/.local/lib/python3.12/site-packages/airflow/example_dags/example_branch_datetime_operator.py for tasks to queue
[2025-04-18T16:30:23.636+0000] {logging_mixin.py:190} INFO - [2025-04-18T16:30:23.635+0000] {dagbag.py:588} INFO - Filling up the DagBag from /home/airflow/.local/lib/python3.12/site-packages/airflow/example_dags/example_branch_datetime_operator.py
[2025-04-18T16:30:23.646+0000] {processor.py:925} INFO - DAG(s) 'example_branch_datetime_operator_2', 'example_branch_datetime_operator_3', 'example_branch_datetime_operator' retrieved from /home/airflow/.local/lib/python3.12/site-packages/airflow/example_dags/example_branch_datetime_operator.py
[2025-04-18T16:30:23.676+0000] {logging_mixin.py:190} INFO - [2025-04-18T16:30:23.676+0000] {dag.py:3239} INFO - Sync 3 DAGs
[2025-04-18T16:30:23.703+0000] {logging_mixin.py:190} INFO - [2025-04-18T16:30:23.703+0000] {dag.py:4180} INFO - Setting next_dagrun for example_branch_datetime_operator to 2025-04-17 00:00:00+00:00, run_after=2025-04-18 00:00:00+00:00
[2025-04-18T16:30:23.712+0000] {logging_mixin.py:190} INFO - [2025-04-18T16:30:23.712+0000] {dag.py:4180} INFO - Setting next_dagrun for example_branch_datetime_operator_2 to 2025-04-17 00:00:00+00:00, run_after=2025-04-18 00:00:00+00:00
[2025-04-18T16:30:23.715+0000] {logging_mixin.py:190} INFO - [2025-04-18T16:30:23.715+0000] {dag.py:4180} INFO - Setting next_dagrun for example_branch_datetime_operator_3 to 2025-04-17 00:00:00+00:00, run_after=2025-04-18 00:00:00+00:00
[2025-04-18T16:30:23.734+0000] {processor.py:208} INFO - Processing /home/airflow/.local/lib/python3.12/site-packages/airflow/example_dags/example_branch_datetime_operator.py took 0.108 seconds
[2025-04-18T16:30:54.056+0000] {processor.py:186} INFO - Started process (PID=240) to work on /home/airflow/.local/lib/python3.12/site-packages/airflow/example_dags/example_branch_datetime_operator.py
[2025-04-18T16:30:54.057+0000] {processor.py:914} INFO - Processing file /home/airflow/.local/lib/python3.12/site-packages/airflow/example_dags/example_branch_datetime_operator.py for tasks to queue
[2025-04-18T16:30:54.060+0000] {logging_mixin.py:190} INFO - [2025-04-18T16:30:54.060+0000] {dagbag.py:588} INFO - Filling up the DagBag from /home/airflow/.local/lib/python3.12/site-packages/airflow/example_dags/example_branch_datetime_operator.py
[2025-04-18T16:30:54.074+0000] {processor.py:925} INFO - DAG(s) 'example_branch_datetime_operator', 'example_branch_datetime_operator_2', 'example_branch_datetime_operator_3' retrieved from /home/airflow/.local/lib/python3.12/site-packages/airflow/example_dags/example_branch_datetime_operator.py
[2025-04-18T16:30:54.103+0000] {logging_mixin.py:190} INFO - [2025-04-18T16:30:54.103+0000] {dag.py:3239} INFO - Sync 3 DAGs
[2025-04-18T16:30:54.127+0000] {logging_mixin.py:190} INFO - [2025-04-18T16:30:54.127+0000] {dag.py:4180} INFO - Setting next_dagrun for example_branch_datetime_operator to 2025-04-17 00:00:00+00:00, run_after=2025-04-18 00:00:00+00:00
[2025-04-18T16:30:54.135+0000] {logging_mixin.py:190} INFO - [2025-04-18T16:30:54.135+0000] {dag.py:4180} INFO - Setting next_dagrun for example_branch_datetime_operator_2 to 2025-04-17 00:00:00+00:00, run_after=2025-04-18 00:00:00+00:00
[2025-04-18T16:30:54.138+0000] {logging_mixin.py:190} INFO - [2025-04-18T16:30:54.138+0000] {dag.py:4180} INFO - Setting next_dagrun for example_branch_datetime_operator_3 to 2025-04-17 00:00:00+00:00, run_after=2025-04-18 00:00:00+00:00
[2025-04-18T16:30:54.154+0000] {processor.py:208} INFO - Processing /home/airflow/.local/lib/python3.12/site-packages/airflow/example_dags/example_branch_datetime_operator.py took 0.103 seconds
