[2025-04-18T16:29:46.984+0000] {processor.py:186} INFO - Started process (PID=81) to work on /home/airflow/.local/lib/python3.12/site-packages/airflow/example_dags/example_dag_decorator.py
[2025-04-18T16:29:46.985+0000] {processor.py:914} INFO - Processing file /home/airflow/.local/lib/python3.12/site-packages/airflow/example_dags/example_dag_decorator.py for tasks to queue
[2025-04-18T16:29:46.987+0000] {logging_mixin.py:190} INFO - [2025-04-18T16:29:46.987+0000] {dagbag.py:588} INFO - Filling up the DagBag from /home/airflow/.local/lib/python3.12/site-packages/airflow/example_dags/example_dag_decorator.py
[2025-04-18T16:29:47.452+0000] {processor.py:925} INFO - DAG(s) 'example_dag_decorator' retrieved from /home/airflow/.local/lib/python3.12/site-packages/airflow/example_dags/example_dag_decorator.py
[2025-04-18T16:29:47.574+0000] {logging_mixin.py:190} INFO - [2025-04-18T16:29:47.573+0000] {override.py:1912} INFO - Created Permission View: can read on DAG:example_dag_decorator
[2025-04-18T16:29:47.586+0000] {logging_mixin.py:190} INFO - [2025-04-18T16:29:47.586+0000] {override.py:1912} INFO - Created Permission View: can edit on DAG:example_dag_decorator
[2025-04-18T16:29:47.593+0000] {logging_mixin.py:190} INFO - [2025-04-18T16:29:47.593+0000] {override.py:1912} INFO - Created Permission View: can delete on DAG:example_dag_decorator
[2025-04-18T16:29:47.602+0000] {logging_mixin.py:190} INFO - [2025-04-18T16:29:47.602+0000] {override.py:1912} INFO - Created Permission View: can delete on DAG Run:example_dag_decorator
[2025-04-18T16:29:47.612+0000] {logging_mixin.py:190} INFO - [2025-04-18T16:29:47.612+0000] {override.py:1912} INFO - Created Permission View: can read on DAG Run:example_dag_decorator
[2025-04-18T16:29:47.622+0000] {logging_mixin.py:190} INFO - [2025-04-18T16:29:47.621+0000] {override.py:1912} INFO - Created Permission View: menu access on DAG Run:example_dag_decorator
[2025-04-18T16:29:47.633+0000] {logging_mixin.py:190} INFO - [2025-04-18T16:29:47.633+0000] {override.py:1912} INFO - Created Permission View: can create on DAG Run:example_dag_decorator
[2025-04-18T16:29:47.634+0000] {logging_mixin.py:190} INFO - [2025-04-18T16:29:47.634+0000] {dag.py:3239} INFO - Sync 1 DAGs
[2025-04-18T16:29:47.651+0000] {logging_mixin.py:190} INFO - [2025-04-18T16:29:47.650+0000] {dag.py:3262} INFO - Creating ORM DAG for example_dag_decorator
[2025-04-18T16:29:47.652+0000] {logging_mixin.py:190} INFO - [2025-04-18T16:29:47.652+0000] {dag.py:4180} INFO - Setting next_dagrun for example_dag_decorator to None, run_after=None
[2025-04-18T16:29:47.670+0000] {processor.py:208} INFO - Processing /home/airflow/.local/lib/python3.12/site-packages/airflow/example_dags/example_dag_decorator.py took 0.692 seconds
[2025-04-18T16:30:18.161+0000] {processor.py:186} INFO - Started process (PID=144) to work on /home/airflow/.local/lib/python3.12/site-packages/airflow/example_dags/example_dag_decorator.py
[2025-04-18T16:30:18.162+0000] {processor.py:914} INFO - Processing file /home/airflow/.local/lib/python3.12/site-packages/airflow/example_dags/example_dag_decorator.py for tasks to queue
[2025-04-18T16:30:18.165+0000] {logging_mixin.py:190} INFO - [2025-04-18T16:30:18.164+0000] {dagbag.py:588} INFO - Filling up the DagBag from /home/airflow/.local/lib/python3.12/site-packages/airflow/example_dags/example_dag_decorator.py
[2025-04-18T16:30:18.267+0000] {processor.py:925} INFO - DAG(s) 'example_dag_decorator' retrieved from /home/airflow/.local/lib/python3.12/site-packages/airflow/example_dags/example_dag_decorator.py
[2025-04-18T16:30:18.409+0000] {logging_mixin.py:190} INFO - [2025-04-18T16:30:18.409+0000] {dag.py:3239} INFO - Sync 1 DAGs
[2025-04-18T16:30:18.425+0000] {logging_mixin.py:190} INFO - [2025-04-18T16:30:18.424+0000] {dag.py:4180} INFO - Setting next_dagrun for example_dag_decorator to None, run_after=None
[2025-04-18T16:30:18.454+0000] {processor.py:208} INFO - Processing /home/airflow/.local/lib/python3.12/site-packages/airflow/example_dags/example_dag_decorator.py took 0.300 seconds
[2025-04-18T16:30:48.502+0000] {processor.py:186} INFO - Started process (PID=207) to work on /home/airflow/.local/lib/python3.12/site-packages/airflow/example_dags/example_dag_decorator.py
[2025-04-18T16:30:48.503+0000] {processor.py:914} INFO - Processing file /home/airflow/.local/lib/python3.12/site-packages/airflow/example_dags/example_dag_decorator.py for tasks to queue
[2025-04-18T16:30:48.506+0000] {logging_mixin.py:190} INFO - [2025-04-18T16:30:48.505+0000] {dagbag.py:588} INFO - Filling up the DagBag from /home/airflow/.local/lib/python3.12/site-packages/airflow/example_dags/example_dag_decorator.py
[2025-04-18T16:30:48.606+0000] {processor.py:925} INFO - DAG(s) 'example_dag_decorator' retrieved from /home/airflow/.local/lib/python3.12/site-packages/airflow/example_dags/example_dag_decorator.py
[2025-04-18T16:30:48.724+0000] {logging_mixin.py:190} INFO - [2025-04-18T16:30:48.724+0000] {dag.py:3239} INFO - Sync 1 DAGs
[2025-04-18T16:30:48.738+0000] {logging_mixin.py:190} INFO - [2025-04-18T16:30:48.738+0000] {dag.py:4180} INFO - Setting next_dagrun for example_dag_decorator to None, run_after=None
[2025-04-18T16:30:48.765+0000] {processor.py:208} INFO - Processing /home/airflow/.local/lib/python3.12/site-packages/airflow/example_dags/example_dag_decorator.py took 0.267 seconds
