[2025-04-18T16:29:51.871+0000] {processor.py:186} INFO - Started process (PID=109) to work on /home/airflow/.local/lib/python3.12/site-packages/airflow/example_dags/example_trigger_target_dag.py
[2025-04-18T16:29:51.872+0000] {processor.py:914} INFO - Processing file /home/airflow/.local/lib/python3.12/site-packages/airflow/example_dags/example_trigger_target_dag.py for tasks to queue
[2025-04-18T16:29:51.875+0000] {logging_mixin.py:190} INFO - [2025-04-18T16:29:51.874+0000] {dagbag.py:588} INFO - Filling up the DagBag from /home/airflow/.local/lib/python3.12/site-packages/airflow/example_dags/example_trigger_target_dag.py
[2025-04-18T16:29:51.883+0000] {processor.py:925} INFO - DAG(s) 'example_trigger_target_dag' retrieved from /home/airflow/.local/lib/python3.12/site-packages/airflow/example_dags/example_trigger_target_dag.py
[2025-04-18T16:29:51.990+0000] {logging_mixin.py:190} INFO - [2025-04-18T16:29:51.989+0000] {override.py:1912} INFO - Created Permission View: can read on DAG:example_trigger_target_dag
[2025-04-18T16:29:52.003+0000] {logging_mixin.py:190} INFO - [2025-04-18T16:29:52.002+0000] {override.py:1912} INFO - Created Permission View: can edit on DAG:example_trigger_target_dag
[2025-04-18T16:29:52.010+0000] {logging_mixin.py:190} INFO - [2025-04-18T16:29:52.010+0000] {override.py:1912} INFO - Created Permission View: can delete on DAG:example_trigger_target_dag
[2025-04-18T16:29:52.021+0000] {logging_mixin.py:190} INFO - [2025-04-18T16:29:52.021+0000] {override.py:1912} INFO - Created Permission View: can delete on DAG Run:example_trigger_target_dag
[2025-04-18T16:29:52.028+0000] {logging_mixin.py:190} INFO - [2025-04-18T16:29:52.028+0000] {override.py:1912} INFO - Created Permission View: can read on DAG Run:example_trigger_target_dag
[2025-04-18T16:29:52.036+0000] {logging_mixin.py:190} INFO - [2025-04-18T16:29:52.036+0000] {override.py:1912} INFO - Created Permission View: menu access on DAG Run:example_trigger_target_dag
[2025-04-18T16:29:52.045+0000] {logging_mixin.py:190} INFO - [2025-04-18T16:29:52.044+0000] {override.py:1912} INFO - Created Permission View: can create on DAG Run:example_trigger_target_dag
[2025-04-18T16:29:52.045+0000] {logging_mixin.py:190} INFO - [2025-04-18T16:29:52.045+0000] {dag.py:3239} INFO - Sync 1 DAGs
[2025-04-18T16:29:52.057+0000] {logging_mixin.py:190} INFO - [2025-04-18T16:29:52.057+0000] {dag.py:3262} INFO - Creating ORM DAG for example_trigger_target_dag
[2025-04-18T16:29:52.058+0000] {logging_mixin.py:190} INFO - [2025-04-18T16:29:52.058+0000] {dag.py:4180} INFO - Setting next_dagrun for example_trigger_target_dag to None, run_after=None
[2025-04-18T16:29:52.080+0000] {processor.py:208} INFO - Processing /home/airflow/.local/lib/python3.12/site-packages/airflow/example_dags/example_trigger_target_dag.py took 0.214 seconds
[2025-04-18T16:30:22.277+0000] {processor.py:186} INFO - Started process (PID=172) to work on /home/airflow/.local/lib/python3.12/site-packages/airflow/example_dags/example_trigger_target_dag.py
[2025-04-18T16:30:22.279+0000] {processor.py:914} INFO - Processing file /home/airflow/.local/lib/python3.12/site-packages/airflow/example_dags/example_trigger_target_dag.py for tasks to queue
[2025-04-18T16:30:22.282+0000] {logging_mixin.py:190} INFO - [2025-04-18T16:30:22.281+0000] {dagbag.py:588} INFO - Filling up the DagBag from /home/airflow/.local/lib/python3.12/site-packages/airflow/example_dags/example_trigger_target_dag.py
[2025-04-18T16:30:22.290+0000] {processor.py:925} INFO - DAG(s) 'example_trigger_target_dag' retrieved from /home/airflow/.local/lib/python3.12/site-packages/airflow/example_dags/example_trigger_target_dag.py
[2025-04-18T16:30:22.311+0000] {logging_mixin.py:190} INFO - [2025-04-18T16:30:22.310+0000] {dag.py:3239} INFO - Sync 1 DAGs
[2025-04-18T16:30:22.328+0000] {logging_mixin.py:190} INFO - [2025-04-18T16:30:22.328+0000] {dag.py:4180} INFO - Setting next_dagrun for example_trigger_target_dag to None, run_after=None
[2025-04-18T16:30:22.346+0000] {processor.py:208} INFO - Processing /home/airflow/.local/lib/python3.12/site-packages/airflow/example_dags/example_trigger_target_dag.py took 0.076 seconds
[2025-04-18T16:30:53.704+0000] {processor.py:186} INFO - Started process (PID=235) to work on /home/airflow/.local/lib/python3.12/site-packages/airflow/example_dags/example_trigger_target_dag.py
[2025-04-18T16:30:53.705+0000] {processor.py:914} INFO - Processing file /home/airflow/.local/lib/python3.12/site-packages/airflow/example_dags/example_trigger_target_dag.py for tasks to queue
[2025-04-18T16:30:53.709+0000] {logging_mixin.py:190} INFO - [2025-04-18T16:30:53.708+0000] {dagbag.py:588} INFO - Filling up the DagBag from /home/airflow/.local/lib/python3.12/site-packages/airflow/example_dags/example_trigger_target_dag.py
[2025-04-18T16:30:53.719+0000] {processor.py:925} INFO - DAG(s) 'example_trigger_target_dag' retrieved from /home/airflow/.local/lib/python3.12/site-packages/airflow/example_dags/example_trigger_target_dag.py
[2025-04-18T16:30:53.742+0000] {logging_mixin.py:190} INFO - [2025-04-18T16:30:53.741+0000] {dag.py:3239} INFO - Sync 1 DAGs
[2025-04-18T16:30:53.758+0000] {logging_mixin.py:190} INFO - [2025-04-18T16:30:53.757+0000] {dag.py:4180} INFO - Setting next_dagrun for example_trigger_target_dag to None, run_after=None
[2025-04-18T16:30:53.778+0000] {processor.py:208} INFO - Processing /home/airflow/.local/lib/python3.12/site-packages/airflow/example_dags/example_trigger_target_dag.py took 0.079 seconds
