[2025-04-18T16:29:52.692+0000] {processor.py:186} INFO - Started process (PID=114) to work on /home/airflow/.local/lib/python3.12/site-packages/airflow/example_dags/example_python_decorator.py
[2025-04-18T16:29:52.693+0000] {processor.py:914} INFO - Processing file /home/airflow/.local/lib/python3.12/site-packages/airflow/example_dags/example_python_decorator.py for tasks to queue
[2025-04-18T16:29:52.696+0000] {logging_mixin.py:190} INFO - [2025-04-18T16:29:52.695+0000] {dagbag.py:588} INFO - Filling up the DagBag from /home/airflow/.local/lib/python3.12/site-packages/airflow/example_dags/example_python_decorator.py
[2025-04-18T16:29:52.710+0000] {processor.py:925} INFO - DAG(s) 'example_python_decorator' retrieved from /home/airflow/.local/lib/python3.12/site-packages/airflow/example_dags/example_python_decorator.py
[2025-04-18T16:29:52.826+0000] {logging_mixin.py:190} INFO - [2025-04-18T16:29:52.824+0000] {override.py:1912} INFO - Created Permission View: can read on DAG:example_python_decorator
[2025-04-18T16:29:52.843+0000] {logging_mixin.py:190} INFO - [2025-04-18T16:29:52.843+0000] {override.py:1912} INFO - Created Permission View: can edit on DAG:example_python_decorator
[2025-04-18T16:29:52.852+0000] {logging_mixin.py:190} INFO - [2025-04-18T16:29:52.851+0000] {override.py:1912} INFO - Created Permission View: can delete on DAG:example_python_decorator
[2025-04-18T16:29:52.866+0000] {logging_mixin.py:190} INFO - [2025-04-18T16:29:52.865+0000] {override.py:1912} INFO - Created Permission View: can delete on DAG Run:example_python_decorator
[2025-04-18T16:29:52.874+0000] {logging_mixin.py:190} INFO - [2025-04-18T16:29:52.874+0000] {override.py:1912} INFO - Created Permission View: can read on DAG Run:example_python_decorator
[2025-04-18T16:29:52.883+0000] {logging_mixin.py:190} INFO - [2025-04-18T16:29:52.883+0000] {override.py:1912} INFO - Created Permission View: menu access on DAG Run:example_python_decorator
[2025-04-18T16:29:52.894+0000] {logging_mixin.py:190} INFO - [2025-04-18T16:29:52.893+0000] {override.py:1912} INFO - Created Permission View: can create on DAG Run:example_python_decorator
[2025-04-18T16:29:52.897+0000] {logging_mixin.py:190} INFO - [2025-04-18T16:29:52.896+0000] {dag.py:3239} INFO - Sync 1 DAGs
[2025-04-18T16:29:52.913+0000] {logging_mixin.py:190} INFO - [2025-04-18T16:29:52.912+0000] {dag.py:3262} INFO - Creating ORM DAG for example_python_decorator
[2025-04-18T16:29:52.915+0000] {logging_mixin.py:190} INFO - [2025-04-18T16:29:52.914+0000] {dag.py:4180} INFO - Setting next_dagrun for example_python_decorator to None, run_after=None
[2025-04-18T16:29:52.940+0000] {processor.py:208} INFO - Processing /home/airflow/.local/lib/python3.12/site-packages/airflow/example_dags/example_python_decorator.py took 0.256 seconds
[2025-04-18T16:30:23.532+0000] {processor.py:186} INFO - Started process (PID=176) to work on /home/airflow/.local/lib/python3.12/site-packages/airflow/example_dags/example_python_decorator.py
[2025-04-18T16:30:23.533+0000] {processor.py:914} INFO - Processing file /home/airflow/.local/lib/python3.12/site-packages/airflow/example_dags/example_python_decorator.py for tasks to queue
[2025-04-18T16:30:23.536+0000] {logging_mixin.py:190} INFO - [2025-04-18T16:30:23.535+0000] {dagbag.py:588} INFO - Filling up the DagBag from /home/airflow/.local/lib/python3.12/site-packages/airflow/example_dags/example_python_decorator.py
[2025-04-18T16:30:23.550+0000] {processor.py:925} INFO - DAG(s) 'example_python_decorator' retrieved from /home/airflow/.local/lib/python3.12/site-packages/airflow/example_dags/example_python_decorator.py
[2025-04-18T16:30:23.575+0000] {logging_mixin.py:190} INFO - [2025-04-18T16:30:23.575+0000] {dag.py:3239} INFO - Sync 1 DAGs
[2025-04-18T16:30:23.590+0000] {logging_mixin.py:190} INFO - [2025-04-18T16:30:23.589+0000] {dag.py:4180} INFO - Setting next_dagrun for example_python_decorator to None, run_after=None
[2025-04-18T16:30:23.611+0000] {processor.py:208} INFO - Processing /home/airflow/.local/lib/python3.12/site-packages/airflow/example_dags/example_python_decorator.py took 0.089 seconds
[2025-04-18T16:30:54.049+0000] {processor.py:186} INFO - Started process (PID=239) to work on /home/airflow/.local/lib/python3.12/site-packages/airflow/example_dags/example_python_decorator.py
[2025-04-18T16:30:54.050+0000] {processor.py:914} INFO - Processing file /home/airflow/.local/lib/python3.12/site-packages/airflow/example_dags/example_python_decorator.py for tasks to queue
[2025-04-18T16:30:54.052+0000] {logging_mixin.py:190} INFO - [2025-04-18T16:30:54.052+0000] {dagbag.py:588} INFO - Filling up the DagBag from /home/airflow/.local/lib/python3.12/site-packages/airflow/example_dags/example_python_decorator.py
[2025-04-18T16:30:54.068+0000] {processor.py:925} INFO - DAG(s) 'example_python_decorator' retrieved from /home/airflow/.local/lib/python3.12/site-packages/airflow/example_dags/example_python_decorator.py
[2025-04-18T16:30:54.090+0000] {logging_mixin.py:190} INFO - [2025-04-18T16:30:54.090+0000] {dag.py:3239} INFO - Sync 1 DAGs
[2025-04-18T16:30:54.110+0000] {logging_mixin.py:190} INFO - [2025-04-18T16:30:54.109+0000] {dag.py:4180} INFO - Setting next_dagrun for example_python_decorator to None, run_after=None
[2025-04-18T16:30:54.140+0000] {processor.py:208} INFO - Processing /home/airflow/.local/lib/python3.12/site-packages/airflow/example_dags/example_python_decorator.py took 0.096 seconds
