[2025-04-18T16:29:53.524+0000] {processor.py:186} INFO - Started process (PID=116) to work on /home/airflow/.local/lib/python3.12/site-packages/airflow/example_dags/example_sensor_decorator.py
[2025-04-18T16:29:53.524+0000] {processor.py:914} INFO - Processing file /home/airflow/.local/lib/python3.12/site-packages/airflow/example_dags/example_sensor_decorator.py for tasks to queue
[2025-04-18T16:29:53.527+0000] {logging_mixin.py:190} INFO - [2025-04-18T16:29:53.527+0000] {dagbag.py:588} INFO - Filling up the DagBag from /home/airflow/.local/lib/python3.12/site-packages/airflow/example_dags/example_sensor_decorator.py
[2025-04-18T16:29:53.539+0000] {processor.py:925} INFO - DAG(s) 'example_sensor_decorator' retrieved from /home/airflow/.local/lib/python3.12/site-packages/airflow/example_dags/example_sensor_decorator.py
[2025-04-18T16:29:53.687+0000] {logging_mixin.py:190} INFO - [2025-04-18T16:29:53.687+0000] {override.py:1912} INFO - Created Permission View: can read on DAG:example_sensor_decorator
[2025-04-18T16:29:53.699+0000] {logging_mixin.py:190} INFO - [2025-04-18T16:29:53.698+0000] {override.py:1912} INFO - Created Permission View: can edit on DAG:example_sensor_decorator
[2025-04-18T16:29:53.709+0000] {logging_mixin.py:190} INFO - [2025-04-18T16:29:53.709+0000] {override.py:1912} INFO - Created Permission View: can delete on DAG:example_sensor_decorator
[2025-04-18T16:29:53.723+0000] {logging_mixin.py:190} INFO - [2025-04-18T16:29:53.723+0000] {override.py:1912} INFO - Created Permission View: can delete on DAG Run:example_sensor_decorator
[2025-04-18T16:29:53.733+0000] {logging_mixin.py:190} INFO - [2025-04-18T16:29:53.733+0000] {override.py:1912} INFO - Created Permission View: can read on DAG Run:example_sensor_decorator
[2025-04-18T16:29:53.741+0000] {logging_mixin.py:190} INFO - [2025-04-18T16:29:53.740+0000] {override.py:1912} INFO - Created Permission View: menu access on DAG Run:example_sensor_decorator
[2025-04-18T16:29:53.748+0000] {logging_mixin.py:190} INFO - [2025-04-18T16:29:53.748+0000] {override.py:1912} INFO - Created Permission View: can create on DAG Run:example_sensor_decorator
[2025-04-18T16:29:53.749+0000] {logging_mixin.py:190} INFO - [2025-04-18T16:29:53.749+0000] {dag.py:3239} INFO - Sync 1 DAGs
[2025-04-18T16:29:53.763+0000] {logging_mixin.py:190} INFO - [2025-04-18T16:29:53.763+0000] {dag.py:3262} INFO - Creating ORM DAG for example_sensor_decorator
[2025-04-18T16:29:53.764+0000] {logging_mixin.py:190} INFO - [2025-04-18T16:29:53.764+0000] {dag.py:4180} INFO - Setting next_dagrun for example_sensor_decorator to None, run_after=None
[2025-04-18T16:29:53.781+0000] {processor.py:208} INFO - Processing /home/airflow/.local/lib/python3.12/site-packages/airflow/example_dags/example_sensor_decorator.py took 0.271 seconds
[2025-04-18T16:30:24.591+0000] {processor.py:186} INFO - Started process (PID=179) to work on /home/airflow/.local/lib/python3.12/site-packages/airflow/example_dags/example_sensor_decorator.py
[2025-04-18T16:30:24.592+0000] {processor.py:914} INFO - Processing file /home/airflow/.local/lib/python3.12/site-packages/airflow/example_dags/example_sensor_decorator.py for tasks to queue
[2025-04-18T16:30:24.594+0000] {logging_mixin.py:190} INFO - [2025-04-18T16:30:24.594+0000] {dagbag.py:588} INFO - Filling up the DagBag from /home/airflow/.local/lib/python3.12/site-packages/airflow/example_dags/example_sensor_decorator.py
[2025-04-18T16:30:24.606+0000] {processor.py:925} INFO - DAG(s) 'example_sensor_decorator' retrieved from /home/airflow/.local/lib/python3.12/site-packages/airflow/example_dags/example_sensor_decorator.py
[2025-04-18T16:30:24.624+0000] {logging_mixin.py:190} INFO - [2025-04-18T16:30:24.624+0000] {dag.py:3239} INFO - Sync 1 DAGs
[2025-04-18T16:30:24.639+0000] {logging_mixin.py:190} INFO - [2025-04-18T16:30:24.638+0000] {dag.py:4180} INFO - Setting next_dagrun for example_sensor_decorator to None, run_after=None
[2025-04-18T16:30:24.655+0000] {processor.py:208} INFO - Processing /home/airflow/.local/lib/python3.12/site-packages/airflow/example_dags/example_sensor_decorator.py took 0.070 seconds
[2025-04-18T16:30:55.200+0000] {processor.py:186} INFO - Started process (PID=242) to work on /home/airflow/.local/lib/python3.12/site-packages/airflow/example_dags/example_sensor_decorator.py
[2025-04-18T16:30:55.202+0000] {processor.py:914} INFO - Processing file /home/airflow/.local/lib/python3.12/site-packages/airflow/example_dags/example_sensor_decorator.py for tasks to queue
[2025-04-18T16:30:55.206+0000] {logging_mixin.py:190} INFO - [2025-04-18T16:30:55.205+0000] {dagbag.py:588} INFO - Filling up the DagBag from /home/airflow/.local/lib/python3.12/site-packages/airflow/example_dags/example_sensor_decorator.py
[2025-04-18T16:30:55.219+0000] {processor.py:925} INFO - DAG(s) 'example_sensor_decorator' retrieved from /home/airflow/.local/lib/python3.12/site-packages/airflow/example_dags/example_sensor_decorator.py
[2025-04-18T16:30:55.245+0000] {logging_mixin.py:190} INFO - [2025-04-18T16:30:55.245+0000] {dag.py:3239} INFO - Sync 1 DAGs
[2025-04-18T16:30:55.265+0000] {logging_mixin.py:190} INFO - [2025-04-18T16:30:55.265+0000] {dag.py:4180} INFO - Setting next_dagrun for example_sensor_decorator to None, run_after=None
[2025-04-18T16:30:55.299+0000] {processor.py:208} INFO - Processing /home/airflow/.local/lib/python3.12/site-packages/airflow/example_dags/example_sensor_decorator.py took 0.107 seconds
