[2025-04-18T16:29:47.636+0000] {processor.py:186} INFO - Started process (PID=84) to work on /home/airflow/.local/lib/python3.12/site-packages/airflow/example_dags/example_time_delta_sensor_async.py
[2025-04-18T16:29:47.637+0000] {processor.py:914} INFO - Processing file /home/airflow/.local/lib/python3.12/site-packages/airflow/example_dags/example_time_delta_sensor_async.py for tasks to queue
[2025-04-18T16:29:47.639+0000] {logging_mixin.py:190} INFO - [2025-04-18T16:29:47.639+0000] {dagbag.py:588} INFO - Filling up the DagBag from /home/airflow/.local/lib/python3.12/site-packages/airflow/example_dags/example_time_delta_sensor_async.py
[2025-04-18T16:29:47.651+0000] {processor.py:925} INFO - DAG(s) 'example_time_delta_sensor_async' retrieved from /home/airflow/.local/lib/python3.12/site-packages/airflow/example_dags/example_time_delta_sensor_async.py
[2025-04-18T16:29:47.764+0000] {logging_mixin.py:190} INFO - [2025-04-18T16:29:47.764+0000] {override.py:1912} INFO - Created Permission View: can read on DAG:example_time_delta_sensor_async
[2025-04-18T16:29:47.775+0000] {logging_mixin.py:190} INFO - [2025-04-18T16:29:47.774+0000] {override.py:1912} INFO - Created Permission View: can edit on DAG:example_time_delta_sensor_async
[2025-04-18T16:29:47.782+0000] {logging_mixin.py:190} INFO - [2025-04-18T16:29:47.782+0000] {override.py:1912} INFO - Created Permission View: can delete on DAG:example_time_delta_sensor_async
[2025-04-18T16:29:47.793+0000] {logging_mixin.py:190} INFO - [2025-04-18T16:29:47.793+0000] {override.py:1912} INFO - Created Permission View: can delete on DAG Run:example_time_delta_sensor_async
[2025-04-18T16:29:47.800+0000] {logging_mixin.py:190} INFO - [2025-04-18T16:29:47.800+0000] {override.py:1912} INFO - Created Permission View: can read on DAG Run:example_time_delta_sensor_async
[2025-04-18T16:29:47.807+0000] {logging_mixin.py:190} INFO - [2025-04-18T16:29:47.807+0000] {override.py:1912} INFO - Created Permission View: menu access on DAG Run:example_time_delta_sensor_async
[2025-04-18T16:29:47.815+0000] {logging_mixin.py:190} INFO - [2025-04-18T16:29:47.815+0000] {override.py:1912} INFO - Created Permission View: can create on DAG Run:example_time_delta_sensor_async
[2025-04-18T16:29:47.816+0000] {logging_mixin.py:190} INFO - [2025-04-18T16:29:47.816+0000] {dag.py:3239} INFO - Sync 1 DAGs
[2025-04-18T16:29:47.832+0000] {logging_mixin.py:190} INFO - [2025-04-18T16:29:47.832+0000] {dag.py:3262} INFO - Creating ORM DAG for example_time_delta_sensor_async
[2025-04-18T16:29:47.833+0000] {logging_mixin.py:190} INFO - [2025-04-18T16:29:47.833+0000] {dag.py:4180} INFO - Setting next_dagrun for example_time_delta_sensor_async to None, run_after=None
[2025-04-18T16:29:47.848+0000] {processor.py:208} INFO - Processing /home/airflow/.local/lib/python3.12/site-packages/airflow/example_dags/example_time_delta_sensor_async.py took 0.219 seconds
[2025-04-18T16:30:18.491+0000] {processor.py:186} INFO - Started process (PID=147) to work on /home/airflow/.local/lib/python3.12/site-packages/airflow/example_dags/example_time_delta_sensor_async.py
[2025-04-18T16:30:18.493+0000] {processor.py:914} INFO - Processing file /home/airflow/.local/lib/python3.12/site-packages/airflow/example_dags/example_time_delta_sensor_async.py for tasks to queue
[2025-04-18T16:30:18.495+0000] {logging_mixin.py:190} INFO - [2025-04-18T16:30:18.495+0000] {dagbag.py:588} INFO - Filling up the DagBag from /home/airflow/.local/lib/python3.12/site-packages/airflow/example_dags/example_time_delta_sensor_async.py
[2025-04-18T16:30:18.506+0000] {processor.py:925} INFO - DAG(s) 'example_time_delta_sensor_async' retrieved from /home/airflow/.local/lib/python3.12/site-packages/airflow/example_dags/example_time_delta_sensor_async.py
[2025-04-18T16:30:18.524+0000] {logging_mixin.py:190} INFO - [2025-04-18T16:30:18.524+0000] {dag.py:3239} INFO - Sync 1 DAGs
[2025-04-18T16:30:18.541+0000] {logging_mixin.py:190} INFO - [2025-04-18T16:30:18.541+0000] {dag.py:4180} INFO - Setting next_dagrun for example_time_delta_sensor_async to None, run_after=None
[2025-04-18T16:30:18.559+0000] {processor.py:208} INFO - Processing /home/airflow/.local/lib/python3.12/site-packages/airflow/example_dags/example_time_delta_sensor_async.py took 0.074 seconds
[2025-04-18T16:30:48.790+0000] {processor.py:186} INFO - Started process (PID=210) to work on /home/airflow/.local/lib/python3.12/site-packages/airflow/example_dags/example_time_delta_sensor_async.py
[2025-04-18T16:30:48.792+0000] {processor.py:914} INFO - Processing file /home/airflow/.local/lib/python3.12/site-packages/airflow/example_dags/example_time_delta_sensor_async.py for tasks to queue
[2025-04-18T16:30:48.794+0000] {logging_mixin.py:190} INFO - [2025-04-18T16:30:48.794+0000] {dagbag.py:588} INFO - Filling up the DagBag from /home/airflow/.local/lib/python3.12/site-packages/airflow/example_dags/example_time_delta_sensor_async.py
[2025-04-18T16:30:48.801+0000] {processor.py:925} INFO - DAG(s) 'example_time_delta_sensor_async' retrieved from /home/airflow/.local/lib/python3.12/site-packages/airflow/example_dags/example_time_delta_sensor_async.py
[2025-04-18T16:30:48.819+0000] {logging_mixin.py:190} INFO - [2025-04-18T16:30:48.818+0000] {dag.py:3239} INFO - Sync 1 DAGs
[2025-04-18T16:30:48.834+0000] {logging_mixin.py:190} INFO - [2025-04-18T16:30:48.834+0000] {dag.py:4180} INFO - Setting next_dagrun for example_time_delta_sensor_async to None, run_after=None
[2025-04-18T16:30:48.852+0000] {processor.py:208} INFO - Processing /home/airflow/.local/lib/python3.12/site-packages/airflow/example_dags/example_time_delta_sensor_async.py took 0.069 seconds
