[2025-04-18T16:29:47.323+0000] {processor.py:186} INFO - Started process (PID=83) to work on /home/airflow/.local/lib/python3.12/site-packages/airflow/example_dags/example_branch_operator_decorator.py
[2025-04-18T16:29:47.324+0000] {processor.py:914} INFO - Processing file /home/airflow/.local/lib/python3.12/site-packages/airflow/example_dags/example_branch_operator_decorator.py for tasks to queue
[2025-04-18T16:29:47.328+0000] {logging_mixin.py:190} INFO - [2025-04-18T16:29:47.327+0000] {dagbag.py:588} INFO - Filling up the DagBag from /home/airflow/.local/lib/python3.12/site-packages/airflow/example_dags/example_branch_operator_decorator.py
[2025-04-18T16:29:47.355+0000] {processor.py:925} INFO - DAG(s) 'example_branch_python_operator_decorator' retrieved from /home/airflow/.local/lib/python3.12/site-packages/airflow/example_dags/example_branch_operator_decorator.py
[2025-04-18T16:29:47.490+0000] {logging_mixin.py:190} INFO - [2025-04-18T16:29:47.489+0000] {override.py:1912} INFO - Created Permission View: can read on DAG:example_branch_python_operator_decorator
[2025-04-18T16:29:47.504+0000] {logging_mixin.py:190} INFO - [2025-04-18T16:29:47.503+0000] {override.py:1912} INFO - Created Permission View: can edit on DAG:example_branch_python_operator_decorator
[2025-04-18T16:29:47.517+0000] {logging_mixin.py:190} INFO - [2025-04-18T16:29:47.516+0000] {override.py:1912} INFO - Created Permission View: can delete on DAG:example_branch_python_operator_decorator
[2025-04-18T16:29:47.527+0000] {logging_mixin.py:190} INFO - [2025-04-18T16:29:47.527+0000] {override.py:1912} INFO - Created Permission View: can delete on DAG Run:example_branch_python_operator_decorator
[2025-04-18T16:29:47.535+0000] {logging_mixin.py:190} INFO - [2025-04-18T16:29:47.535+0000] {override.py:1912} INFO - Created Permission View: can read on DAG Run:example_branch_python_operator_decorator
[2025-04-18T16:29:47.548+0000] {logging_mixin.py:190} INFO - [2025-04-18T16:29:47.547+0000] {override.py:1912} INFO - Created Permission View: menu access on DAG Run:example_branch_python_operator_decorator
[2025-04-18T16:29:47.555+0000] {logging_mixin.py:190} INFO - [2025-04-18T16:29:47.555+0000] {override.py:1912} INFO - Created Permission View: can create on DAG Run:example_branch_python_operator_decorator
[2025-04-18T16:29:47.556+0000] {logging_mixin.py:190} INFO - [2025-04-18T16:29:47.556+0000] {dag.py:3239} INFO - Sync 1 DAGs
[2025-04-18T16:29:47.569+0000] {logging_mixin.py:190} INFO - [2025-04-18T16:29:47.568+0000] {dag.py:3262} INFO - Creating ORM DAG for example_branch_python_operator_decorator
[2025-04-18T16:29:47.583+0000] {logging_mixin.py:190} INFO - [2025-04-18T16:29:47.582+0000] {dag.py:4180} INFO - Setting next_dagrun for example_branch_python_operator_decorator to 2025-04-17 00:00:00+00:00, run_after=2025-04-18 00:00:00+00:00
[2025-04-18T16:29:47.601+0000] {processor.py:208} INFO - Processing /home/airflow/.local/lib/python3.12/site-packages/airflow/example_dags/example_branch_operator_decorator.py took 0.285 seconds
[2025-04-18T16:30:18.322+0000] {processor.py:186} INFO - Started process (PID=146) to work on /home/airflow/.local/lib/python3.12/site-packages/airflow/example_dags/example_branch_operator_decorator.py
[2025-04-18T16:30:18.323+0000] {processor.py:914} INFO - Processing file /home/airflow/.local/lib/python3.12/site-packages/airflow/example_dags/example_branch_operator_decorator.py for tasks to queue
[2025-04-18T16:30:18.328+0000] {logging_mixin.py:190} INFO - [2025-04-18T16:30:18.327+0000] {dagbag.py:588} INFO - Filling up the DagBag from /home/airflow/.local/lib/python3.12/site-packages/airflow/example_dags/example_branch_operator_decorator.py
[2025-04-18T16:30:18.355+0000] {processor.py:925} INFO - DAG(s) 'example_branch_python_operator_decorator' retrieved from /home/airflow/.local/lib/python3.12/site-packages/airflow/example_dags/example_branch_operator_decorator.py
[2025-04-18T16:30:18.396+0000] {logging_mixin.py:190} INFO - [2025-04-18T16:30:18.396+0000] {dag.py:3239} INFO - Sync 1 DAGs
[2025-04-18T16:30:18.426+0000] {logging_mixin.py:190} INFO - [2025-04-18T16:30:18.425+0000] {dag.py:4180} INFO - Setting next_dagrun for example_branch_python_operator_decorator to 2025-04-17 00:00:00+00:00, run_after=2025-04-18 00:00:00+00:00
[2025-04-18T16:30:18.457+0000] {processor.py:208} INFO - Processing /home/airflow/.local/lib/python3.12/site-packages/airflow/example_dags/example_branch_operator_decorator.py took 0.141 seconds
[2025-04-18T16:30:48.655+0000] {processor.py:186} INFO - Started process (PID=209) to work on /home/airflow/.local/lib/python3.12/site-packages/airflow/example_dags/example_branch_operator_decorator.py
[2025-04-18T16:30:48.656+0000] {processor.py:914} INFO - Processing file /home/airflow/.local/lib/python3.12/site-packages/airflow/example_dags/example_branch_operator_decorator.py for tasks to queue
[2025-04-18T16:30:48.659+0000] {logging_mixin.py:190} INFO - [2025-04-18T16:30:48.659+0000] {dagbag.py:588} INFO - Filling up the DagBag from /home/airflow/.local/lib/python3.12/site-packages/airflow/example_dags/example_branch_operator_decorator.py
[2025-04-18T16:30:48.681+0000] {processor.py:925} INFO - DAG(s) 'example_branch_python_operator_decorator' retrieved from /home/airflow/.local/lib/python3.12/site-packages/airflow/example_dags/example_branch_operator_decorator.py
[2025-04-18T16:30:48.709+0000] {logging_mixin.py:190} INFO - [2025-04-18T16:30:48.709+0000] {dag.py:3239} INFO - Sync 1 DAGs
[2025-04-18T16:30:48.737+0000] {logging_mixin.py:190} INFO - [2025-04-18T16:30:48.737+0000] {dag.py:4180} INFO - Setting next_dagrun for example_branch_python_operator_decorator to 2025-04-17 00:00:00+00:00, run_after=2025-04-18 00:00:00+00:00
[2025-04-18T16:30:48.763+0000] {processor.py:208} INFO - Processing /home/airflow/.local/lib/python3.12/site-packages/airflow/example_dags/example_branch_operator_decorator.py took 0.114 seconds
