[2025-04-18T16:29:51.992+0000] {processor.py:186} INFO - Started process (PID=110) to work on /home/airflow/.local/lib/python3.12/site-packages/airflow/example_dags/example_branch_operator.py
[2025-04-18T16:29:51.993+0000] {processor.py:914} INFO - Processing file /home/airflow/.local/lib/python3.12/site-packages/airflow/example_dags/example_branch_operator.py for tasks to queue
[2025-04-18T16:29:51.995+0000] {logging_mixin.py:190} INFO - [2025-04-18T16:29:51.995+0000] {dagbag.py:588} INFO - Filling up the DagBag from /home/airflow/.local/lib/python3.12/site-packages/airflow/example_dags/example_branch_operator.py
[2025-04-18T16:29:52.020+0000] {processor.py:925} INFO - DAG(s) 'example_branch_operator' retrieved from /home/airflow/.local/lib/python3.12/site-packages/airflow/example_dags/example_branch_operator.py
[2025-04-18T16:29:52.149+0000] {logging_mixin.py:190} INFO - [2025-04-18T16:29:52.148+0000] {override.py:1912} INFO - Created Permission View: can read on DAG:example_branch_operator
[2025-04-18T16:29:52.162+0000] {logging_mixin.py:190} INFO - [2025-04-18T16:29:52.162+0000] {override.py:1912} INFO - Created Permission View: can edit on DAG:example_branch_operator
[2025-04-18T16:29:52.171+0000] {logging_mixin.py:190} INFO - [2025-04-18T16:29:52.170+0000] {override.py:1912} INFO - Created Permission View: can delete on DAG:example_branch_operator
[2025-04-18T16:29:52.188+0000] {logging_mixin.py:190} INFO - [2025-04-18T16:29:52.188+0000] {override.py:1912} INFO - Created Permission View: can delete on DAG Run:example_branch_operator
[2025-04-18T16:29:52.201+0000] {logging_mixin.py:190} INFO - [2025-04-18T16:29:52.200+0000] {override.py:1912} INFO - Created Permission View: can read on DAG Run:example_branch_operator
[2025-04-18T16:29:52.223+0000] {logging_mixin.py:190} INFO - [2025-04-18T16:29:52.222+0000] {override.py:1912} INFO - Created Permission View: menu access on DAG Run:example_branch_operator
[2025-04-18T16:29:52.241+0000] {logging_mixin.py:190} INFO - [2025-04-18T16:29:52.240+0000] {override.py:1912} INFO - Created Permission View: can create on DAG Run:example_branch_operator
[2025-04-18T16:29:52.246+0000] {logging_mixin.py:190} INFO - [2025-04-18T16:29:52.244+0000] {dag.py:3239} INFO - Sync 1 DAGs
[2025-04-18T16:29:52.266+0000] {logging_mixin.py:190} INFO - [2025-04-18T16:29:52.266+0000] {dag.py:3262} INFO - Creating ORM DAG for example_branch_operator
[2025-04-18T16:29:52.284+0000] {logging_mixin.py:190} INFO - [2025-04-18T16:29:52.284+0000] {dag.py:4180} INFO - Setting next_dagrun for example_branch_operator to 2025-04-17 00:00:00+00:00, run_after=2025-04-18 00:00:00+00:00
[2025-04-18T16:29:52.335+0000] {processor.py:208} INFO - Processing /home/airflow/.local/lib/python3.12/site-packages/airflow/example_dags/example_branch_operator.py took 0.348 seconds
[2025-04-18T16:30:22.374+0000] {processor.py:186} INFO - Started process (PID=173) to work on /home/airflow/.local/lib/python3.12/site-packages/airflow/example_dags/example_branch_operator.py
[2025-04-18T16:30:22.375+0000] {processor.py:914} INFO - Processing file /home/airflow/.local/lib/python3.12/site-packages/airflow/example_dags/example_branch_operator.py for tasks to queue
[2025-04-18T16:30:22.377+0000] {logging_mixin.py:190} INFO - [2025-04-18T16:30:22.377+0000] {dagbag.py:588} INFO - Filling up the DagBag from /home/airflow/.local/lib/python3.12/site-packages/airflow/example_dags/example_branch_operator.py
[2025-04-18T16:30:22.397+0000] {processor.py:925} INFO - DAG(s) 'example_branch_operator' retrieved from /home/airflow/.local/lib/python3.12/site-packages/airflow/example_dags/example_branch_operator.py
[2025-04-18T16:30:22.425+0000] {logging_mixin.py:190} INFO - [2025-04-18T16:30:22.425+0000] {dag.py:3239} INFO - Sync 1 DAGs
[2025-04-18T16:30:22.447+0000] {logging_mixin.py:190} INFO - [2025-04-18T16:30:22.446+0000] {dag.py:4180} INFO - Setting next_dagrun for example_branch_operator to 2025-04-17 00:00:00+00:00, run_after=2025-04-18 00:00:00+00:00
[2025-04-18T16:30:22.476+0000] {processor.py:208} INFO - Processing /home/airflow/.local/lib/python3.12/site-packages/airflow/example_dags/example_branch_operator.py took 0.108 seconds
[2025-04-18T16:30:53.814+0000] {processor.py:186} INFO - Started process (PID=236) to work on /home/airflow/.local/lib/python3.12/site-packages/airflow/example_dags/example_branch_operator.py
[2025-04-18T16:30:53.815+0000] {processor.py:914} INFO - Processing file /home/airflow/.local/lib/python3.12/site-packages/airflow/example_dags/example_branch_operator.py for tasks to queue
[2025-04-18T16:30:53.819+0000] {logging_mixin.py:190} INFO - [2025-04-18T16:30:53.819+0000] {dagbag.py:588} INFO - Filling up the DagBag from /home/airflow/.local/lib/python3.12/site-packages/airflow/example_dags/example_branch_operator.py
[2025-04-18T16:30:53.838+0000] {processor.py:925} INFO - DAG(s) 'example_branch_operator' retrieved from /home/airflow/.local/lib/python3.12/site-packages/airflow/example_dags/example_branch_operator.py
[2025-04-18T16:30:53.869+0000] {logging_mixin.py:190} INFO - [2025-04-18T16:30:53.869+0000] {dag.py:3239} INFO - Sync 1 DAGs
[2025-04-18T16:30:53.898+0000] {logging_mixin.py:190} INFO - [2025-04-18T16:30:53.897+0000] {dag.py:4180} INFO - Setting next_dagrun for example_branch_operator to 2025-04-17 00:00:00+00:00, run_after=2025-04-18 00:00:00+00:00
[2025-04-18T16:30:53.917+0000] {processor.py:208} INFO - Processing /home/airflow/.local/lib/python3.12/site-packages/airflow/example_dags/example_branch_operator.py took 0.109 seconds
