[2025-04-18T16:29:54.091+0000] {processor.py:186} INFO - Started process (PID=120) to work on /home/airflow/.local/lib/python3.12/site-packages/airflow/example_dags/example_datasets.py
[2025-04-18T16:29:54.093+0000] {processor.py:914} INFO - Processing file /home/airflow/.local/lib/python3.12/site-packages/airflow/example_dags/example_datasets.py for tasks to queue
[2025-04-18T16:29:54.097+0000] {logging_mixin.py:190} INFO - [2025-04-18T16:29:54.096+0000] {dagbag.py:588} INFO - Filling up the DagBag from /home/airflow/.local/lib/python3.12/site-packages/airflow/example_dags/example_datasets.py
[2025-04-18T16:29:54.848+0000] {processor.py:925} INFO - DAG(s) 'consume_1_or_2_with_dataset_expressions', 'dataset_produces_1', 'dataset_produces_2', 'dataset_consumes_1', 'consume_1_and_2_with_dataset_expressions', 'dataset_consumes_unknown_never_scheduled', 'consume_1_or_both_2_and_3_with_dataset_expressions', 'dataset_consumes_1_never_scheduled', 'dataset_consumes_1_and_2', 'conditional_dataset_and_time_based_timetable' retrieved from /home/airflow/.local/lib/python3.12/site-packages/airflow/example_dags/example_datasets.py
[2025-04-18T16:29:54.970+0000] {logging_mixin.py:190} INFO - [2025-04-18T16:29:54.969+0000] {override.py:1912} INFO - Created Permission View: can read on DAG:consume_1_or_2_with_dataset_expressions
[2025-04-18T16:29:54.989+0000] {logging_mixin.py:190} INFO - [2025-04-18T16:29:54.989+0000] {override.py:1912} INFO - Created Permission View: can edit on DAG:consume_1_or_2_with_dataset_expressions
[2025-04-18T16:29:54.998+0000] {logging_mixin.py:190} INFO - [2025-04-18T16:29:54.997+0000] {override.py:1912} INFO - Created Permission View: can delete on DAG:consume_1_or_2_with_dataset_expressions
[2025-04-18T16:29:55.010+0000] {logging_mixin.py:190} INFO - [2025-04-18T16:29:55.009+0000] {override.py:1912} INFO - Created Permission View: can delete on DAG Run:consume_1_or_2_with_dataset_expressions
[2025-04-18T16:29:55.020+0000] {logging_mixin.py:190} INFO - [2025-04-18T16:29:55.019+0000] {override.py:1912} INFO - Created Permission View: can read on DAG Run:consume_1_or_2_with_dataset_expressions
[2025-04-18T16:29:55.029+0000] {logging_mixin.py:190} INFO - [2025-04-18T16:29:55.029+0000] {override.py:1912} INFO - Created Permission View: menu access on DAG Run:consume_1_or_2_with_dataset_expressions
[2025-04-18T16:29:55.039+0000] {logging_mixin.py:190} INFO - [2025-04-18T16:29:55.038+0000] {override.py:1912} INFO - Created Permission View: can create on DAG Run:consume_1_or_2_with_dataset_expressions
[2025-04-18T16:29:55.061+0000] {logging_mixin.py:190} INFO - [2025-04-18T16:29:55.060+0000] {override.py:1912} INFO - Created Permission View: can read on DAG:dataset_produces_1
[2025-04-18T16:29:55.069+0000] {logging_mixin.py:190} INFO - [2025-04-18T16:29:55.069+0000] {override.py:1912} INFO - Created Permission View: can edit on DAG:dataset_produces_1
[2025-04-18T16:29:55.078+0000] {logging_mixin.py:190} INFO - [2025-04-18T16:29:55.077+0000] {override.py:1912} INFO - Created Permission View: can delete on DAG:dataset_produces_1
[2025-04-18T16:29:55.090+0000] {logging_mixin.py:190} INFO - [2025-04-18T16:29:55.090+0000] {override.py:1912} INFO - Created Permission View: can delete on DAG Run:dataset_produces_1
[2025-04-18T16:29:55.099+0000] {logging_mixin.py:190} INFO - [2025-04-18T16:29:55.098+0000] {override.py:1912} INFO - Created Permission View: can read on DAG Run:dataset_produces_1
[2025-04-18T16:29:55.107+0000] {logging_mixin.py:190} INFO - [2025-04-18T16:29:55.107+0000] {override.py:1912} INFO - Created Permission View: menu access on DAG Run:dataset_produces_1
[2025-04-18T16:29:55.119+0000] {logging_mixin.py:190} INFO - [2025-04-18T16:29:55.119+0000] {override.py:1912} INFO - Created Permission View: can create on DAG Run:dataset_produces_1
[2025-04-18T16:29:55.134+0000] {logging_mixin.py:190} INFO - [2025-04-18T16:29:55.134+0000] {override.py:1912} INFO - Created Permission View: can read on DAG:dataset_produces_2
[2025-04-18T16:29:55.143+0000] {logging_mixin.py:190} INFO - [2025-04-18T16:29:55.143+0000] {override.py:1912} INFO - Created Permission View: can edit on DAG:dataset_produces_2
[2025-04-18T16:29:55.154+0000] {logging_mixin.py:190} INFO - [2025-04-18T16:29:55.154+0000] {override.py:1912} INFO - Created Permission View: can delete on DAG:dataset_produces_2
[2025-04-18T16:29:55.165+0000] {logging_mixin.py:190} INFO - [2025-04-18T16:29:55.165+0000] {override.py:1912} INFO - Created Permission View: can delete on DAG Run:dataset_produces_2
[2025-04-18T16:29:55.175+0000] {logging_mixin.py:190} INFO - [2025-04-18T16:29:55.175+0000] {override.py:1912} INFO - Created Permission View: can read on DAG Run:dataset_produces_2
[2025-04-18T16:29:55.184+0000] {logging_mixin.py:190} INFO - [2025-04-18T16:29:55.183+0000] {override.py:1912} INFO - Created Permission View: menu access on DAG Run:dataset_produces_2
[2025-04-18T16:29:55.198+0000] {logging_mixin.py:190} INFO - [2025-04-18T16:29:55.197+0000] {override.py:1912} INFO - Created Permission View: can create on DAG Run:dataset_produces_2
[2025-04-18T16:29:55.213+0000] {logging_mixin.py:190} INFO - [2025-04-18T16:29:55.212+0000] {override.py:1912} INFO - Created Permission View: can read on DAG:dataset_consumes_1
[2025-04-18T16:29:55.225+0000] {logging_mixin.py:190} INFO - [2025-04-18T16:29:55.224+0000] {override.py:1912} INFO - Created Permission View: can edit on DAG:dataset_consumes_1
[2025-04-18T16:29:55.233+0000] {logging_mixin.py:190} INFO - [2025-04-18T16:29:55.232+0000] {override.py:1912} INFO - Created Permission View: can delete on DAG:dataset_consumes_1
[2025-04-18T16:29:55.244+0000] {logging_mixin.py:190} INFO - [2025-04-18T16:29:55.243+0000] {override.py:1912} INFO - Created Permission View: can delete on DAG Run:dataset_consumes_1
[2025-04-18T16:29:55.254+0000] {logging_mixin.py:190} INFO - [2025-04-18T16:29:55.253+0000] {override.py:1912} INFO - Created Permission View: can read on DAG Run:dataset_consumes_1
[2025-04-18T16:29:55.264+0000] {logging_mixin.py:190} INFO - [2025-04-18T16:29:55.263+0000] {override.py:1912} INFO - Created Permission View: menu access on DAG Run:dataset_consumes_1
[2025-04-18T16:29:55.272+0000] {logging_mixin.py:190} INFO - [2025-04-18T16:29:55.272+0000] {override.py:1912} INFO - Created Permission View: can create on DAG Run:dataset_consumes_1
[2025-04-18T16:29:55.298+0000] {logging_mixin.py:190} INFO - [2025-04-18T16:29:55.297+0000] {override.py:1912} INFO - Created Permission View: can read on DAG:consume_1_and_2_with_dataset_expressions
[2025-04-18T16:29:55.306+0000] {logging_mixin.py:190} INFO - [2025-04-18T16:29:55.306+0000] {override.py:1912} INFO - Created Permission View: can edit on DAG:consume_1_and_2_with_dataset_expressions
[2025-04-18T16:29:55.314+0000] {logging_mixin.py:190} INFO - [2025-04-18T16:29:55.313+0000] {override.py:1912} INFO - Created Permission View: can delete on DAG:consume_1_and_2_with_dataset_expressions
[2025-04-18T16:29:55.327+0000] {logging_mixin.py:190} INFO - [2025-04-18T16:29:55.326+0000] {override.py:1912} INFO - Created Permission View: can delete on DAG Run:consume_1_and_2_with_dataset_expressions
[2025-04-18T16:29:55.335+0000] {logging_mixin.py:190} INFO - [2025-04-18T16:29:55.334+0000] {override.py:1912} INFO - Created Permission View: can read on DAG Run:consume_1_and_2_with_dataset_expressions
[2025-04-18T16:29:55.343+0000] {logging_mixin.py:190} INFO - [2025-04-18T16:29:55.343+0000] {override.py:1912} INFO - Created Permission View: menu access on DAG Run:consume_1_and_2_with_dataset_expressions
[2025-04-18T16:29:55.352+0000] {logging_mixin.py:190} INFO - [2025-04-18T16:29:55.352+0000] {override.py:1912} INFO - Created Permission View: can create on DAG Run:consume_1_and_2_with_dataset_expressions
[2025-04-18T16:29:55.372+0000] {logging_mixin.py:190} INFO - [2025-04-18T16:29:55.372+0000] {override.py:1912} INFO - Created Permission View: can read on DAG:dataset_consumes_unknown_never_scheduled
[2025-04-18T16:29:55.382+0000] {logging_mixin.py:190} INFO - [2025-04-18T16:29:55.381+0000] {override.py:1912} INFO - Created Permission View: can edit on DAG:dataset_consumes_unknown_never_scheduled
[2025-04-18T16:29:55.395+0000] {logging_mixin.py:190} INFO - [2025-04-18T16:29:55.394+0000] {override.py:1912} INFO - Created Permission View: can delete on DAG:dataset_consumes_unknown_never_scheduled
[2025-04-18T16:29:55.411+0000] {logging_mixin.py:190} INFO - [2025-04-18T16:29:55.410+0000] {override.py:1912} INFO - Created Permission View: can delete on DAG Run:dataset_consumes_unknown_never_scheduled
[2025-04-18T16:29:55.423+0000] {logging_mixin.py:190} INFO - [2025-04-18T16:29:55.423+0000] {override.py:1912} INFO - Created Permission View: can read on DAG Run:dataset_consumes_unknown_never_scheduled
[2025-04-18T16:29:55.436+0000] {logging_mixin.py:190} INFO - [2025-04-18T16:29:55.436+0000] {override.py:1912} INFO - Created Permission View: menu access on DAG Run:dataset_consumes_unknown_never_scheduled
[2025-04-18T16:29:55.445+0000] {logging_mixin.py:190} INFO - [2025-04-18T16:29:55.445+0000] {override.py:1912} INFO - Created Permission View: can create on DAG Run:dataset_consumes_unknown_never_scheduled
[2025-04-18T16:29:55.461+0000] {logging_mixin.py:190} INFO - [2025-04-18T16:29:55.460+0000] {override.py:1912} INFO - Created Permission View: can read on DAG:consume_1_or_both_2_and_3_with_dataset_expressions
[2025-04-18T16:29:55.471+0000] {logging_mixin.py:190} INFO - [2025-04-18T16:29:55.470+0000] {override.py:1912} INFO - Created Permission View: can edit on DAG:consume_1_or_both_2_and_3_with_dataset_expressions
[2025-04-18T16:29:55.479+0000] {logging_mixin.py:190} INFO - [2025-04-18T16:29:55.479+0000] {override.py:1912} INFO - Created Permission View: can delete on DAG:consume_1_or_both_2_and_3_with_dataset_expressions
[2025-04-18T16:29:55.490+0000] {logging_mixin.py:190} INFO - [2025-04-18T16:29:55.489+0000] {override.py:1912} INFO - Created Permission View: can delete on DAG Run:consume_1_or_both_2_and_3_with_dataset_expressions
[2025-04-18T16:29:55.501+0000] {logging_mixin.py:190} INFO - [2025-04-18T16:29:55.501+0000] {override.py:1912} INFO - Created Permission View: can read on DAG Run:consume_1_or_both_2_and_3_with_dataset_expressions
[2025-04-18T16:29:55.509+0000] {logging_mixin.py:190} INFO - [2025-04-18T16:29:55.509+0000] {override.py:1912} INFO - Created Permission View: menu access on DAG Run:consume_1_or_both_2_and_3_with_dataset_expressions
[2025-04-18T16:29:55.517+0000] {logging_mixin.py:190} INFO - [2025-04-18T16:29:55.516+0000] {override.py:1912} INFO - Created Permission View: can create on DAG Run:consume_1_or_both_2_and_3_with_dataset_expressions
[2025-04-18T16:29:55.533+0000] {logging_mixin.py:190} INFO - [2025-04-18T16:29:55.532+0000] {override.py:1912} INFO - Created Permission View: can read on DAG:dataset_consumes_1_never_scheduled
[2025-04-18T16:29:55.541+0000] {logging_mixin.py:190} INFO - [2025-04-18T16:29:55.541+0000] {override.py:1912} INFO - Created Permission View: can edit on DAG:dataset_consumes_1_never_scheduled
[2025-04-18T16:29:55.549+0000] {logging_mixin.py:190} INFO - [2025-04-18T16:29:55.549+0000] {override.py:1912} INFO - Created Permission View: can delete on DAG:dataset_consumes_1_never_scheduled
[2025-04-18T16:29:55.565+0000] {logging_mixin.py:190} INFO - [2025-04-18T16:29:55.565+0000] {override.py:1912} INFO - Created Permission View: can delete on DAG Run:dataset_consumes_1_never_scheduled
[2025-04-18T16:29:55.579+0000] {logging_mixin.py:190} INFO - [2025-04-18T16:29:55.578+0000] {override.py:1912} INFO - Created Permission View: can read on DAG Run:dataset_consumes_1_never_scheduled
[2025-04-18T16:29:55.587+0000] {logging_mixin.py:190} INFO - [2025-04-18T16:29:55.586+0000] {override.py:1912} INFO - Created Permission View: menu access on DAG Run:dataset_consumes_1_never_scheduled
[2025-04-18T16:29:55.595+0000] {logging_mixin.py:190} INFO - [2025-04-18T16:29:55.594+0000] {override.py:1912} INFO - Created Permission View: can create on DAG Run:dataset_consumes_1_never_scheduled
[2025-04-18T16:29:55.613+0000] {logging_mixin.py:190} INFO - [2025-04-18T16:29:55.612+0000] {override.py:1912} INFO - Created Permission View: can read on DAG:dataset_consumes_1_and_2
[2025-04-18T16:29:55.620+0000] {logging_mixin.py:190} INFO - [2025-04-18T16:29:55.619+0000] {override.py:1912} INFO - Created Permission View: can edit on DAG:dataset_consumes_1_and_2
[2025-04-18T16:29:55.628+0000] {logging_mixin.py:190} INFO - [2025-04-18T16:29:55.628+0000] {override.py:1912} INFO - Created Permission View: can delete on DAG:dataset_consumes_1_and_2
[2025-04-18T16:29:55.640+0000] {logging_mixin.py:190} INFO - [2025-04-18T16:29:55.639+0000] {override.py:1912} INFO - Created Permission View: can delete on DAG Run:dataset_consumes_1_and_2
[2025-04-18T16:29:55.649+0000] {logging_mixin.py:190} INFO - [2025-04-18T16:29:55.649+0000] {override.py:1912} INFO - Created Permission View: can read on DAG Run:dataset_consumes_1_and_2
[2025-04-18T16:29:55.657+0000] {logging_mixin.py:190} INFO - [2025-04-18T16:29:55.657+0000] {override.py:1912} INFO - Created Permission View: menu access on DAG Run:dataset_consumes_1_and_2
[2025-04-18T16:29:55.666+0000] {logging_mixin.py:190} INFO - [2025-04-18T16:29:55.666+0000] {override.py:1912} INFO - Created Permission View: can create on DAG Run:dataset_consumes_1_and_2
[2025-04-18T16:29:55.684+0000] {logging_mixin.py:190} INFO - [2025-04-18T16:29:55.684+0000] {override.py:1912} INFO - Created Permission View: can read on DAG:conditional_dataset_and_time_based_timetable
[2025-04-18T16:29:55.693+0000] {logging_mixin.py:190} INFO - [2025-04-18T16:29:55.693+0000] {override.py:1912} INFO - Created Permission View: can edit on DAG:conditional_dataset_and_time_based_timetable
[2025-04-18T16:29:55.703+0000] {logging_mixin.py:190} INFO - [2025-04-18T16:29:55.703+0000] {override.py:1912} INFO - Created Permission View: can delete on DAG:conditional_dataset_and_time_based_timetable
[2025-04-18T16:29:55.714+0000] {logging_mixin.py:190} INFO - [2025-04-18T16:29:55.714+0000] {override.py:1912} INFO - Created Permission View: can delete on DAG Run:conditional_dataset_and_time_based_timetable
[2025-04-18T16:29:55.722+0000] {logging_mixin.py:190} INFO - [2025-04-18T16:29:55.722+0000] {override.py:1912} INFO - Created Permission View: can read on DAG Run:conditional_dataset_and_time_based_timetable
[2025-04-18T16:29:55.730+0000] {logging_mixin.py:190} INFO - [2025-04-18T16:29:55.729+0000] {override.py:1912} INFO - Created Permission View: menu access on DAG Run:conditional_dataset_and_time_based_timetable
[2025-04-18T16:29:55.740+0000] {logging_mixin.py:190} INFO - [2025-04-18T16:29:55.739+0000] {override.py:1912} INFO - Created Permission View: can create on DAG Run:conditional_dataset_and_time_based_timetable
[2025-04-18T16:29:55.741+0000] {logging_mixin.py:190} INFO - [2025-04-18T16:29:55.741+0000] {dag.py:3239} INFO - Sync 10 DAGs
[2025-04-18T16:29:55.754+0000] {logging_mixin.py:190} INFO - [2025-04-18T16:29:55.754+0000] {dag.py:3262} INFO - Creating ORM DAG for consume_1_and_2_with_dataset_expressions
[2025-04-18T16:29:55.755+0000] {logging_mixin.py:190} INFO - [2025-04-18T16:29:55.755+0000] {dag.py:3262} INFO - Creating ORM DAG for dataset_consumes_1
[2025-04-18T16:29:55.757+0000] {logging_mixin.py:190} INFO - [2025-04-18T16:29:55.756+0000] {dag.py:3262} INFO - Creating ORM DAG for dataset_consumes_unknown_never_scheduled
[2025-04-18T16:29:55.757+0000] {logging_mixin.py:190} INFO - [2025-04-18T16:29:55.757+0000] {dag.py:3262} INFO - Creating ORM DAG for dataset_produces_2
[2025-04-18T16:29:55.758+0000] {logging_mixin.py:190} INFO - [2025-04-18T16:29:55.758+0000] {dag.py:3262} INFO - Creating ORM DAG for consume_1_or_2_with_dataset_expressions
[2025-04-18T16:29:55.759+0000] {logging_mixin.py:190} INFO - [2025-04-18T16:29:55.759+0000] {dag.py:3262} INFO - Creating ORM DAG for dataset_consumes_1_never_scheduled
[2025-04-18T16:29:55.760+0000] {logging_mixin.py:190} INFO - [2025-04-18T16:29:55.760+0000] {dag.py:3262} INFO - Creating ORM DAG for consume_1_or_both_2_and_3_with_dataset_expressions
[2025-04-18T16:29:55.761+0000] {logging_mixin.py:190} INFO - [2025-04-18T16:29:55.760+0000] {dag.py:3262} INFO - Creating ORM DAG for dataset_consumes_1_and_2
[2025-04-18T16:29:55.761+0000] {logging_mixin.py:190} INFO - [2025-04-18T16:29:55.761+0000] {dag.py:3262} INFO - Creating ORM DAG for dataset_produces_1
[2025-04-18T16:29:55.762+0000] {logging_mixin.py:190} INFO - [2025-04-18T16:29:55.762+0000] {dag.py:3262} INFO - Creating ORM DAG for conditional_dataset_and_time_based_timetable
[2025-04-18T16:29:55.778+0000] {logging_mixin.py:190} INFO - [2025-04-18T16:29:55.777+0000] {dag.py:4180} INFO - Setting next_dagrun for conditional_dataset_and_time_based_timetable to 2025-04-16 01:00:00+00:00, run_after=2025-04-16 01:00:00+00:00
[2025-04-18T16:29:55.779+0000] {logging_mixin.py:190} INFO - [2025-04-18T16:29:55.779+0000] {dag.py:4180} INFO - Setting next_dagrun for consume_1_and_2_with_dataset_expressions to None, run_after=None
[2025-04-18T16:29:55.779+0000] {logging_mixin.py:190} INFO - [2025-04-18T16:29:55.779+0000] {dag.py:4180} INFO - Setting next_dagrun for consume_1_or_2_with_dataset_expressions to None, run_after=None
[2025-04-18T16:29:55.780+0000] {logging_mixin.py:190} INFO - [2025-04-18T16:29:55.780+0000] {dag.py:4180} INFO - Setting next_dagrun for consume_1_or_both_2_and_3_with_dataset_expressions to None, run_after=None
[2025-04-18T16:29:55.781+0000] {logging_mixin.py:190} INFO - [2025-04-18T16:29:55.781+0000] {dag.py:4180} INFO - Setting next_dagrun for dataset_consumes_1 to None, run_after=None
[2025-04-18T16:29:55.782+0000] {logging_mixin.py:190} INFO - [2025-04-18T16:29:55.782+0000] {dag.py:4180} INFO - Setting next_dagrun for dataset_consumes_1_and_2 to None, run_after=None
[2025-04-18T16:29:55.783+0000] {logging_mixin.py:190} INFO - [2025-04-18T16:29:55.782+0000] {dag.py:4180} INFO - Setting next_dagrun for dataset_consumes_1_never_scheduled to None, run_after=None
[2025-04-18T16:29:55.783+0000] {logging_mixin.py:190} INFO - [2025-04-18T16:29:55.783+0000] {dag.py:4180} INFO - Setting next_dagrun for dataset_consumes_unknown_never_scheduled to None, run_after=None
[2025-04-18T16:29:55.785+0000] {logging_mixin.py:190} INFO - [2025-04-18T16:29:55.785+0000] {dag.py:4180} INFO - Setting next_dagrun for dataset_produces_1 to 2025-04-17 00:00:00+00:00, run_after=2025-04-18 00:00:00+00:00
[2025-04-18T16:29:55.786+0000] {logging_mixin.py:190} INFO - [2025-04-18T16:29:55.786+0000] {dag.py:4180} INFO - Setting next_dagrun for dataset_produces_2 to None, run_after=None
[2025-04-18T16:29:55.833+0000] {processor.py:208} INFO - Processing /home/airflow/.local/lib/python3.12/site-packages/airflow/example_dags/example_datasets.py took 1.747 seconds
[2025-04-18T16:30:26.012+0000] {processor.py:186} INFO - Started process (PID=185) to work on /home/airflow/.local/lib/python3.12/site-packages/airflow/example_dags/example_datasets.py
[2025-04-18T16:30:26.013+0000] {processor.py:914} INFO - Processing file /home/airflow/.local/lib/python3.12/site-packages/airflow/example_dags/example_datasets.py for tasks to queue
[2025-04-18T16:30:26.016+0000] {logging_mixin.py:190} INFO - [2025-04-18T16:30:26.015+0000] {dagbag.py:588} INFO - Filling up the DagBag from /home/airflow/.local/lib/python3.12/site-packages/airflow/example_dags/example_datasets.py
[2025-04-18T16:30:26.755+0000] {processor.py:925} INFO - DAG(s) 'dataset_consumes_1_never_scheduled', 'dataset_consumes_unknown_never_scheduled', 'dataset_produces_1', 'consume_1_or_both_2_and_3_with_dataset_expressions', 'dataset_consumes_1_and_2', 'dataset_produces_2', 'dataset_consumes_1', 'conditional_dataset_and_time_based_timetable', 'consume_1_or_2_with_dataset_expressions', 'consume_1_and_2_with_dataset_expressions' retrieved from /home/airflow/.local/lib/python3.12/site-packages/airflow/example_dags/example_datasets.py
[2025-04-18T16:30:26.817+0000] {logging_mixin.py:190} INFO - [2025-04-18T16:30:26.817+0000] {dag.py:3239} INFO - Sync 10 DAGs
[2025-04-18T16:30:26.846+0000] {logging_mixin.py:190} INFO - [2025-04-18T16:30:26.846+0000] {dag.py:4180} INFO - Setting next_dagrun for conditional_dataset_and_time_based_timetable to 2025-04-16 01:00:00+00:00, run_after=2025-04-16 01:00:00+00:00
[2025-04-18T16:30:26.850+0000] {logging_mixin.py:190} INFO - [2025-04-18T16:30:26.850+0000] {dag.py:4180} INFO - Setting next_dagrun for consume_1_and_2_with_dataset_expressions to None, run_after=None
[2025-04-18T16:30:26.853+0000] {logging_mixin.py:190} INFO - [2025-04-18T16:30:26.852+0000] {dag.py:4180} INFO - Setting next_dagrun for consume_1_or_2_with_dataset_expressions to None, run_after=None
[2025-04-18T16:30:26.854+0000] {logging_mixin.py:190} INFO - [2025-04-18T16:30:26.854+0000] {dag.py:4180} INFO - Setting next_dagrun for consume_1_or_both_2_and_3_with_dataset_expressions to None, run_after=None
[2025-04-18T16:30:26.855+0000] {logging_mixin.py:190} INFO - [2025-04-18T16:30:26.855+0000] {dag.py:4180} INFO - Setting next_dagrun for dataset_consumes_1 to None, run_after=None
[2025-04-18T16:30:26.857+0000] {logging_mixin.py:190} INFO - [2025-04-18T16:30:26.857+0000] {dag.py:4180} INFO - Setting next_dagrun for dataset_consumes_1_and_2 to None, run_after=None
[2025-04-18T16:30:26.858+0000] {logging_mixin.py:190} INFO - [2025-04-18T16:30:26.858+0000] {dag.py:4180} INFO - Setting next_dagrun for dataset_consumes_1_never_scheduled to None, run_after=None
[2025-04-18T16:30:26.860+0000] {logging_mixin.py:190} INFO - [2025-04-18T16:30:26.859+0000] {dag.py:4180} INFO - Setting next_dagrun for dataset_consumes_unknown_never_scheduled to None, run_after=None
[2025-04-18T16:30:26.862+0000] {logging_mixin.py:190} INFO - [2025-04-18T16:30:26.862+0000] {dag.py:4180} INFO - Setting next_dagrun for dataset_produces_1 to 2025-04-17 00:00:00+00:00, run_after=2025-04-18 00:00:00+00:00
[2025-04-18T16:30:26.863+0000] {logging_mixin.py:190} INFO - [2025-04-18T16:30:26.863+0000] {dag.py:4180} INFO - Setting next_dagrun for dataset_produces_2 to None, run_after=None
[2025-04-18T16:30:26.896+0000] {processor.py:208} INFO - Processing /home/airflow/.local/lib/python3.12/site-packages/airflow/example_dags/example_datasets.py took 0.892 seconds
[2025-04-18T16:30:57.070+0000] {processor.py:186} INFO - Started process (PID=248) to work on /home/airflow/.local/lib/python3.12/site-packages/airflow/example_dags/example_datasets.py
[2025-04-18T16:30:57.071+0000] {processor.py:914} INFO - Processing file /home/airflow/.local/lib/python3.12/site-packages/airflow/example_dags/example_datasets.py for tasks to queue
[2025-04-18T16:30:57.075+0000] {logging_mixin.py:190} INFO - [2025-04-18T16:30:57.074+0000] {dagbag.py:588} INFO - Filling up the DagBag from /home/airflow/.local/lib/python3.12/site-packages/airflow/example_dags/example_datasets.py
[2025-04-18T16:30:57.840+0000] {processor.py:925} INFO - DAG(s) 'consume_1_and_2_with_dataset_expressions', 'consume_1_or_2_with_dataset_expressions', 'dataset_consumes_1_never_scheduled', 'dataset_consumes_unknown_never_scheduled', 'dataset_consumes_1_and_2', 'dataset_consumes_1', 'consume_1_or_both_2_and_3_with_dataset_expressions', 'dataset_produces_1', 'conditional_dataset_and_time_based_timetable', 'dataset_produces_2' retrieved from /home/airflow/.local/lib/python3.12/site-packages/airflow/example_dags/example_datasets.py
[2025-04-18T16:30:57.883+0000] {logging_mixin.py:190} INFO - [2025-04-18T16:30:57.883+0000] {dag.py:3239} INFO - Sync 10 DAGs
[2025-04-18T16:30:57.917+0000] {logging_mixin.py:190} INFO - [2025-04-18T16:30:57.916+0000] {dag.py:4180} INFO - Setting next_dagrun for conditional_dataset_and_time_based_timetable to 2025-04-16 01:00:00+00:00, run_after=2025-04-16 01:00:00+00:00
[2025-04-18T16:30:57.922+0000] {logging_mixin.py:190} INFO - [2025-04-18T16:30:57.922+0000] {dag.py:4180} INFO - Setting next_dagrun for consume_1_and_2_with_dataset_expressions to None, run_after=None
[2025-04-18T16:30:57.928+0000] {logging_mixin.py:190} INFO - [2025-04-18T16:30:57.927+0000] {dag.py:4180} INFO - Setting next_dagrun for consume_1_or_2_with_dataset_expressions to None, run_after=None
[2025-04-18T16:30:57.931+0000] {logging_mixin.py:190} INFO - [2025-04-18T16:30:57.931+0000] {dag.py:4180} INFO - Setting next_dagrun for consume_1_or_both_2_and_3_with_dataset_expressions to None, run_after=None
[2025-04-18T16:30:57.933+0000] {logging_mixin.py:190} INFO - [2025-04-18T16:30:57.932+0000] {dag.py:4180} INFO - Setting next_dagrun for dataset_consumes_1 to None, run_after=None
[2025-04-18T16:30:57.935+0000] {logging_mixin.py:190} INFO - [2025-04-18T16:30:57.935+0000] {dag.py:4180} INFO - Setting next_dagrun for dataset_consumes_1_and_2 to None, run_after=None
[2025-04-18T16:30:57.937+0000] {logging_mixin.py:190} INFO - [2025-04-18T16:30:57.937+0000] {dag.py:4180} INFO - Setting next_dagrun for dataset_consumes_1_never_scheduled to None, run_after=None
[2025-04-18T16:30:57.940+0000] {logging_mixin.py:190} INFO - [2025-04-18T16:30:57.940+0000] {dag.py:4180} INFO - Setting next_dagrun for dataset_consumes_unknown_never_scheduled to None, run_after=None
[2025-04-18T16:30:57.944+0000] {logging_mixin.py:190} INFO - [2025-04-18T16:30:57.944+0000] {dag.py:4180} INFO - Setting next_dagrun for dataset_produces_1 to 2025-04-17 00:00:00+00:00, run_after=2025-04-18 00:00:00+00:00
[2025-04-18T16:30:57.946+0000] {logging_mixin.py:190} INFO - [2025-04-18T16:30:57.946+0000] {dag.py:4180} INFO - Setting next_dagrun for dataset_produces_2 to None, run_after=None
[2025-04-18T16:30:57.990+0000] {processor.py:208} INFO - Processing /home/airflow/.local/lib/python3.12/site-packages/airflow/example_dags/example_datasets.py took 0.930 seconds
