[2025-04-18T16:29:52.510+0000] {processor.py:186} INFO - Started process (PID=113) to work on /home/airflow/.local/lib/python3.12/site-packages/airflow/example_dags/example_outlet_event_extra.py
[2025-04-18T16:29:52.512+0000] {processor.py:914} INFO - Processing file /home/airflow/.local/lib/python3.12/site-packages/airflow/example_dags/example_outlet_event_extra.py for tasks to queue
[2025-04-18T16:29:52.517+0000] {logging_mixin.py:190} INFO - [2025-04-18T16:29:52.516+0000] {dagbag.py:588} INFO - Filling up the DagBag from /home/airflow/.local/lib/python3.12/site-packages/airflow/example_dags/example_outlet_event_extra.py
[2025-04-18T16:29:53.175+0000] {processor.py:925} INFO - DAG(s) 'dataset_with_extra_by_context', 'dataset_with_extra_by_yield', 'dataset_with_extra_from_classic_operator' retrieved from /home/airflow/.local/lib/python3.12/site-packages/airflow/example_dags/example_outlet_event_extra.py
[2025-04-18T16:29:53.301+0000] {logging_mixin.py:190} INFO - [2025-04-18T16:29:53.300+0000] {override.py:1912} INFO - Created Permission View: can read on DAG:dataset_with_extra_by_context
[2025-04-18T16:29:53.321+0000] {logging_mixin.py:190} INFO - [2025-04-18T16:29:53.320+0000] {override.py:1912} INFO - Created Permission View: can edit on DAG:dataset_with_extra_by_context
[2025-04-18T16:29:53.331+0000] {logging_mixin.py:190} INFO - [2025-04-18T16:29:53.331+0000] {override.py:1912} INFO - Created Permission View: can delete on DAG:dataset_with_extra_by_context
[2025-04-18T16:29:53.347+0000] {logging_mixin.py:190} INFO - [2025-04-18T16:29:53.346+0000] {override.py:1912} INFO - Created Permission View: can delete on DAG Run:dataset_with_extra_by_context
[2025-04-18T16:29:53.359+0000] {logging_mixin.py:190} INFO - [2025-04-18T16:29:53.358+0000] {override.py:1912} INFO - Created Permission View: can read on DAG Run:dataset_with_extra_by_context
[2025-04-18T16:29:53.370+0000] {logging_mixin.py:190} INFO - [2025-04-18T16:29:53.369+0000] {override.py:1912} INFO - Created Permission View: menu access on DAG Run:dataset_with_extra_by_context
[2025-04-18T16:29:53.383+0000] {logging_mixin.py:190} INFO - [2025-04-18T16:29:53.382+0000] {override.py:1912} INFO - Created Permission View: can create on DAG Run:dataset_with_extra_by_context
[2025-04-18T16:29:53.405+0000] {logging_mixin.py:190} INFO - [2025-04-18T16:29:53.404+0000] {override.py:1912} INFO - Created Permission View: can read on DAG:dataset_with_extra_by_yield
[2025-04-18T16:29:53.415+0000] {logging_mixin.py:190} INFO - [2025-04-18T16:29:53.415+0000] {override.py:1912} INFO - Created Permission View: can edit on DAG:dataset_with_extra_by_yield
[2025-04-18T16:29:53.426+0000] {logging_mixin.py:190} INFO - [2025-04-18T16:29:53.426+0000] {override.py:1912} INFO - Created Permission View: can delete on DAG:dataset_with_extra_by_yield
[2025-04-18T16:29:53.437+0000] {logging_mixin.py:190} INFO - [2025-04-18T16:29:53.436+0000] {override.py:1912} INFO - Created Permission View: can delete on DAG Run:dataset_with_extra_by_yield
[2025-04-18T16:29:53.449+0000] {logging_mixin.py:190} INFO - [2025-04-18T16:29:53.448+0000] {override.py:1912} INFO - Created Permission View: can read on DAG Run:dataset_with_extra_by_yield
[2025-04-18T16:29:53.461+0000] {logging_mixin.py:190} INFO - [2025-04-18T16:29:53.460+0000] {override.py:1912} INFO - Created Permission View: menu access on DAG Run:dataset_with_extra_by_yield
[2025-04-18T16:29:53.470+0000] {logging_mixin.py:190} INFO - [2025-04-18T16:29:53.469+0000] {override.py:1912} INFO - Created Permission View: can create on DAG Run:dataset_with_extra_by_yield
[2025-04-18T16:29:53.492+0000] {logging_mixin.py:190} INFO - [2025-04-18T16:29:53.492+0000] {override.py:1912} INFO - Created Permission View: can read on DAG:dataset_with_extra_from_classic_operator
[2025-04-18T16:29:53.507+0000] {logging_mixin.py:190} INFO - [2025-04-18T16:29:53.507+0000] {override.py:1912} INFO - Created Permission View: can edit on DAG:dataset_with_extra_from_classic_operator
[2025-04-18T16:29:53.520+0000] {logging_mixin.py:190} INFO - [2025-04-18T16:29:53.519+0000] {override.py:1912} INFO - Created Permission View: can delete on DAG:dataset_with_extra_from_classic_operator
[2025-04-18T16:29:53.534+0000] {logging_mixin.py:190} INFO - [2025-04-18T16:29:53.533+0000] {override.py:1912} INFO - Created Permission View: can delete on DAG Run:dataset_with_extra_from_classic_operator
[2025-04-18T16:29:53.543+0000] {logging_mixin.py:190} INFO - [2025-04-18T16:29:53.542+0000] {override.py:1912} INFO - Created Permission View: can read on DAG Run:dataset_with_extra_from_classic_operator
[2025-04-18T16:29:53.555+0000] {logging_mixin.py:190} INFO - [2025-04-18T16:29:53.555+0000] {override.py:1912} INFO - Created Permission View: menu access on DAG Run:dataset_with_extra_from_classic_operator
[2025-04-18T16:29:53.566+0000] {logging_mixin.py:190} INFO - [2025-04-18T16:29:53.566+0000] {override.py:1912} INFO - Created Permission View: can create on DAG Run:dataset_with_extra_from_classic_operator
[2025-04-18T16:29:53.567+0000] {logging_mixin.py:190} INFO - [2025-04-18T16:29:53.567+0000] {dag.py:3239} INFO - Sync 3 DAGs
[2025-04-18T16:29:53.587+0000] {logging_mixin.py:190} INFO - [2025-04-18T16:29:53.586+0000] {dag.py:3262} INFO - Creating ORM DAG for dataset_with_extra_by_context
[2025-04-18T16:29:53.591+0000] {logging_mixin.py:190} INFO - [2025-04-18T16:29:53.590+0000] {dag.py:3262} INFO - Creating ORM DAG for dataset_with_extra_by_yield
[2025-04-18T16:29:53.593+0000] {logging_mixin.py:190} INFO - [2025-04-18T16:29:53.592+0000] {dag.py:3262} INFO - Creating ORM DAG for dataset_with_extra_from_classic_operator
[2025-04-18T16:29:53.609+0000] {logging_mixin.py:190} INFO - [2025-04-18T16:29:53.609+0000] {dag.py:4180} INFO - Setting next_dagrun for dataset_with_extra_by_context to 2025-04-17 00:00:00+00:00, run_after=2025-04-18 00:00:00+00:00
[2025-04-18T16:29:53.615+0000] {logging_mixin.py:190} INFO - [2025-04-18T16:29:53.614+0000] {dag.py:4180} INFO - Setting next_dagrun for dataset_with_extra_by_yield to 2025-04-17 00:00:00+00:00, run_after=2025-04-18 00:00:00+00:00
[2025-04-18T16:29:53.618+0000] {logging_mixin.py:190} INFO - [2025-04-18T16:29:53.618+0000] {dag.py:4180} INFO - Setting next_dagrun for dataset_with_extra_from_classic_operator to 2025-04-17 00:00:00+00:00, run_after=2025-04-18 00:00:00+00:00
[2025-04-18T16:29:53.657+0000] {processor.py:208} INFO - Processing /home/airflow/.local/lib/python3.12/site-packages/airflow/example_dags/example_outlet_event_extra.py took 1.152 seconds
[2025-04-18T16:30:23.766+0000] {processor.py:186} INFO - Started process (PID=178) to work on /home/airflow/.local/lib/python3.12/site-packages/airflow/example_dags/example_outlet_event_extra.py
[2025-04-18T16:30:23.767+0000] {processor.py:914} INFO - Processing file /home/airflow/.local/lib/python3.12/site-packages/airflow/example_dags/example_outlet_event_extra.py for tasks to queue
[2025-04-18T16:30:23.772+0000] {logging_mixin.py:190} INFO - [2025-04-18T16:30:23.771+0000] {dagbag.py:588} INFO - Filling up the DagBag from /home/airflow/.local/lib/python3.12/site-packages/airflow/example_dags/example_outlet_event_extra.py
[2025-04-18T16:30:24.439+0000] {processor.py:925} INFO - DAG(s) 'dataset_with_extra_by_context', 'dataset_with_extra_by_yield', 'dataset_with_extra_from_classic_operator' retrieved from /home/airflow/.local/lib/python3.12/site-packages/airflow/example_dags/example_outlet_event_extra.py
[2025-04-18T16:30:24.469+0000] {logging_mixin.py:190} INFO - [2025-04-18T16:30:24.469+0000] {dag.py:3239} INFO - Sync 3 DAGs
[2025-04-18T16:30:24.508+0000] {logging_mixin.py:190} INFO - [2025-04-18T16:30:24.508+0000] {dag.py:4180} INFO - Setting next_dagrun for dataset_with_extra_by_context to 2025-04-17 00:00:00+00:00, run_after=2025-04-18 00:00:00+00:00
[2025-04-18T16:30:24.514+0000] {logging_mixin.py:190} INFO - [2025-04-18T16:30:24.514+0000] {dag.py:4180} INFO - Setting next_dagrun for dataset_with_extra_by_yield to 2025-04-17 00:00:00+00:00, run_after=2025-04-18 00:00:00+00:00
[2025-04-18T16:30:24.518+0000] {logging_mixin.py:190} INFO - [2025-04-18T16:30:24.518+0000] {dag.py:4180} INFO - Setting next_dagrun for dataset_with_extra_from_classic_operator to 2025-04-17 00:00:00+00:00, run_after=2025-04-18 00:00:00+00:00
[2025-04-18T16:30:24.552+0000] {processor.py:208} INFO - Processing /home/airflow/.local/lib/python3.12/site-packages/airflow/example_dags/example_outlet_event_extra.py took 0.791 seconds
[2025-04-18T16:30:55.187+0000] {processor.py:186} INFO - Started process (PID=241) to work on /home/airflow/.local/lib/python3.12/site-packages/airflow/example_dags/example_outlet_event_extra.py
[2025-04-18T16:30:55.188+0000] {processor.py:914} INFO - Processing file /home/airflow/.local/lib/python3.12/site-packages/airflow/example_dags/example_outlet_event_extra.py for tasks to queue
[2025-04-18T16:30:55.194+0000] {logging_mixin.py:190} INFO - [2025-04-18T16:30:55.194+0000] {dagbag.py:588} INFO - Filling up the DagBag from /home/airflow/.local/lib/python3.12/site-packages/airflow/example_dags/example_outlet_event_extra.py
[2025-04-18T16:30:55.939+0000] {processor.py:925} INFO - DAG(s) 'dataset_with_extra_by_context', 'dataset_with_extra_from_classic_operator', 'dataset_with_extra_by_yield' retrieved from /home/airflow/.local/lib/python3.12/site-packages/airflow/example_dags/example_outlet_event_extra.py
[2025-04-18T16:30:55.970+0000] {logging_mixin.py:190} INFO - [2025-04-18T16:30:55.970+0000] {dag.py:3239} INFO - Sync 3 DAGs
[2025-04-18T16:30:56.010+0000] {logging_mixin.py:190} INFO - [2025-04-18T16:30:56.009+0000] {dag.py:4180} INFO - Setting next_dagrun for dataset_with_extra_by_context to 2025-04-17 00:00:00+00:00, run_after=2025-04-18 00:00:00+00:00
[2025-04-18T16:30:56.019+0000] {logging_mixin.py:190} INFO - [2025-04-18T16:30:56.019+0000] {dag.py:4180} INFO - Setting next_dagrun for dataset_with_extra_by_yield to 2025-04-17 00:00:00+00:00, run_after=2025-04-18 00:00:00+00:00
[2025-04-18T16:30:56.022+0000] {logging_mixin.py:190} INFO - [2025-04-18T16:30:56.022+0000] {dag.py:4180} INFO - Setting next_dagrun for dataset_with_extra_from_classic_operator to 2025-04-17 00:00:00+00:00, run_after=2025-04-18 00:00:00+00:00
[2025-04-18T16:30:56.052+0000] {processor.py:208} INFO - Processing /home/airflow/.local/lib/python3.12/site-packages/airflow/example_dags/example_outlet_event_extra.py took 0.871 seconds
