[2025-04-18T16:29:48.722+0000] {processor.py:186} INFO - Started process (PID=91) to work on /home/airflow/.local/lib/python3.12/site-packages/airflow/example_dags/example_params_trigger_ui.py
[2025-04-18T16:29:48.723+0000] {processor.py:914} INFO - Processing file /home/airflow/.local/lib/python3.12/site-packages/airflow/example_dags/example_params_trigger_ui.py for tasks to queue
[2025-04-18T16:29:48.727+0000] {logging_mixin.py:190} INFO - [2025-04-18T16:29:48.727+0000] {dagbag.py:588} INFO - Filling up the DagBag from /home/airflow/.local/lib/python3.12/site-packages/airflow/example_dags/example_params_trigger_ui.py
[2025-04-18T16:29:48.740+0000] {processor.py:925} INFO - DAG(s) 'example_params_trigger_ui' retrieved from /home/airflow/.local/lib/python3.12/site-packages/airflow/example_dags/example_params_trigger_ui.py
[2025-04-18T16:29:48.864+0000] {logging_mixin.py:190} INFO - [2025-04-18T16:29:48.863+0000] {override.py:1912} INFO - Created Permission View: can read on DAG:example_params_trigger_ui
[2025-04-18T16:29:48.876+0000] {logging_mixin.py:190} INFO - [2025-04-18T16:29:48.876+0000] {override.py:1912} INFO - Created Permission View: can edit on DAG:example_params_trigger_ui
[2025-04-18T16:29:48.883+0000] {logging_mixin.py:190} INFO - [2025-04-18T16:29:48.882+0000] {override.py:1912} INFO - Created Permission View: can delete on DAG:example_params_trigger_ui
[2025-04-18T16:29:48.892+0000] {logging_mixin.py:190} INFO - [2025-04-18T16:29:48.891+0000] {override.py:1912} INFO - Created Permission View: can delete on DAG Run:example_params_trigger_ui
[2025-04-18T16:29:48.900+0000] {logging_mixin.py:190} INFO - [2025-04-18T16:29:48.900+0000] {override.py:1912} INFO - Created Permission View: can read on DAG Run:example_params_trigger_ui
[2025-04-18T16:29:48.907+0000] {logging_mixin.py:190} INFO - [2025-04-18T16:29:48.907+0000] {override.py:1912} INFO - Created Permission View: menu access on DAG Run:example_params_trigger_ui
[2025-04-18T16:29:48.914+0000] {logging_mixin.py:190} INFO - [2025-04-18T16:29:48.914+0000] {override.py:1912} INFO - Created Permission View: can create on DAG Run:example_params_trigger_ui
[2025-04-18T16:29:48.915+0000] {logging_mixin.py:190} INFO - [2025-04-18T16:29:48.915+0000] {dag.py:3239} INFO - Sync 1 DAGs
[2025-04-18T16:29:48.926+0000] {logging_mixin.py:190} INFO - [2025-04-18T16:29:48.926+0000] {dag.py:3262} INFO - Creating ORM DAG for example_params_trigger_ui
[2025-04-18T16:29:48.927+0000] {logging_mixin.py:190} INFO - [2025-04-18T16:29:48.927+0000] {dag.py:4180} INFO - Setting next_dagrun for example_params_trigger_ui to None, run_after=None
[2025-04-18T16:29:48.945+0000] {processor.py:208} INFO - Processing /home/airflow/.local/lib/python3.12/site-packages/airflow/example_dags/example_params_trigger_ui.py took 0.228 seconds
[2025-04-18T16:30:19.833+0000] {processor.py:186} INFO - Started process (PID=159) to work on /home/airflow/.local/lib/python3.12/site-packages/airflow/example_dags/example_params_trigger_ui.py
[2025-04-18T16:30:19.834+0000] {processor.py:914} INFO - Processing file /home/airflow/.local/lib/python3.12/site-packages/airflow/example_dags/example_params_trigger_ui.py for tasks to queue
[2025-04-18T16:30:19.836+0000] {logging_mixin.py:190} INFO - [2025-04-18T16:30:19.836+0000] {dagbag.py:588} INFO - Filling up the DagBag from /home/airflow/.local/lib/python3.12/site-packages/airflow/example_dags/example_params_trigger_ui.py
[2025-04-18T16:30:19.848+0000] {processor.py:925} INFO - DAG(s) 'example_params_trigger_ui' retrieved from /home/airflow/.local/lib/python3.12/site-packages/airflow/example_dags/example_params_trigger_ui.py
[2025-04-18T16:30:19.891+0000] {logging_mixin.py:190} INFO - [2025-04-18T16:30:19.891+0000] {dag.py:3239} INFO - Sync 1 DAGs
[2025-04-18T16:30:19.911+0000] {logging_mixin.py:190} INFO - [2025-04-18T16:30:19.911+0000] {dag.py:4180} INFO - Setting next_dagrun for example_params_trigger_ui to None, run_after=None
[2025-04-18T16:30:19.950+0000] {processor.py:208} INFO - Processing /home/airflow/.local/lib/python3.12/site-packages/airflow/example_dags/example_params_trigger_ui.py took 0.122 seconds
[2025-04-18T16:30:50.114+0000] {processor.py:186} INFO - Started process (PID=222) to work on /home/airflow/.local/lib/python3.12/site-packages/airflow/example_dags/example_params_trigger_ui.py
[2025-04-18T16:30:50.115+0000] {processor.py:914} INFO - Processing file /home/airflow/.local/lib/python3.12/site-packages/airflow/example_dags/example_params_trigger_ui.py for tasks to queue
[2025-04-18T16:30:50.118+0000] {logging_mixin.py:190} INFO - [2025-04-18T16:30:50.117+0000] {dagbag.py:588} INFO - Filling up the DagBag from /home/airflow/.local/lib/python3.12/site-packages/airflow/example_dags/example_params_trigger_ui.py
[2025-04-18T16:30:50.129+0000] {processor.py:925} INFO - DAG(s) 'example_params_trigger_ui' retrieved from /home/airflow/.local/lib/python3.12/site-packages/airflow/example_dags/example_params_trigger_ui.py
[2025-04-18T16:30:50.169+0000] {logging_mixin.py:190} INFO - [2025-04-18T16:30:50.169+0000] {dag.py:3239} INFO - Sync 1 DAGs
[2025-04-18T16:30:50.187+0000] {logging_mixin.py:190} INFO - [2025-04-18T16:30:50.187+0000] {dag.py:4180} INFO - Setting next_dagrun for example_params_trigger_ui to None, run_after=None
[2025-04-18T16:30:50.206+0000] {processor.py:208} INFO - Processing /home/airflow/.local/lib/python3.12/site-packages/airflow/example_dags/example_params_trigger_ui.py took 0.101 seconds
