[2025-04-18T16:29:45.418+0000] {processor.py:186} INFO - Started process (PID=71) to work on /home/airflow/.local/lib/python3.12/site-packages/airflow/example_dags/example_branch_labels.py
[2025-04-18T16:29:45.422+0000] {processor.py:914} INFO - Processing file /home/airflow/.local/lib/python3.12/site-packages/airflow/example_dags/example_branch_labels.py for tasks to queue
[2025-04-18T16:29:45.426+0000] {logging_mixin.py:190} INFO - [2025-04-18T16:29:45.426+0000] {dagbag.py:588} INFO - Filling up the DagBag from /home/airflow/.local/lib/python3.12/site-packages/airflow/example_dags/example_branch_labels.py
[2025-04-18T16:29:45.441+0000] {processor.py:925} INFO - DAG(s) 'example_branch_labels' retrieved from /home/airflow/.local/lib/python3.12/site-packages/airflow/example_dags/example_branch_labels.py
[2025-04-18T16:29:45.580+0000] {logging_mixin.py:190} INFO - [2025-04-18T16:29:45.579+0000] {override.py:1912} INFO - Created Permission View: can read on DAG:example_branch_labels
[2025-04-18T16:29:45.596+0000] {logging_mixin.py:190} INFO - [2025-04-18T16:29:45.595+0000] {override.py:1912} INFO - Created Permission View: can edit on DAG:example_branch_labels
[2025-04-18T16:29:45.605+0000] {logging_mixin.py:190} INFO - [2025-04-18T16:29:45.604+0000] {override.py:1912} INFO - Created Permission View: can delete on DAG:example_branch_labels
[2025-04-18T16:29:45.615+0000] {logging_mixin.py:190} INFO - [2025-04-18T16:29:45.614+0000] {override.py:1912} INFO - Created Permission View: can delete on DAG Run:example_branch_labels
[2025-04-18T16:29:45.626+0000] {logging_mixin.py:190} INFO - [2025-04-18T16:29:45.625+0000] {override.py:1912} INFO - Created Permission View: can read on DAG Run:example_branch_labels
[2025-04-18T16:29:45.636+0000] {logging_mixin.py:190} INFO - [2025-04-18T16:29:45.635+0000] {override.py:1912} INFO - Created Permission View: menu access on DAG Run:example_branch_labels
[2025-04-18T16:29:45.644+0000] {logging_mixin.py:190} INFO - [2025-04-18T16:29:45.644+0000] {override.py:1912} INFO - Created Permission View: can create on DAG Run:example_branch_labels
[2025-04-18T16:29:45.645+0000] {logging_mixin.py:190} INFO - [2025-04-18T16:29:45.645+0000] {dag.py:3239} INFO - Sync 1 DAGs
[2025-04-18T16:29:45.664+0000] {logging_mixin.py:190} INFO - [2025-04-18T16:29:45.663+0000] {dag.py:3262} INFO - Creating ORM DAG for example_branch_labels
[2025-04-18T16:29:45.678+0000] {logging_mixin.py:190} INFO - [2025-04-18T16:29:45.678+0000] {dag.py:4180} INFO - Setting next_dagrun for example_branch_labels to 2025-04-17 00:00:00+00:00, run_after=2025-04-18 00:00:00+00:00
[2025-04-18T16:29:45.702+0000] {processor.py:208} INFO - Processing /home/airflow/.local/lib/python3.12/site-packages/airflow/example_dags/example_branch_labels.py took 0.297 seconds
[2025-04-18T16:30:16.478+0000] {processor.py:186} INFO - Started process (PID=134) to work on /home/airflow/.local/lib/python3.12/site-packages/airflow/example_dags/example_branch_labels.py
[2025-04-18T16:30:16.479+0000] {processor.py:914} INFO - Processing file /home/airflow/.local/lib/python3.12/site-packages/airflow/example_dags/example_branch_labels.py for tasks to queue
[2025-04-18T16:30:16.481+0000] {logging_mixin.py:190} INFO - [2025-04-18T16:30:16.481+0000] {dagbag.py:588} INFO - Filling up the DagBag from /home/airflow/.local/lib/python3.12/site-packages/airflow/example_dags/example_branch_labels.py
[2025-04-18T16:30:16.498+0000] {processor.py:925} INFO - DAG(s) 'example_branch_labels' retrieved from /home/airflow/.local/lib/python3.12/site-packages/airflow/example_dags/example_branch_labels.py
[2025-04-18T16:30:16.527+0000] {logging_mixin.py:190} INFO - [2025-04-18T16:30:16.526+0000] {dag.py:3239} INFO - Sync 1 DAGs
[2025-04-18T16:30:16.554+0000] {logging_mixin.py:190} INFO - [2025-04-18T16:30:16.553+0000] {dag.py:4180} INFO - Setting next_dagrun for example_branch_labels to 2025-04-17 00:00:00+00:00, run_after=2025-04-18 00:00:00+00:00
[2025-04-18T16:30:16.582+0000] {processor.py:208} INFO - Processing /home/airflow/.local/lib/python3.12/site-packages/airflow/example_dags/example_branch_labels.py took 0.111 seconds
[2025-04-18T16:30:46.839+0000] {processor.py:186} INFO - Started process (PID=197) to work on /home/airflow/.local/lib/python3.12/site-packages/airflow/example_dags/example_branch_labels.py
[2025-04-18T16:30:46.840+0000] {processor.py:914} INFO - Processing file /home/airflow/.local/lib/python3.12/site-packages/airflow/example_dags/example_branch_labels.py for tasks to queue
[2025-04-18T16:30:46.842+0000] {logging_mixin.py:190} INFO - [2025-04-18T16:30:46.842+0000] {dagbag.py:588} INFO - Filling up the DagBag from /home/airflow/.local/lib/python3.12/site-packages/airflow/example_dags/example_branch_labels.py
[2025-04-18T16:30:46.852+0000] {processor.py:925} INFO - DAG(s) 'example_branch_labels' retrieved from /home/airflow/.local/lib/python3.12/site-packages/airflow/example_dags/example_branch_labels.py
[2025-04-18T16:30:46.878+0000] {logging_mixin.py:190} INFO - [2025-04-18T16:30:46.878+0000] {dag.py:3239} INFO - Sync 1 DAGs
[2025-04-18T16:30:46.904+0000] {logging_mixin.py:190} INFO - [2025-04-18T16:30:46.903+0000] {dag.py:4180} INFO - Setting next_dagrun for example_branch_labels to 2025-04-17 00:00:00+00:00, run_after=2025-04-18 00:00:00+00:00
[2025-04-18T16:30:46.927+0000] {processor.py:208} INFO - Processing /home/airflow/.local/lib/python3.12/site-packages/airflow/example_dags/example_branch_labels.py took 0.094 seconds
