[2025-04-18T16:29:51.353+0000] {processor.py:186} INFO - Started process (PID=105) to work on /home/airflow/.local/lib/python3.12/site-packages/airflow/example_dags/example_dynamic_task_mapping.py
[2025-04-18T16:29:51.354+0000] {processor.py:914} INFO - Processing file /home/airflow/.local/lib/python3.12/site-packages/airflow/example_dags/example_dynamic_task_mapping.py for tasks to queue
[2025-04-18T16:29:51.358+0000] {logging_mixin.py:190} INFO - [2025-04-18T16:29:51.357+0000] {dagbag.py:588} INFO - Filling up the DagBag from /home/airflow/.local/lib/python3.12/site-packages/airflow/example_dags/example_dynamic_task_mapping.py
[2025-04-18T16:29:51.370+0000] {processor.py:925} INFO - DAG(s) 'example_dynamic_task_mapping' retrieved from /home/airflow/.local/lib/python3.12/site-packages/airflow/example_dags/example_dynamic_task_mapping.py
[2025-04-18T16:29:51.478+0000] {logging_mixin.py:190} INFO - [2025-04-18T16:29:51.477+0000] {override.py:1912} INFO - Created Permission View: can read on DAG:example_dynamic_task_mapping
[2025-04-18T16:29:51.492+0000] {logging_mixin.py:190} INFO - [2025-04-18T16:29:51.492+0000] {override.py:1912} INFO - Created Permission View: can edit on DAG:example_dynamic_task_mapping
[2025-04-18T16:29:51.500+0000] {logging_mixin.py:190} INFO - [2025-04-18T16:29:51.500+0000] {override.py:1912} INFO - Created Permission View: can delete on DAG:example_dynamic_task_mapping
[2025-04-18T16:29:51.511+0000] {logging_mixin.py:190} INFO - [2025-04-18T16:29:51.510+0000] {override.py:1912} INFO - Created Permission View: can delete on DAG Run:example_dynamic_task_mapping
[2025-04-18T16:29:51.522+0000] {logging_mixin.py:190} INFO - [2025-04-18T16:29:51.521+0000] {override.py:1912} INFO - Created Permission View: can read on DAG Run:example_dynamic_task_mapping
[2025-04-18T16:29:51.529+0000] {logging_mixin.py:190} INFO - [2025-04-18T16:29:51.529+0000] {override.py:1912} INFO - Created Permission View: menu access on DAG Run:example_dynamic_task_mapping
[2025-04-18T16:29:51.537+0000] {logging_mixin.py:190} INFO - [2025-04-18T16:29:51.536+0000] {override.py:1912} INFO - Created Permission View: can create on DAG Run:example_dynamic_task_mapping
[2025-04-18T16:29:51.538+0000] {logging_mixin.py:190} INFO - [2025-04-18T16:29:51.537+0000] {dag.py:3239} INFO - Sync 1 DAGs
[2025-04-18T16:29:51.550+0000] {logging_mixin.py:190} INFO - [2025-04-18T16:29:51.549+0000] {dag.py:3262} INFO - Creating ORM DAG for example_dynamic_task_mapping
[2025-04-18T16:29:51.551+0000] {logging_mixin.py:190} INFO - [2025-04-18T16:29:51.551+0000] {dag.py:4180} INFO - Setting next_dagrun for example_dynamic_task_mapping to None, run_after=None
[2025-04-18T16:29:51.569+0000] {processor.py:208} INFO - Processing /home/airflow/.local/lib/python3.12/site-packages/airflow/example_dags/example_dynamic_task_mapping.py took 0.221 seconds
[2025-04-18T16:30:22.054+0000] {processor.py:186} INFO - Started process (PID=168) to work on /home/airflow/.local/lib/python3.12/site-packages/airflow/example_dags/example_dynamic_task_mapping.py
[2025-04-18T16:30:22.055+0000] {processor.py:914} INFO - Processing file /home/airflow/.local/lib/python3.12/site-packages/airflow/example_dags/example_dynamic_task_mapping.py for tasks to queue
[2025-04-18T16:30:22.058+0000] {logging_mixin.py:190} INFO - [2025-04-18T16:30:22.057+0000] {dagbag.py:588} INFO - Filling up the DagBag from /home/airflow/.local/lib/python3.12/site-packages/airflow/example_dags/example_dynamic_task_mapping.py
[2025-04-18T16:30:22.066+0000] {processor.py:925} INFO - DAG(s) 'example_dynamic_task_mapping' retrieved from /home/airflow/.local/lib/python3.12/site-packages/airflow/example_dags/example_dynamic_task_mapping.py
[2025-04-18T16:30:22.089+0000] {logging_mixin.py:190} INFO - [2025-04-18T16:30:22.089+0000] {dag.py:3239} INFO - Sync 1 DAGs
[2025-04-18T16:30:22.102+0000] {logging_mixin.py:190} INFO - [2025-04-18T16:30:22.102+0000] {dag.py:4180} INFO - Setting next_dagrun for example_dynamic_task_mapping to None, run_after=None
[2025-04-18T16:30:22.126+0000] {processor.py:208} INFO - Processing /home/airflow/.local/lib/python3.12/site-packages/airflow/example_dags/example_dynamic_task_mapping.py took 0.078 seconds
[2025-04-18T16:30:53.398+0000] {processor.py:186} INFO - Started process (PID=231) to work on /home/airflow/.local/lib/python3.12/site-packages/airflow/example_dags/example_dynamic_task_mapping.py
[2025-04-18T16:30:53.399+0000] {processor.py:914} INFO - Processing file /home/airflow/.local/lib/python3.12/site-packages/airflow/example_dags/example_dynamic_task_mapping.py for tasks to queue
[2025-04-18T16:30:53.401+0000] {logging_mixin.py:190} INFO - [2025-04-18T16:30:53.401+0000] {dagbag.py:588} INFO - Filling up the DagBag from /home/airflow/.local/lib/python3.12/site-packages/airflow/example_dags/example_dynamic_task_mapping.py
[2025-04-18T16:30:53.411+0000] {processor.py:925} INFO - DAG(s) 'example_dynamic_task_mapping' retrieved from /home/airflow/.local/lib/python3.12/site-packages/airflow/example_dags/example_dynamic_task_mapping.py
[2025-04-18T16:30:53.429+0000] {logging_mixin.py:190} INFO - [2025-04-18T16:30:53.429+0000] {dag.py:3239} INFO - Sync 1 DAGs
[2025-04-18T16:30:53.447+0000] {logging_mixin.py:190} INFO - [2025-04-18T16:30:53.446+0000] {dag.py:4180} INFO - Setting next_dagrun for example_dynamic_task_mapping to None, run_after=None
[2025-04-18T16:30:53.465+0000] {processor.py:208} INFO - Processing /home/airflow/.local/lib/python3.12/site-packages/airflow/example_dags/example_dynamic_task_mapping.py took 0.071 seconds
