[2025-04-18T16:29:48.978+0000] {processor.py:186} INFO - Started process (PID=92) to work on /home/airflow/.local/lib/python3.12/site-packages/airflow/example_dags/example_branch_day_of_week_operator.py
[2025-04-18T16:29:48.979+0000] {processor.py:914} INFO - Processing file /home/airflow/.local/lib/python3.12/site-packages/airflow/example_dags/example_branch_day_of_week_operator.py for tasks to queue
[2025-04-18T16:29:48.981+0000] {logging_mixin.py:190} INFO - [2025-04-18T16:29:48.981+0000] {dagbag.py:588} INFO - Filling up the DagBag from /home/airflow/.local/lib/python3.12/site-packages/airflow/example_dags/example_branch_day_of_week_operator.py
[2025-04-18T16:29:48.992+0000] {processor.py:925} INFO - DAG(s) 'example_weekday_branch_operator' retrieved from /home/airflow/.local/lib/python3.12/site-packages/airflow/example_dags/example_branch_day_of_week_operator.py
[2025-04-18T16:29:49.101+0000] {logging_mixin.py:190} INFO - [2025-04-18T16:29:49.101+0000] {override.py:1912} INFO - Created Permission View: can read on DAG:example_weekday_branch_operator
[2025-04-18T16:29:49.119+0000] {logging_mixin.py:190} INFO - [2025-04-18T16:29:49.119+0000] {override.py:1912} INFO - Created Permission View: can edit on DAG:example_weekday_branch_operator
[2025-04-18T16:29:49.126+0000] {logging_mixin.py:190} INFO - [2025-04-18T16:29:49.126+0000] {override.py:1912} INFO - Created Permission View: can delete on DAG:example_weekday_branch_operator
[2025-04-18T16:29:49.140+0000] {logging_mixin.py:190} INFO - [2025-04-18T16:29:49.139+0000] {override.py:1912} INFO - Created Permission View: can delete on DAG Run:example_weekday_branch_operator
[2025-04-18T16:29:49.149+0000] {logging_mixin.py:190} INFO - [2025-04-18T16:29:49.149+0000] {override.py:1912} INFO - Created Permission View: can read on DAG Run:example_weekday_branch_operator
[2025-04-18T16:29:49.158+0000] {logging_mixin.py:190} INFO - [2025-04-18T16:29:49.158+0000] {override.py:1912} INFO - Created Permission View: menu access on DAG Run:example_weekday_branch_operator
[2025-04-18T16:29:49.166+0000] {logging_mixin.py:190} INFO - [2025-04-18T16:29:49.166+0000] {override.py:1912} INFO - Created Permission View: can create on DAG Run:example_weekday_branch_operator
[2025-04-18T16:29:49.167+0000] {logging_mixin.py:190} INFO - [2025-04-18T16:29:49.167+0000] {dag.py:3239} INFO - Sync 1 DAGs
[2025-04-18T16:29:49.191+0000] {logging_mixin.py:190} INFO - [2025-04-18T16:29:49.190+0000] {dag.py:3262} INFO - Creating ORM DAG for example_weekday_branch_operator
[2025-04-18T16:29:49.204+0000] {logging_mixin.py:190} INFO - [2025-04-18T16:29:49.204+0000] {dag.py:4180} INFO - Setting next_dagrun for example_weekday_branch_operator to 2025-04-17 00:00:00+00:00, run_after=2025-04-18 00:00:00+00:00
[2025-04-18T16:29:49.307+0000] {processor.py:208} INFO - Processing /home/airflow/.local/lib/python3.12/site-packages/airflow/example_dags/example_branch_day_of_week_operator.py took 0.335 seconds
[2025-04-18T16:30:19.840+0000] {processor.py:186} INFO - Started process (PID=160) to work on /home/airflow/.local/lib/python3.12/site-packages/airflow/example_dags/example_branch_day_of_week_operator.py
[2025-04-18T16:30:19.841+0000] {processor.py:914} INFO - Processing file /home/airflow/.local/lib/python3.12/site-packages/airflow/example_dags/example_branch_day_of_week_operator.py for tasks to queue
[2025-04-18T16:30:19.843+0000] {logging_mixin.py:190} INFO - [2025-04-18T16:30:19.843+0000] {dagbag.py:588} INFO - Filling up the DagBag from /home/airflow/.local/lib/python3.12/site-packages/airflow/example_dags/example_branch_day_of_week_operator.py
[2025-04-18T16:30:19.851+0000] {processor.py:925} INFO - DAG(s) 'example_weekday_branch_operator' retrieved from /home/airflow/.local/lib/python3.12/site-packages/airflow/example_dags/example_branch_day_of_week_operator.py
[2025-04-18T16:30:19.871+0000] {logging_mixin.py:190} INFO - [2025-04-18T16:30:19.871+0000] {dag.py:3239} INFO - Sync 1 DAGs
[2025-04-18T16:30:19.897+0000] {logging_mixin.py:190} INFO - [2025-04-18T16:30:19.896+0000] {dag.py:4180} INFO - Setting next_dagrun for example_weekday_branch_operator to 2025-04-17 00:00:00+00:00, run_after=2025-04-18 00:00:00+00:00
[2025-04-18T16:30:19.947+0000] {processor.py:208} INFO - Processing /home/airflow/.local/lib/python3.12/site-packages/airflow/example_dags/example_branch_day_of_week_operator.py took 0.113 seconds
[2025-04-18T16:30:50.122+0000] {processor.py:186} INFO - Started process (PID=223) to work on /home/airflow/.local/lib/python3.12/site-packages/airflow/example_dags/example_branch_day_of_week_operator.py
[2025-04-18T16:30:50.123+0000] {processor.py:914} INFO - Processing file /home/airflow/.local/lib/python3.12/site-packages/airflow/example_dags/example_branch_day_of_week_operator.py for tasks to queue
[2025-04-18T16:30:50.126+0000] {logging_mixin.py:190} INFO - [2025-04-18T16:30:50.125+0000] {dagbag.py:588} INFO - Filling up the DagBag from /home/airflow/.local/lib/python3.12/site-packages/airflow/example_dags/example_branch_day_of_week_operator.py
[2025-04-18T16:30:50.134+0000] {processor.py:925} INFO - DAG(s) 'example_weekday_branch_operator' retrieved from /home/airflow/.local/lib/python3.12/site-packages/airflow/example_dags/example_branch_day_of_week_operator.py
[2025-04-18T16:30:50.154+0000] {logging_mixin.py:190} INFO - [2025-04-18T16:30:50.154+0000] {dag.py:3239} INFO - Sync 1 DAGs
[2025-04-18T16:30:50.179+0000] {logging_mixin.py:190} INFO - [2025-04-18T16:30:50.179+0000] {dag.py:4180} INFO - Setting next_dagrun for example_weekday_branch_operator to 2025-04-17 00:00:00+00:00, run_after=2025-04-18 00:00:00+00:00
[2025-04-18T16:30:50.205+0000] {processor.py:208} INFO - Processing /home/airflow/.local/lib/python3.12/site-packages/airflow/example_dags/example_branch_day_of_week_operator.py took 0.089 seconds
