[2025-04-18T16:29:52.394+0000] {processor.py:186} INFO - Started process (PID=112) to work on /home/airflow/.local/lib/python3.12/site-packages/airflow/example_dags/example_task_group.py
[2025-04-18T16:29:52.397+0000] {processor.py:914} INFO - Processing file /home/airflow/.local/lib/python3.12/site-packages/airflow/example_dags/example_task_group.py for tasks to queue
[2025-04-18T16:29:52.401+0000] {logging_mixin.py:190} INFO - [2025-04-18T16:29:52.400+0000] {dagbag.py:588} INFO - Filling up the DagBag from /home/airflow/.local/lib/python3.12/site-packages/airflow/example_dags/example_task_group.py
[2025-04-18T16:29:52.419+0000] {processor.py:925} INFO - DAG(s) 'example_task_group' retrieved from /home/airflow/.local/lib/python3.12/site-packages/airflow/example_dags/example_task_group.py
[2025-04-18T16:29:52.566+0000] {logging_mixin.py:190} INFO - [2025-04-18T16:29:52.565+0000] {override.py:1912} INFO - Created Permission View: can read on DAG:example_task_group
[2025-04-18T16:29:52.578+0000] {logging_mixin.py:190} INFO - [2025-04-18T16:29:52.578+0000] {override.py:1912} INFO - Created Permission View: can edit on DAG:example_task_group
[2025-04-18T16:29:52.590+0000] {logging_mixin.py:190} INFO - [2025-04-18T16:29:52.590+0000] {override.py:1912} INFO - Created Permission View: can delete on DAG:example_task_group
[2025-04-18T16:29:52.600+0000] {logging_mixin.py:190} INFO - [2025-04-18T16:29:52.600+0000] {override.py:1912} INFO - Created Permission View: can delete on DAG Run:example_task_group
[2025-04-18T16:29:52.609+0000] {logging_mixin.py:190} INFO - [2025-04-18T16:29:52.609+0000] {override.py:1912} INFO - Created Permission View: can read on DAG Run:example_task_group
[2025-04-18T16:29:52.620+0000] {logging_mixin.py:190} INFO - [2025-04-18T16:29:52.619+0000] {override.py:1912} INFO - Created Permission View: menu access on DAG Run:example_task_group
[2025-04-18T16:29:52.629+0000] {logging_mixin.py:190} INFO - [2025-04-18T16:29:52.628+0000] {override.py:1912} INFO - Created Permission View: can create on DAG Run:example_task_group
[2025-04-18T16:29:52.629+0000] {logging_mixin.py:190} INFO - [2025-04-18T16:29:52.629+0000] {dag.py:3239} INFO - Sync 1 DAGs
[2025-04-18T16:29:52.641+0000] {logging_mixin.py:190} INFO - [2025-04-18T16:29:52.641+0000] {dag.py:3262} INFO - Creating ORM DAG for example_task_group
[2025-04-18T16:29:52.642+0000] {logging_mixin.py:190} INFO - [2025-04-18T16:29:52.642+0000] {dag.py:4180} INFO - Setting next_dagrun for example_task_group to None, run_after=None
[2025-04-18T16:29:52.661+0000] {processor.py:208} INFO - Processing /home/airflow/.local/lib/python3.12/site-packages/airflow/example_dags/example_task_group.py took 0.280 seconds
[2025-04-18T16:30:23.520+0000] {processor.py:186} INFO - Started process (PID=175) to work on /home/airflow/.local/lib/python3.12/site-packages/airflow/example_dags/example_task_group.py
[2025-04-18T16:30:23.522+0000] {processor.py:914} INFO - Processing file /home/airflow/.local/lib/python3.12/site-packages/airflow/example_dags/example_task_group.py for tasks to queue
[2025-04-18T16:30:23.525+0000] {logging_mixin.py:190} INFO - [2025-04-18T16:30:23.525+0000] {dagbag.py:588} INFO - Filling up the DagBag from /home/airflow/.local/lib/python3.12/site-packages/airflow/example_dags/example_task_group.py
[2025-04-18T16:30:23.538+0000] {processor.py:925} INFO - DAG(s) 'example_task_group' retrieved from /home/airflow/.local/lib/python3.12/site-packages/airflow/example_dags/example_task_group.py
[2025-04-18T16:30:23.557+0000] {logging_mixin.py:190} INFO - [2025-04-18T16:30:23.557+0000] {dag.py:3239} INFO - Sync 1 DAGs
[2025-04-18T16:30:23.575+0000] {logging_mixin.py:190} INFO - [2025-04-18T16:30:23.575+0000] {dag.py:4180} INFO - Setting next_dagrun for example_task_group to None, run_after=None
[2025-04-18T16:30:23.605+0000] {processor.py:208} INFO - Processing /home/airflow/.local/lib/python3.12/site-packages/airflow/example_dags/example_task_group.py took 0.091 seconds
[2025-04-18T16:30:53.944+0000] {processor.py:186} INFO - Started process (PID=238) to work on /home/airflow/.local/lib/python3.12/site-packages/airflow/example_dags/example_task_group.py
[2025-04-18T16:30:53.945+0000] {processor.py:914} INFO - Processing file /home/airflow/.local/lib/python3.12/site-packages/airflow/example_dags/example_task_group.py for tasks to queue
[2025-04-18T16:30:53.948+0000] {logging_mixin.py:190} INFO - [2025-04-18T16:30:53.947+0000] {dagbag.py:588} INFO - Filling up the DagBag from /home/airflow/.local/lib/python3.12/site-packages/airflow/example_dags/example_task_group.py
[2025-04-18T16:30:53.957+0000] {processor.py:925} INFO - DAG(s) 'example_task_group' retrieved from /home/airflow/.local/lib/python3.12/site-packages/airflow/example_dags/example_task_group.py
[2025-04-18T16:30:53.980+0000] {logging_mixin.py:190} INFO - [2025-04-18T16:30:53.980+0000] {dag.py:3239} INFO - Sync 1 DAGs
[2025-04-18T16:30:53.998+0000] {logging_mixin.py:190} INFO - [2025-04-18T16:30:53.998+0000] {dag.py:4180} INFO - Setting next_dagrun for example_task_group to None, run_after=None
[2025-04-18T16:30:54.019+0000] {processor.py:208} INFO - Processing /home/airflow/.local/lib/python3.12/site-packages/airflow/example_dags/example_task_group.py took 0.080 seconds
