[2025-04-18T16:29:51.610+0000] {processor.py:186} INFO - Started process (PID=107) to work on /home/airflow/.local/lib/python3.12/site-packages/airflow/example_dags/example_xcom.py
[2025-04-18T16:29:51.611+0000] {processor.py:914} INFO - Processing file /home/airflow/.local/lib/python3.12/site-packages/airflow/example_dags/example_xcom.py for tasks to queue
[2025-04-18T16:29:51.613+0000] {logging_mixin.py:190} INFO - [2025-04-18T16:29:51.613+0000] {dagbag.py:588} INFO - Filling up the DagBag from /home/airflow/.local/lib/python3.12/site-packages/airflow/example_dags/example_xcom.py
[2025-04-18T16:29:51.626+0000] {processor.py:925} INFO - DAG(s) 'example_xcom' retrieved from /home/airflow/.local/lib/python3.12/site-packages/airflow/example_dags/example_xcom.py
[2025-04-18T16:29:51.736+0000] {logging_mixin.py:190} INFO - [2025-04-18T16:29:51.735+0000] {override.py:1912} INFO - Created Permission View: can read on DAG:example_xcom
[2025-04-18T16:29:51.747+0000] {logging_mixin.py:190} INFO - [2025-04-18T16:29:51.747+0000] {override.py:1912} INFO - Created Permission View: can edit on DAG:example_xcom
[2025-04-18T16:29:51.755+0000] {logging_mixin.py:190} INFO - [2025-04-18T16:29:51.754+0000] {override.py:1912} INFO - Created Permission View: can delete on DAG:example_xcom
[2025-04-18T16:29:51.768+0000] {logging_mixin.py:190} INFO - [2025-04-18T16:29:51.768+0000] {override.py:1912} INFO - Created Permission View: can delete on DAG Run:example_xcom
[2025-04-18T16:29:51.776+0000] {logging_mixin.py:190} INFO - [2025-04-18T16:29:51.776+0000] {override.py:1912} INFO - Created Permission View: can read on DAG Run:example_xcom
[2025-04-18T16:29:51.783+0000] {logging_mixin.py:190} INFO - [2025-04-18T16:29:51.783+0000] {override.py:1912} INFO - Created Permission View: menu access on DAG Run:example_xcom
[2025-04-18T16:29:51.792+0000] {logging_mixin.py:190} INFO - [2025-04-18T16:29:51.791+0000] {override.py:1912} INFO - Created Permission View: can create on DAG Run:example_xcom
[2025-04-18T16:29:51.794+0000] {logging_mixin.py:190} INFO - [2025-04-18T16:29:51.794+0000] {dag.py:3239} INFO - Sync 1 DAGs
[2025-04-18T16:29:51.807+0000] {logging_mixin.py:190} INFO - [2025-04-18T16:29:51.807+0000] {dag.py:3262} INFO - Creating ORM DAG for example_xcom
[2025-04-18T16:29:51.819+0000] {logging_mixin.py:190} INFO - [2025-04-18T16:29:51.818+0000] {dag.py:4180} INFO - Setting next_dagrun for example_xcom to 2021-01-01 00:00:00+00:00, run_after=2021-01-01 00:00:00+00:00
[2025-04-18T16:29:51.840+0000] {processor.py:208} INFO - Processing /home/airflow/.local/lib/python3.12/site-packages/airflow/example_dags/example_xcom.py took 0.235 seconds
[2025-04-18T16:30:22.159+0000] {processor.py:186} INFO - Started process (PID=170) to work on /home/airflow/.local/lib/python3.12/site-packages/airflow/example_dags/example_xcom.py
[2025-04-18T16:30:22.160+0000] {processor.py:914} INFO - Processing file /home/airflow/.local/lib/python3.12/site-packages/airflow/example_dags/example_xcom.py for tasks to queue
[2025-04-18T16:30:22.163+0000] {logging_mixin.py:190} INFO - [2025-04-18T16:30:22.162+0000] {dagbag.py:588} INFO - Filling up the DagBag from /home/airflow/.local/lib/python3.12/site-packages/airflow/example_dags/example_xcom.py
[2025-04-18T16:30:22.175+0000] {processor.py:925} INFO - DAG(s) 'example_xcom' retrieved from /home/airflow/.local/lib/python3.12/site-packages/airflow/example_dags/example_xcom.py
[2025-04-18T16:30:22.200+0000] {logging_mixin.py:190} INFO - [2025-04-18T16:30:22.199+0000] {dag.py:3239} INFO - Sync 1 DAGs
[2025-04-18T16:30:22.229+0000] {logging_mixin.py:190} INFO - [2025-04-18T16:30:22.228+0000] {dag.py:4180} INFO - Setting next_dagrun for example_xcom to 2021-01-01 00:00:00+00:00, run_after=2021-01-01 00:00:00+00:00
[2025-04-18T16:30:22.249+0000] {processor.py:208} INFO - Processing /home/airflow/.local/lib/python3.12/site-packages/airflow/example_dags/example_xcom.py took 0.094 seconds
[2025-04-18T16:30:53.501+0000] {processor.py:186} INFO - Started process (PID=233) to work on /home/airflow/.local/lib/python3.12/site-packages/airflow/example_dags/example_xcom.py
[2025-04-18T16:30:53.502+0000] {processor.py:914} INFO - Processing file /home/airflow/.local/lib/python3.12/site-packages/airflow/example_dags/example_xcom.py for tasks to queue
[2025-04-18T16:30:53.504+0000] {logging_mixin.py:190} INFO - [2025-04-18T16:30:53.504+0000] {dagbag.py:588} INFO - Filling up the DagBag from /home/airflow/.local/lib/python3.12/site-packages/airflow/example_dags/example_xcom.py
[2025-04-18T16:30:53.518+0000] {processor.py:925} INFO - DAG(s) 'example_xcom' retrieved from /home/airflow/.local/lib/python3.12/site-packages/airflow/example_dags/example_xcom.py
[2025-04-18T16:30:53.541+0000] {logging_mixin.py:190} INFO - [2025-04-18T16:30:53.540+0000] {dag.py:3239} INFO - Sync 1 DAGs
[2025-04-18T16:30:53.566+0000] {logging_mixin.py:190} INFO - [2025-04-18T16:30:53.566+0000] {dag.py:4180} INFO - Setting next_dagrun for example_xcom to 2021-01-01 00:00:00+00:00, run_after=2021-01-01 00:00:00+00:00
[2025-04-18T16:30:53.595+0000] {processor.py:208} INFO - Processing /home/airflow/.local/lib/python3.12/site-packages/airflow/example_dags/example_xcom.py took 0.100 seconds
