[2025-04-18T16:29:55.302+0000] {processor.py:186} INFO - Started process (PID=124) to work on /home/airflow/.local/lib/python3.12/site-packages/airflow/example_dags/example_skip_dag.py
[2025-04-18T16:29:55.303+0000] {processor.py:914} INFO - Processing file /home/airflow/.local/lib/python3.12/site-packages/airflow/example_dags/example_skip_dag.py for tasks to queue
[2025-04-18T16:29:55.306+0000] {logging_mixin.py:190} INFO - [2025-04-18T16:29:55.306+0000] {dagbag.py:588} INFO - Filling up the DagBag from /home/airflow/.local/lib/python3.12/site-packages/airflow/example_dags/example_skip_dag.py
[2025-04-18T16:29:55.314+0000] {processor.py:925} INFO - DAG(s) 'example_skip_dag' retrieved from /home/airflow/.local/lib/python3.12/site-packages/airflow/example_dags/example_skip_dag.py
[2025-04-18T16:29:55.440+0000] {logging_mixin.py:190} INFO - [2025-04-18T16:29:55.439+0000] {override.py:1912} INFO - Created Permission View: can read on DAG:example_skip_dag
[2025-04-18T16:29:55.451+0000] {logging_mixin.py:190} INFO - [2025-04-18T16:29:55.451+0000] {override.py:1912} INFO - Created Permission View: can edit on DAG:example_skip_dag
[2025-04-18T16:29:55.458+0000] {logging_mixin.py:190} INFO - [2025-04-18T16:29:55.458+0000] {override.py:1912} INFO - Created Permission View: can delete on DAG:example_skip_dag
[2025-04-18T16:29:55.473+0000] {logging_mixin.py:190} INFO - [2025-04-18T16:29:55.472+0000] {override.py:1912} INFO - Created Permission View: can delete on DAG Run:example_skip_dag
[2025-04-18T16:29:55.480+0000] {logging_mixin.py:190} INFO - [2025-04-18T16:29:55.480+0000] {override.py:1912} INFO - Created Permission View: can read on DAG Run:example_skip_dag
[2025-04-18T16:29:55.488+0000] {logging_mixin.py:190} INFO - [2025-04-18T16:29:55.487+0000] {override.py:1912} INFO - Created Permission View: menu access on DAG Run:example_skip_dag
[2025-04-18T16:29:55.496+0000] {logging_mixin.py:190} INFO - [2025-04-18T16:29:55.495+0000] {override.py:1912} INFO - Created Permission View: can create on DAG Run:example_skip_dag
[2025-04-18T16:29:55.498+0000] {logging_mixin.py:190} INFO - [2025-04-18T16:29:55.498+0000] {dag.py:3239} INFO - Sync 1 DAGs
[2025-04-18T16:29:55.511+0000] {logging_mixin.py:190} INFO - [2025-04-18T16:29:55.511+0000] {dag.py:3262} INFO - Creating ORM DAG for example_skip_dag
[2025-04-18T16:29:55.521+0000] {logging_mixin.py:190} INFO - [2025-04-18T16:29:55.521+0000] {dag.py:4180} INFO - Setting next_dagrun for example_skip_dag to 2025-04-17 00:00:00+00:00, run_after=2025-04-18 00:00:00+00:00
[2025-04-18T16:29:55.541+0000] {processor.py:208} INFO - Processing /home/airflow/.local/lib/python3.12/site-packages/airflow/example_dags/example_skip_dag.py took 0.245 seconds
[2025-04-18T16:30:26.151+0000] {processor.py:186} INFO - Started process (PID=187) to work on /home/airflow/.local/lib/python3.12/site-packages/airflow/example_dags/example_skip_dag.py
[2025-04-18T16:30:26.152+0000] {processor.py:914} INFO - Processing file /home/airflow/.local/lib/python3.12/site-packages/airflow/example_dags/example_skip_dag.py for tasks to queue
[2025-04-18T16:30:26.154+0000] {logging_mixin.py:190} INFO - [2025-04-18T16:30:26.154+0000] {dagbag.py:588} INFO - Filling up the DagBag from /home/airflow/.local/lib/python3.12/site-packages/airflow/example_dags/example_skip_dag.py
[2025-04-18T16:30:26.162+0000] {processor.py:925} INFO - DAG(s) 'example_skip_dag' retrieved from /home/airflow/.local/lib/python3.12/site-packages/airflow/example_dags/example_skip_dag.py
[2025-04-18T16:30:26.188+0000] {logging_mixin.py:190} INFO - [2025-04-18T16:30:26.188+0000] {dag.py:3239} INFO - Sync 1 DAGs
[2025-04-18T16:30:26.212+0000] {logging_mixin.py:190} INFO - [2025-04-18T16:30:26.212+0000] {dag.py:4180} INFO - Setting next_dagrun for example_skip_dag to 2025-04-17 00:00:00+00:00, run_after=2025-04-18 00:00:00+00:00
[2025-04-18T16:30:26.243+0000] {processor.py:208} INFO - Processing /home/airflow/.local/lib/python3.12/site-packages/airflow/example_dags/example_skip_dag.py took 0.097 seconds
[2025-04-18T16:30:57.222+0000] {processor.py:186} INFO - Started process (PID=250) to work on /home/airflow/.local/lib/python3.12/site-packages/airflow/example_dags/example_skip_dag.py
[2025-04-18T16:30:57.224+0000] {processor.py:914} INFO - Processing file /home/airflow/.local/lib/python3.12/site-packages/airflow/example_dags/example_skip_dag.py for tasks to queue
[2025-04-18T16:30:57.228+0000] {logging_mixin.py:190} INFO - [2025-04-18T16:30:57.227+0000] {dagbag.py:588} INFO - Filling up the DagBag from /home/airflow/.local/lib/python3.12/site-packages/airflow/example_dags/example_skip_dag.py
[2025-04-18T16:30:57.236+0000] {processor.py:925} INFO - DAG(s) 'example_skip_dag' retrieved from /home/airflow/.local/lib/python3.12/site-packages/airflow/example_dags/example_skip_dag.py
[2025-04-18T16:30:57.277+0000] {logging_mixin.py:190} INFO - [2025-04-18T16:30:57.276+0000] {dag.py:3239} INFO - Sync 1 DAGs
[2025-04-18T16:30:57.307+0000] {logging_mixin.py:190} INFO - [2025-04-18T16:30:57.307+0000] {dag.py:4180} INFO - Setting next_dagrun for example_skip_dag to 2025-04-17 00:00:00+00:00, run_after=2025-04-18 00:00:00+00:00
[2025-04-18T16:30:57.358+0000] {processor.py:208} INFO - Processing /home/airflow/.local/lib/python3.12/site-packages/airflow/example_dags/example_skip_dag.py took 0.142 seconds
