[2025-04-18T16:29:51.485+0000] {processor.py:186} INFO - Started process (PID=106) to work on /home/airflow/.local/lib/python3.12/site-packages/airflow/example_dags/example_short_circuit_operator.py
[2025-04-18T16:29:51.486+0000] {processor.py:914} INFO - Processing file /home/airflow/.local/lib/python3.12/site-packages/airflow/example_dags/example_short_circuit_operator.py for tasks to queue
[2025-04-18T16:29:51.489+0000] {logging_mixin.py:190} INFO - [2025-04-18T16:29:51.489+0000] {dagbag.py:588} INFO - Filling up the DagBag from /home/airflow/.local/lib/python3.12/site-packages/airflow/example_dags/example_short_circuit_operator.py
[2025-04-18T16:29:51.499+0000] {processor.py:925} INFO - DAG(s) 'example_short_circuit_operator' retrieved from /home/airflow/.local/lib/python3.12/site-packages/airflow/example_dags/example_short_circuit_operator.py
[2025-04-18T16:29:51.617+0000] {logging_mixin.py:190} INFO - [2025-04-18T16:29:51.616+0000] {override.py:1912} INFO - Created Permission View: can read on DAG:example_short_circuit_operator
[2025-04-18T16:29:51.633+0000] {logging_mixin.py:190} INFO - [2025-04-18T16:29:51.632+0000] {override.py:1912} INFO - Created Permission View: can edit on DAG:example_short_circuit_operator
[2025-04-18T16:29:51.641+0000] {logging_mixin.py:190} INFO - [2025-04-18T16:29:51.640+0000] {override.py:1912} INFO - Created Permission View: can delete on DAG:example_short_circuit_operator
[2025-04-18T16:29:51.650+0000] {logging_mixin.py:190} INFO - [2025-04-18T16:29:51.650+0000] {override.py:1912} INFO - Created Permission View: can delete on DAG Run:example_short_circuit_operator
[2025-04-18T16:29:51.662+0000] {logging_mixin.py:190} INFO - [2025-04-18T16:29:51.662+0000] {override.py:1912} INFO - Created Permission View: can read on DAG Run:example_short_circuit_operator
[2025-04-18T16:29:51.670+0000] {logging_mixin.py:190} INFO - [2025-04-18T16:29:51.669+0000] {override.py:1912} INFO - Created Permission View: menu access on DAG Run:example_short_circuit_operator
[2025-04-18T16:29:51.677+0000] {logging_mixin.py:190} INFO - [2025-04-18T16:29:51.677+0000] {override.py:1912} INFO - Created Permission View: can create on DAG Run:example_short_circuit_operator
[2025-04-18T16:29:51.678+0000] {logging_mixin.py:190} INFO - [2025-04-18T16:29:51.678+0000] {dag.py:3239} INFO - Sync 1 DAGs
[2025-04-18T16:29:51.692+0000] {logging_mixin.py:190} INFO - [2025-04-18T16:29:51.692+0000] {dag.py:3262} INFO - Creating ORM DAG for example_short_circuit_operator
[2025-04-18T16:29:51.693+0000] {logging_mixin.py:190} INFO - [2025-04-18T16:29:51.693+0000] {dag.py:4180} INFO - Setting next_dagrun for example_short_circuit_operator to None, run_after=None
[2025-04-18T16:29:51.710+0000] {processor.py:208} INFO - Processing /home/airflow/.local/lib/python3.12/site-packages/airflow/example_dags/example_short_circuit_operator.py took 0.232 seconds
[2025-04-18T16:30:22.100+0000] {processor.py:186} INFO - Started process (PID=169) to work on /home/airflow/.local/lib/python3.12/site-packages/airflow/example_dags/example_short_circuit_operator.py
[2025-04-18T16:30:22.101+0000] {processor.py:914} INFO - Processing file /home/airflow/.local/lib/python3.12/site-packages/airflow/example_dags/example_short_circuit_operator.py for tasks to queue
[2025-04-18T16:30:22.105+0000] {logging_mixin.py:190} INFO - [2025-04-18T16:30:22.104+0000] {dagbag.py:588} INFO - Filling up the DagBag from /home/airflow/.local/lib/python3.12/site-packages/airflow/example_dags/example_short_circuit_operator.py
[2025-04-18T16:30:22.117+0000] {processor.py:925} INFO - DAG(s) 'example_short_circuit_operator' retrieved from /home/airflow/.local/lib/python3.12/site-packages/airflow/example_dags/example_short_circuit_operator.py
[2025-04-18T16:30:22.148+0000] {logging_mixin.py:190} INFO - [2025-04-18T16:30:22.147+0000] {dag.py:3239} INFO - Sync 1 DAGs
[2025-04-18T16:30:22.162+0000] {logging_mixin.py:190} INFO - [2025-04-18T16:30:22.162+0000] {dag.py:4180} INFO - Setting next_dagrun for example_short_circuit_operator to None, run_after=None
[2025-04-18T16:30:22.189+0000] {processor.py:208} INFO - Processing /home/airflow/.local/lib/python3.12/site-packages/airflow/example_dags/example_short_circuit_operator.py took 0.094 seconds
[2025-04-18T16:30:53.494+0000] {processor.py:186} INFO - Started process (PID=232) to work on /home/airflow/.local/lib/python3.12/site-packages/airflow/example_dags/example_short_circuit_operator.py
[2025-04-18T16:30:53.495+0000] {processor.py:914} INFO - Processing file /home/airflow/.local/lib/python3.12/site-packages/airflow/example_dags/example_short_circuit_operator.py for tasks to queue
[2025-04-18T16:30:53.498+0000] {logging_mixin.py:190} INFO - [2025-04-18T16:30:53.497+0000] {dagbag.py:588} INFO - Filling up the DagBag from /home/airflow/.local/lib/python3.12/site-packages/airflow/example_dags/example_short_circuit_operator.py
[2025-04-18T16:30:53.507+0000] {processor.py:925} INFO - DAG(s) 'example_short_circuit_operator' retrieved from /home/airflow/.local/lib/python3.12/site-packages/airflow/example_dags/example_short_circuit_operator.py
[2025-04-18T16:30:53.538+0000] {logging_mixin.py:190} INFO - [2025-04-18T16:30:53.537+0000] {dag.py:3239} INFO - Sync 1 DAGs
[2025-04-18T16:30:53.558+0000] {logging_mixin.py:190} INFO - [2025-04-18T16:30:53.557+0000] {dag.py:4180} INFO - Setting next_dagrun for example_short_circuit_operator to None, run_after=None
[2025-04-18T16:30:53.587+0000] {processor.py:208} INFO - Processing /home/airflow/.local/lib/python3.12/site-packages/airflow/example_dags/example_short_circuit_operator.py took 0.098 seconds
