[2025-04-18T16:29:55.576+0000] {processor.py:186} INFO - Started process (PID=125) to work on /home/airflow/.local/lib/python3.12/site-packages/airflow/example_dags/example_dataset_alias_with_no_taskflow.py
[2025-04-18T16:29:55.576+0000] {processor.py:914} INFO - Processing file /home/airflow/.local/lib/python3.12/site-packages/airflow/example_dags/example_dataset_alias_with_no_taskflow.py for tasks to queue
[2025-04-18T16:29:55.579+0000] {logging_mixin.py:190} INFO - [2025-04-18T16:29:55.579+0000] {dagbag.py:588} INFO - Filling up the DagBag from /home/airflow/.local/lib/python3.12/site-packages/airflow/example_dags/example_dataset_alias_with_no_taskflow.py
[2025-04-18T16:29:56.235+0000] {processor.py:925} INFO - DAG(s) 'dataset_s3_bucket_producer_with_no_taskflow', 'dataset_alias_example_alias_producer_with_no_taskflow', 'dataset_s3_bucket_consumer_with_no_taskflow', 'dataset_alias_example_alias_consumer_with_no_taskflow' retrieved from /home/airflow/.local/lib/python3.12/site-packages/airflow/example_dags/example_dataset_alias_with_no_taskflow.py
[2025-04-18T16:29:56.323+0000] {logging_mixin.py:190} INFO - [2025-04-18T16:29:56.322+0000] {override.py:1912} INFO - Created Permission View: can read on DAG:dataset_s3_bucket_producer_with_no_taskflow
[2025-04-18T16:29:56.337+0000] {logging_mixin.py:190} INFO - [2025-04-18T16:29:56.336+0000] {override.py:1912} INFO - Created Permission View: can edit on DAG:dataset_s3_bucket_producer_with_no_taskflow
[2025-04-18T16:29:56.345+0000] {logging_mixin.py:190} INFO - [2025-04-18T16:29:56.344+0000] {override.py:1912} INFO - Created Permission View: can delete on DAG:dataset_s3_bucket_producer_with_no_taskflow
[2025-04-18T16:29:56.354+0000] {logging_mixin.py:190} INFO - [2025-04-18T16:29:56.353+0000] {override.py:1912} INFO - Created Permission View: can delete on DAG Run:dataset_s3_bucket_producer_with_no_taskflow
[2025-04-18T16:29:56.362+0000] {logging_mixin.py:190} INFO - [2025-04-18T16:29:56.361+0000] {override.py:1912} INFO - Created Permission View: can read on DAG Run:dataset_s3_bucket_producer_with_no_taskflow
[2025-04-18T16:29:56.374+0000] {logging_mixin.py:190} INFO - [2025-04-18T16:29:56.374+0000] {override.py:1912} INFO - Created Permission View: menu access on DAG Run:dataset_s3_bucket_producer_with_no_taskflow
[2025-04-18T16:29:56.382+0000] {logging_mixin.py:190} INFO - [2025-04-18T16:29:56.382+0000] {override.py:1912} INFO - Created Permission View: can create on DAG Run:dataset_s3_bucket_producer_with_no_taskflow
[2025-04-18T16:29:56.397+0000] {logging_mixin.py:190} INFO - [2025-04-18T16:29:56.397+0000] {override.py:1912} INFO - Created Permission View: can read on DAG:dataset_alias_example_alias_producer_with_no_taskflow
[2025-04-18T16:29:56.409+0000] {logging_mixin.py:190} INFO - [2025-04-18T16:29:56.408+0000] {override.py:1912} INFO - Created Permission View: can edit on DAG:dataset_alias_example_alias_producer_with_no_taskflow
[2025-04-18T16:29:56.416+0000] {logging_mixin.py:190} INFO - [2025-04-18T16:29:56.416+0000] {override.py:1912} INFO - Created Permission View: can delete on DAG:dataset_alias_example_alias_producer_with_no_taskflow
[2025-04-18T16:29:56.425+0000] {logging_mixin.py:190} INFO - [2025-04-18T16:29:56.424+0000] {override.py:1912} INFO - Created Permission View: can delete on DAG Run:dataset_alias_example_alias_producer_with_no_taskflow
[2025-04-18T16:29:56.432+0000] {logging_mixin.py:190} INFO - [2025-04-18T16:29:56.431+0000] {override.py:1912} INFO - Created Permission View: can read on DAG Run:dataset_alias_example_alias_producer_with_no_taskflow
[2025-04-18T16:29:56.443+0000] {logging_mixin.py:190} INFO - [2025-04-18T16:29:56.443+0000] {override.py:1912} INFO - Created Permission View: menu access on DAG Run:dataset_alias_example_alias_producer_with_no_taskflow
[2025-04-18T16:29:56.451+0000] {logging_mixin.py:190} INFO - [2025-04-18T16:29:56.450+0000] {override.py:1912} INFO - Created Permission View: can create on DAG Run:dataset_alias_example_alias_producer_with_no_taskflow
[2025-04-18T16:29:56.465+0000] {logging_mixin.py:190} INFO - [2025-04-18T16:29:56.465+0000] {override.py:1912} INFO - Created Permission View: can read on DAG:dataset_s3_bucket_consumer_with_no_taskflow
[2025-04-18T16:29:56.478+0000] {logging_mixin.py:190} INFO - [2025-04-18T16:29:56.477+0000] {override.py:1912} INFO - Created Permission View: can edit on DAG:dataset_s3_bucket_consumer_with_no_taskflow
[2025-04-18T16:29:56.486+0000] {logging_mixin.py:190} INFO - [2025-04-18T16:29:56.486+0000] {override.py:1912} INFO - Created Permission View: can delete on DAG:dataset_s3_bucket_consumer_with_no_taskflow
[2025-04-18T16:29:56.499+0000] {logging_mixin.py:190} INFO - [2025-04-18T16:29:56.498+0000] {override.py:1912} INFO - Created Permission View: can delete on DAG Run:dataset_s3_bucket_consumer_with_no_taskflow
[2025-04-18T16:29:56.511+0000] {logging_mixin.py:190} INFO - [2025-04-18T16:29:56.511+0000] {override.py:1912} INFO - Created Permission View: can read on DAG Run:dataset_s3_bucket_consumer_with_no_taskflow
[2025-04-18T16:29:56.520+0000] {logging_mixin.py:190} INFO - [2025-04-18T16:29:56.520+0000] {override.py:1912} INFO - Created Permission View: menu access on DAG Run:dataset_s3_bucket_consumer_with_no_taskflow
[2025-04-18T16:29:56.530+0000] {logging_mixin.py:190} INFO - [2025-04-18T16:29:56.529+0000] {override.py:1912} INFO - Created Permission View: can create on DAG Run:dataset_s3_bucket_consumer_with_no_taskflow
[2025-04-18T16:29:56.547+0000] {logging_mixin.py:190} INFO - [2025-04-18T16:29:56.547+0000] {override.py:1912} INFO - Created Permission View: can read on DAG:dataset_alias_example_alias_consumer_with_no_taskflow
[2025-04-18T16:29:56.558+0000] {logging_mixin.py:190} INFO - [2025-04-18T16:29:56.557+0000] {override.py:1912} INFO - Created Permission View: can edit on DAG:dataset_alias_example_alias_consumer_with_no_taskflow
[2025-04-18T16:29:56.567+0000] {logging_mixin.py:190} INFO - [2025-04-18T16:29:56.566+0000] {override.py:1912} INFO - Created Permission View: can delete on DAG:dataset_alias_example_alias_consumer_with_no_taskflow
[2025-04-18T16:29:56.582+0000] {logging_mixin.py:190} INFO - [2025-04-18T16:29:56.581+0000] {override.py:1912} INFO - Created Permission View: can delete on DAG Run:dataset_alias_example_alias_consumer_with_no_taskflow
[2025-04-18T16:29:56.590+0000] {logging_mixin.py:190} INFO - [2025-04-18T16:29:56.589+0000] {override.py:1912} INFO - Created Permission View: can read on DAG Run:dataset_alias_example_alias_consumer_with_no_taskflow
[2025-04-18T16:29:56.598+0000] {logging_mixin.py:190} INFO - [2025-04-18T16:29:56.597+0000] {override.py:1912} INFO - Created Permission View: menu access on DAG Run:dataset_alias_example_alias_consumer_with_no_taskflow
[2025-04-18T16:29:56.607+0000] {logging_mixin.py:190} INFO - [2025-04-18T16:29:56.606+0000] {override.py:1912} INFO - Created Permission View: can create on DAG Run:dataset_alias_example_alias_consumer_with_no_taskflow
[2025-04-18T16:29:56.608+0000] {logging_mixin.py:190} INFO - [2025-04-18T16:29:56.608+0000] {dag.py:3239} INFO - Sync 4 DAGs
[2025-04-18T16:29:56.625+0000] {logging_mixin.py:190} INFO - [2025-04-18T16:29:56.624+0000] {dag.py:3262} INFO - Creating ORM DAG for dataset_s3_bucket_producer_with_no_taskflow
[2025-04-18T16:29:56.626+0000] {logging_mixin.py:190} INFO - [2025-04-18T16:29:56.626+0000] {dag.py:3262} INFO - Creating ORM DAG for dataset_s3_bucket_consumer_with_no_taskflow
[2025-04-18T16:29:56.627+0000] {logging_mixin.py:190} INFO - [2025-04-18T16:29:56.627+0000] {dag.py:3262} INFO - Creating ORM DAG for dataset_alias_example_alias_consumer_with_no_taskflow
[2025-04-18T16:29:56.628+0000] {logging_mixin.py:190} INFO - [2025-04-18T16:29:56.628+0000] {dag.py:3262} INFO - Creating ORM DAG for dataset_alias_example_alias_producer_with_no_taskflow
[2025-04-18T16:29:56.642+0000] {logging_mixin.py:190} INFO - [2025-04-18T16:29:56.642+0000] {dag.py:4180} INFO - Setting next_dagrun for dataset_alias_example_alias_consumer_with_no_taskflow to None, run_after=None
[2025-04-18T16:29:56.643+0000] {logging_mixin.py:190} INFO - [2025-04-18T16:29:56.643+0000] {dag.py:4180} INFO - Setting next_dagrun for dataset_alias_example_alias_producer_with_no_taskflow to None, run_after=None
[2025-04-18T16:29:56.644+0000] {logging_mixin.py:190} INFO - [2025-04-18T16:29:56.644+0000] {dag.py:4180} INFO - Setting next_dagrun for dataset_s3_bucket_consumer_with_no_taskflow to None, run_after=None
[2025-04-18T16:29:56.645+0000] {logging_mixin.py:190} INFO - [2025-04-18T16:29:56.645+0000] {dag.py:4180} INFO - Setting next_dagrun for dataset_s3_bucket_producer_with_no_taskflow to None, run_after=None
[2025-04-18T16:29:56.679+0000] {processor.py:208} INFO - Processing /home/airflow/.local/lib/python3.12/site-packages/airflow/example_dags/example_dataset_alias_with_no_taskflow.py took 1.109 seconds
[2025-04-18T16:30:26.935+0000] {processor.py:186} INFO - Started process (PID=193) to work on /home/airflow/.local/lib/python3.12/site-packages/airflow/example_dags/example_dataset_alias_with_no_taskflow.py
[2025-04-18T16:30:26.936+0000] {processor.py:914} INFO - Processing file /home/airflow/.local/lib/python3.12/site-packages/airflow/example_dags/example_dataset_alias_with_no_taskflow.py for tasks to queue
[2025-04-18T16:30:26.939+0000] {logging_mixin.py:190} INFO - [2025-04-18T16:30:26.938+0000] {dagbag.py:588} INFO - Filling up the DagBag from /home/airflow/.local/lib/python3.12/site-packages/airflow/example_dags/example_dataset_alias_with_no_taskflow.py
[2025-04-18T16:30:27.538+0000] {processor.py:925} INFO - DAG(s) 'dataset_alias_example_alias_consumer_with_no_taskflow', 'dataset_s3_bucket_consumer_with_no_taskflow', 'dataset_s3_bucket_producer_with_no_taskflow', 'dataset_alias_example_alias_producer_with_no_taskflow' retrieved from /home/airflow/.local/lib/python3.12/site-packages/airflow/example_dags/example_dataset_alias_with_no_taskflow.py
[2025-04-18T16:30:27.560+0000] {logging_mixin.py:190} INFO - [2025-04-18T16:30:27.560+0000] {dag.py:3239} INFO - Sync 4 DAGs
[2025-04-18T16:30:27.585+0000] {logging_mixin.py:190} INFO - [2025-04-18T16:30:27.584+0000] {dag.py:4180} INFO - Setting next_dagrun for dataset_alias_example_alias_consumer_with_no_taskflow to None, run_after=None
[2025-04-18T16:30:27.588+0000] {logging_mixin.py:190} INFO - [2025-04-18T16:30:27.588+0000] {dag.py:4180} INFO - Setting next_dagrun for dataset_alias_example_alias_producer_with_no_taskflow to None, run_after=None
[2025-04-18T16:30:27.590+0000] {logging_mixin.py:190} INFO - [2025-04-18T16:30:27.590+0000] {dag.py:4180} INFO - Setting next_dagrun for dataset_s3_bucket_consumer_with_no_taskflow to None, run_after=None
[2025-04-18T16:30:27.592+0000] {logging_mixin.py:190} INFO - [2025-04-18T16:30:27.592+0000] {dag.py:4180} INFO - Setting next_dagrun for dataset_s3_bucket_producer_with_no_taskflow to None, run_after=None
[2025-04-18T16:30:27.626+0000] {processor.py:208} INFO - Processing /home/airflow/.local/lib/python3.12/site-packages/airflow/example_dags/example_dataset_alias_with_no_taskflow.py took 0.696 seconds
[2025-04-18T16:30:57.682+0000] {processor.py:186} INFO - Started process (PID=256) to work on /home/airflow/.local/lib/python3.12/site-packages/airflow/example_dags/example_dataset_alias_with_no_taskflow.py
[2025-04-18T16:30:57.683+0000] {processor.py:914} INFO - Processing file /home/airflow/.local/lib/python3.12/site-packages/airflow/example_dags/example_dataset_alias_with_no_taskflow.py for tasks to queue
[2025-04-18T16:30:57.686+0000] {logging_mixin.py:190} INFO - [2025-04-18T16:30:57.686+0000] {dagbag.py:588} INFO - Filling up the DagBag from /home/airflow/.local/lib/python3.12/site-packages/airflow/example_dags/example_dataset_alias_with_no_taskflow.py
[2025-04-18T16:30:58.344+0000] {processor.py:925} INFO - DAG(s) 'dataset_alias_example_alias_consumer_with_no_taskflow', 'dataset_alias_example_alias_producer_with_no_taskflow', 'dataset_s3_bucket_producer_with_no_taskflow', 'dataset_s3_bucket_consumer_with_no_taskflow' retrieved from /home/airflow/.local/lib/python3.12/site-packages/airflow/example_dags/example_dataset_alias_with_no_taskflow.py
[2025-04-18T16:30:58.364+0000] {logging_mixin.py:190} INFO - [2025-04-18T16:30:58.363+0000] {dag.py:3239} INFO - Sync 4 DAGs
[2025-04-18T16:30:58.386+0000] {logging_mixin.py:190} INFO - [2025-04-18T16:30:58.386+0000] {dag.py:4180} INFO - Setting next_dagrun for dataset_alias_example_alias_consumer_with_no_taskflow to None, run_after=None
[2025-04-18T16:30:58.390+0000] {logging_mixin.py:190} INFO - [2025-04-18T16:30:58.390+0000] {dag.py:4180} INFO - Setting next_dagrun for dataset_alias_example_alias_producer_with_no_taskflow to None, run_after=None
[2025-04-18T16:30:58.392+0000] {logging_mixin.py:190} INFO - [2025-04-18T16:30:58.392+0000] {dag.py:4180} INFO - Setting next_dagrun for dataset_s3_bucket_consumer_with_no_taskflow to None, run_after=None
[2025-04-18T16:30:58.394+0000] {logging_mixin.py:190} INFO - [2025-04-18T16:30:58.394+0000] {dag.py:4180} INFO - Setting next_dagrun for dataset_s3_bucket_producer_with_no_taskflow to None, run_after=None
[2025-04-18T16:30:58.416+0000] {processor.py:208} INFO - Processing /home/airflow/.local/lib/python3.12/site-packages/airflow/example_dags/example_dataset_alias_with_no_taskflow.py took 0.739 seconds
