[2025-04-18T16:29:54.256+0000] {processor.py:186} INFO - Started process (PID=121) to work on /home/airflow/.local/lib/python3.12/site-packages/airflow/example_dags/example_external_task_marker_dag.py
[2025-04-18T16:29:54.257+0000] {processor.py:914} INFO - Processing file /home/airflow/.local/lib/python3.12/site-packages/airflow/example_dags/example_external_task_marker_dag.py for tasks to queue
[2025-04-18T16:29:54.259+0000] {logging_mixin.py:190} INFO - [2025-04-18T16:29:54.259+0000] {dagbag.py:588} INFO - Filling up the DagBag from /home/airflow/.local/lib/python3.12/site-packages/airflow/example_dags/example_external_task_marker_dag.py
[2025-04-18T16:29:54.272+0000] {processor.py:925} INFO - DAG(s) 'example_external_task_marker_parent', 'example_external_task_marker_child' retrieved from /home/airflow/.local/lib/python3.12/site-packages/airflow/example_dags/example_external_task_marker_dag.py
[2025-04-18T16:29:54.390+0000] {logging_mixin.py:190} INFO - [2025-04-18T16:29:54.389+0000] {override.py:1912} INFO - Created Permission View: can read on DAG:example_external_task_marker_parent
[2025-04-18T16:29:54.404+0000] {logging_mixin.py:190} INFO - [2025-04-18T16:29:54.403+0000] {override.py:1912} INFO - Created Permission View: can edit on DAG:example_external_task_marker_parent
[2025-04-18T16:29:54.413+0000] {logging_mixin.py:190} INFO - [2025-04-18T16:29:54.413+0000] {override.py:1912} INFO - Created Permission View: can delete on DAG:example_external_task_marker_parent
[2025-04-18T16:29:54.429+0000] {logging_mixin.py:190} INFO - [2025-04-18T16:29:54.429+0000] {override.py:1912} INFO - Created Permission View: can delete on DAG Run:example_external_task_marker_parent
[2025-04-18T16:29:54.438+0000] {logging_mixin.py:190} INFO - [2025-04-18T16:29:54.437+0000] {override.py:1912} INFO - Created Permission View: can read on DAG Run:example_external_task_marker_parent
[2025-04-18T16:29:54.452+0000] {logging_mixin.py:190} INFO - [2025-04-18T16:29:54.452+0000] {override.py:1912} INFO - Created Permission View: menu access on DAG Run:example_external_task_marker_parent
[2025-04-18T16:29:54.465+0000] {logging_mixin.py:190} INFO - [2025-04-18T16:29:54.464+0000] {override.py:1912} INFO - Created Permission View: can create on DAG Run:example_external_task_marker_parent
[2025-04-18T16:29:54.483+0000] {logging_mixin.py:190} INFO - [2025-04-18T16:29:54.483+0000] {override.py:1912} INFO - Created Permission View: can read on DAG:example_external_task_marker_child
[2025-04-18T16:29:54.498+0000] {logging_mixin.py:190} INFO - [2025-04-18T16:29:54.497+0000] {override.py:1912} INFO - Created Permission View: can edit on DAG:example_external_task_marker_child
[2025-04-18T16:29:54.507+0000] {logging_mixin.py:190} INFO - [2025-04-18T16:29:54.507+0000] {override.py:1912} INFO - Created Permission View: can delete on DAG:example_external_task_marker_child
[2025-04-18T16:29:54.517+0000] {logging_mixin.py:190} INFO - [2025-04-18T16:29:54.517+0000] {override.py:1912} INFO - Created Permission View: can delete on DAG Run:example_external_task_marker_child
[2025-04-18T16:29:54.527+0000] {logging_mixin.py:190} INFO - [2025-04-18T16:29:54.526+0000] {override.py:1912} INFO - Created Permission View: can read on DAG Run:example_external_task_marker_child
[2025-04-18T16:29:54.536+0000] {logging_mixin.py:190} INFO - [2025-04-18T16:29:54.536+0000] {override.py:1912} INFO - Created Permission View: menu access on DAG Run:example_external_task_marker_child
[2025-04-18T16:29:54.544+0000] {logging_mixin.py:190} INFO - [2025-04-18T16:29:54.543+0000] {override.py:1912} INFO - Created Permission View: can create on DAG Run:example_external_task_marker_child
[2025-04-18T16:29:54.545+0000] {logging_mixin.py:190} INFO - [2025-04-18T16:29:54.544+0000] {dag.py:3239} INFO - Sync 2 DAGs
[2025-04-18T16:29:54.560+0000] {logging_mixin.py:190} INFO - [2025-04-18T16:29:54.559+0000] {dag.py:3262} INFO - Creating ORM DAG for example_external_task_marker_parent
[2025-04-18T16:29:54.561+0000] {logging_mixin.py:190} INFO - [2025-04-18T16:29:54.561+0000] {dag.py:3262} INFO - Creating ORM DAG for example_external_task_marker_child
[2025-04-18T16:29:54.563+0000] {logging_mixin.py:190} INFO - [2025-04-18T16:29:54.563+0000] {dag.py:4180} INFO - Setting next_dagrun for example_external_task_marker_child to None, run_after=None
[2025-04-18T16:29:54.566+0000] {logging_mixin.py:190} INFO - [2025-04-18T16:29:54.566+0000] {dag.py:4180} INFO - Setting next_dagrun for example_external_task_marker_parent to None, run_after=None
[2025-04-18T16:29:54.588+0000] {processor.py:208} INFO - Processing /home/airflow/.local/lib/python3.12/site-packages/airflow/example_dags/example_external_task_marker_dag.py took 0.338 seconds
[2025-04-18T16:30:24.862+0000] {processor.py:186} INFO - Started process (PID=183) to work on /home/airflow/.local/lib/python3.12/site-packages/airflow/example_dags/example_external_task_marker_dag.py
[2025-04-18T16:30:24.863+0000] {processor.py:914} INFO - Processing file /home/airflow/.local/lib/python3.12/site-packages/airflow/example_dags/example_external_task_marker_dag.py for tasks to queue
[2025-04-18T16:30:24.866+0000] {logging_mixin.py:190} INFO - [2025-04-18T16:30:24.866+0000] {dagbag.py:588} INFO - Filling up the DagBag from /home/airflow/.local/lib/python3.12/site-packages/airflow/example_dags/example_external_task_marker_dag.py
[2025-04-18T16:30:24.880+0000] {processor.py:925} INFO - DAG(s) 'example_external_task_marker_parent', 'example_external_task_marker_child' retrieved from /home/airflow/.local/lib/python3.12/site-packages/airflow/example_dags/example_external_task_marker_dag.py
[2025-04-18T16:30:24.919+0000] {logging_mixin.py:190} INFO - [2025-04-18T16:30:24.918+0000] {dag.py:3239} INFO - Sync 2 DAGs
[2025-04-18T16:30:24.936+0000] {logging_mixin.py:190} INFO - [2025-04-18T16:30:24.936+0000] {dag.py:4180} INFO - Setting next_dagrun for example_external_task_marker_child to None, run_after=None
[2025-04-18T16:30:24.943+0000] {logging_mixin.py:190} INFO - [2025-04-18T16:30:24.943+0000] {dag.py:4180} INFO - Setting next_dagrun for example_external_task_marker_parent to None, run_after=None
[2025-04-18T16:30:24.961+0000] {processor.py:208} INFO - Processing /home/airflow/.local/lib/python3.12/site-packages/airflow/example_dags/example_external_task_marker_dag.py took 0.106 seconds
[2025-04-18T16:30:55.781+0000] {processor.py:186} INFO - Started process (PID=246) to work on /home/airflow/.local/lib/python3.12/site-packages/airflow/example_dags/example_external_task_marker_dag.py
[2025-04-18T16:30:55.782+0000] {processor.py:914} INFO - Processing file /home/airflow/.local/lib/python3.12/site-packages/airflow/example_dags/example_external_task_marker_dag.py for tasks to queue
[2025-04-18T16:30:55.786+0000] {logging_mixin.py:190} INFO - [2025-04-18T16:30:55.785+0000] {dagbag.py:588} INFO - Filling up the DagBag from /home/airflow/.local/lib/python3.12/site-packages/airflow/example_dags/example_external_task_marker_dag.py
[2025-04-18T16:30:55.801+0000] {processor.py:925} INFO - DAG(s) 'example_external_task_marker_child', 'example_external_task_marker_parent' retrieved from /home/airflow/.local/lib/python3.12/site-packages/airflow/example_dags/example_external_task_marker_dag.py
[2025-04-18T16:30:55.834+0000] {logging_mixin.py:190} INFO - [2025-04-18T16:30:55.834+0000] {dag.py:3239} INFO - Sync 2 DAGs
[2025-04-18T16:30:55.853+0000] {logging_mixin.py:190} INFO - [2025-04-18T16:30:55.852+0000] {dag.py:4180} INFO - Setting next_dagrun for example_external_task_marker_child to None, run_after=None
[2025-04-18T16:30:55.859+0000] {logging_mixin.py:190} INFO - [2025-04-18T16:30:55.858+0000] {dag.py:4180} INFO - Setting next_dagrun for example_external_task_marker_parent to None, run_after=None
[2025-04-18T16:30:55.884+0000] {processor.py:208} INFO - Processing /home/airflow/.local/lib/python3.12/site-packages/airflow/example_dags/example_external_task_marker_dag.py took 0.109 seconds
