[2025-04-18T16:29:47.885+0000] {processor.py:186} INFO - Started process (PID=86) to work on /home/airflow/.local/lib/python3.12/site-packages/airflow/example_dags/example_trigger_controller_dag.py
[2025-04-18T16:29:47.886+0000] {processor.py:914} INFO - Processing file /home/airflow/.local/lib/python3.12/site-packages/airflow/example_dags/example_trigger_controller_dag.py for tasks to queue
[2025-04-18T16:29:47.889+0000] {logging_mixin.py:190} INFO - [2025-04-18T16:29:47.889+0000] {dagbag.py:588} INFO - Filling up the DagBag from /home/airflow/.local/lib/python3.12/site-packages/airflow/example_dags/example_trigger_controller_dag.py
[2025-04-18T16:29:47.898+0000] {processor.py:925} INFO - DAG(s) 'example_trigger_controller_dag' retrieved from /home/airflow/.local/lib/python3.12/site-packages/airflow/example_dags/example_trigger_controller_dag.py
[2025-04-18T16:29:48.005+0000] {logging_mixin.py:190} INFO - [2025-04-18T16:29:48.004+0000] {override.py:1912} INFO - Created Permission View: can read on DAG:example_trigger_controller_dag
[2025-04-18T16:29:48.017+0000] {logging_mixin.py:190} INFO - [2025-04-18T16:29:48.017+0000] {override.py:1912} INFO - Created Permission View: can edit on DAG:example_trigger_controller_dag
[2025-04-18T16:29:48.026+0000] {logging_mixin.py:190} INFO - [2025-04-18T16:29:48.025+0000] {override.py:1912} INFO - Created Permission View: can delete on DAG:example_trigger_controller_dag
[2025-04-18T16:29:48.038+0000] {logging_mixin.py:190} INFO - [2025-04-18T16:29:48.038+0000] {override.py:1912} INFO - Created Permission View: can delete on DAG Run:example_trigger_controller_dag
[2025-04-18T16:29:48.046+0000] {logging_mixin.py:190} INFO - [2025-04-18T16:29:48.046+0000] {override.py:1912} INFO - Created Permission View: can read on DAG Run:example_trigger_controller_dag
[2025-04-18T16:29:48.054+0000] {logging_mixin.py:190} INFO - [2025-04-18T16:29:48.054+0000] {override.py:1912} INFO - Created Permission View: menu access on DAG Run:example_trigger_controller_dag
[2025-04-18T16:29:48.062+0000] {logging_mixin.py:190} INFO - [2025-04-18T16:29:48.062+0000] {override.py:1912} INFO - Created Permission View: can create on DAG Run:example_trigger_controller_dag
[2025-04-18T16:29:48.064+0000] {logging_mixin.py:190} INFO - [2025-04-18T16:29:48.063+0000] {dag.py:3239} INFO - Sync 1 DAGs
[2025-04-18T16:29:48.079+0000] {logging_mixin.py:190} INFO - [2025-04-18T16:29:48.079+0000] {dag.py:3262} INFO - Creating ORM DAG for example_trigger_controller_dag
[2025-04-18T16:29:48.089+0000] {logging_mixin.py:190} INFO - [2025-04-18T16:29:48.089+0000] {dag.py:4180} INFO - Setting next_dagrun for example_trigger_controller_dag to 2021-01-01 00:00:00+00:00, run_after=2021-01-01 00:00:00+00:00
[2025-04-18T16:29:48.109+0000] {processor.py:208} INFO - Processing /home/airflow/.local/lib/python3.12/site-packages/airflow/example_dags/example_trigger_controller_dag.py took 0.229 seconds
[2025-04-18T16:30:18.590+0000] {processor.py:186} INFO - Started process (PID=149) to work on /home/airflow/.local/lib/python3.12/site-packages/airflow/example_dags/example_trigger_controller_dag.py
[2025-04-18T16:30:18.591+0000] {processor.py:914} INFO - Processing file /home/airflow/.local/lib/python3.12/site-packages/airflow/example_dags/example_trigger_controller_dag.py for tasks to queue
[2025-04-18T16:30:18.593+0000] {logging_mixin.py:190} INFO - [2025-04-18T16:30:18.593+0000] {dagbag.py:588} INFO - Filling up the DagBag from /home/airflow/.local/lib/python3.12/site-packages/airflow/example_dags/example_trigger_controller_dag.py
[2025-04-18T16:30:18.599+0000] {processor.py:925} INFO - DAG(s) 'example_trigger_controller_dag' retrieved from /home/airflow/.local/lib/python3.12/site-packages/airflow/example_dags/example_trigger_controller_dag.py
[2025-04-18T16:30:18.620+0000] {logging_mixin.py:190} INFO - [2025-04-18T16:30:18.619+0000] {dag.py:3239} INFO - Sync 1 DAGs
[2025-04-18T16:30:18.643+0000] {logging_mixin.py:190} INFO - [2025-04-18T16:30:18.643+0000] {dag.py:4180} INFO - Setting next_dagrun for example_trigger_controller_dag to 2021-01-01 00:00:00+00:00, run_after=2021-01-01 00:00:00+00:00
[2025-04-18T16:30:18.661+0000] {processor.py:208} INFO - Processing /home/airflow/.local/lib/python3.12/site-packages/airflow/example_dags/example_trigger_controller_dag.py took 0.075 seconds
[2025-04-18T16:30:48.885+0000] {processor.py:186} INFO - Started process (PID=212) to work on /home/airflow/.local/lib/python3.12/site-packages/airflow/example_dags/example_trigger_controller_dag.py
[2025-04-18T16:30:48.886+0000] {processor.py:914} INFO - Processing file /home/airflow/.local/lib/python3.12/site-packages/airflow/example_dags/example_trigger_controller_dag.py for tasks to queue
[2025-04-18T16:30:48.888+0000] {logging_mixin.py:190} INFO - [2025-04-18T16:30:48.888+0000] {dagbag.py:588} INFO - Filling up the DagBag from /home/airflow/.local/lib/python3.12/site-packages/airflow/example_dags/example_trigger_controller_dag.py
[2025-04-18T16:30:48.896+0000] {processor.py:925} INFO - DAG(s) 'example_trigger_controller_dag' retrieved from /home/airflow/.local/lib/python3.12/site-packages/airflow/example_dags/example_trigger_controller_dag.py
[2025-04-18T16:30:48.916+0000] {logging_mixin.py:190} INFO - [2025-04-18T16:30:48.915+0000] {dag.py:3239} INFO - Sync 1 DAGs
[2025-04-18T16:30:48.942+0000] {logging_mixin.py:190} INFO - [2025-04-18T16:30:48.942+0000] {dag.py:4180} INFO - Setting next_dagrun for example_trigger_controller_dag to 2021-01-01 00:00:00+00:00, run_after=2021-01-01 00:00:00+00:00
[2025-04-18T16:30:48.964+0000] {processor.py:208} INFO - Processing /home/airflow/.local/lib/python3.12/site-packages/airflow/example_dags/example_trigger_controller_dag.py took 0.084 seconds
