[2025-04-18T16:29:47.972+0000] {processor.py:186} INFO - Started process (PID=87) to work on /home/airflow/.local/lib/python3.12/site-packages/airflow/example_dags/example_sensors.py
[2025-04-18T16:29:47.973+0000] {processor.py:914} INFO - Processing file /home/airflow/.local/lib/python3.12/site-packages/airflow/example_dags/example_sensors.py for tasks to queue
[2025-04-18T16:29:47.976+0000] {logging_mixin.py:190} INFO - [2025-04-18T16:29:47.975+0000] {dagbag.py:588} INFO - Filling up the DagBag from /home/airflow/.local/lib/python3.12/site-packages/airflow/example_dags/example_sensors.py
[2025-04-18T16:29:47.986+0000] {processor.py:925} INFO - DAG(s) 'example_sensors' retrieved from /home/airflow/.local/lib/python3.12/site-packages/airflow/example_dags/example_sensors.py
[2025-04-18T16:29:48.101+0000] {logging_mixin.py:190} INFO - [2025-04-18T16:29:48.100+0000] {override.py:1912} INFO - Created Permission View: can read on DAG:example_sensors
[2025-04-18T16:29:48.114+0000] {logging_mixin.py:190} INFO - [2025-04-18T16:29:48.113+0000] {override.py:1912} INFO - Created Permission View: can edit on DAG:example_sensors
[2025-04-18T16:29:48.121+0000] {logging_mixin.py:190} INFO - [2025-04-18T16:29:48.120+0000] {override.py:1912} INFO - Created Permission View: can delete on DAG:example_sensors
[2025-04-18T16:29:48.135+0000] {logging_mixin.py:190} INFO - [2025-04-18T16:29:48.134+0000] {override.py:1912} INFO - Created Permission View: can delete on DAG Run:example_sensors
[2025-04-18T16:29:48.143+0000] {logging_mixin.py:190} INFO - [2025-04-18T16:29:48.143+0000] {override.py:1912} INFO - Created Permission View: can read on DAG Run:example_sensors
[2025-04-18T16:29:48.152+0000] {logging_mixin.py:190} INFO - [2025-04-18T16:29:48.151+0000] {override.py:1912} INFO - Created Permission View: menu access on DAG Run:example_sensors
[2025-04-18T16:29:48.160+0000] {logging_mixin.py:190} INFO - [2025-04-18T16:29:48.160+0000] {override.py:1912} INFO - Created Permission View: can create on DAG Run:example_sensors
[2025-04-18T16:29:48.161+0000] {logging_mixin.py:190} INFO - [2025-04-18T16:29:48.161+0000] {dag.py:3239} INFO - Sync 1 DAGs
[2025-04-18T16:29:48.175+0000] {logging_mixin.py:190} INFO - [2025-04-18T16:29:48.175+0000] {dag.py:3262} INFO - Creating ORM DAG for example_sensors
[2025-04-18T16:29:48.176+0000] {logging_mixin.py:190} INFO - [2025-04-18T16:29:48.176+0000] {dag.py:4180} INFO - Setting next_dagrun for example_sensors to None, run_after=None
[2025-04-18T16:29:48.193+0000] {processor.py:208} INFO - Processing /home/airflow/.local/lib/python3.12/site-packages/airflow/example_dags/example_sensors.py took 0.226 seconds
[2025-04-18T16:30:18.692+0000] {processor.py:186} INFO - Started process (PID=150) to work on /home/airflow/.local/lib/python3.12/site-packages/airflow/example_dags/example_sensors.py
[2025-04-18T16:30:18.694+0000] {processor.py:914} INFO - Processing file /home/airflow/.local/lib/python3.12/site-packages/airflow/example_dags/example_sensors.py for tasks to queue
[2025-04-18T16:30:18.697+0000] {logging_mixin.py:190} INFO - [2025-04-18T16:30:18.696+0000] {dagbag.py:588} INFO - Filling up the DagBag from /home/airflow/.local/lib/python3.12/site-packages/airflow/example_dags/example_sensors.py
[2025-04-18T16:30:18.709+0000] {processor.py:925} INFO - DAG(s) 'example_sensors' retrieved from /home/airflow/.local/lib/python3.12/site-packages/airflow/example_dags/example_sensors.py
[2025-04-18T16:30:18.736+0000] {logging_mixin.py:190} INFO - [2025-04-18T16:30:18.736+0000] {dag.py:3239} INFO - Sync 1 DAGs
[2025-04-18T16:30:18.758+0000] {logging_mixin.py:190} INFO - [2025-04-18T16:30:18.758+0000] {dag.py:4180} INFO - Setting next_dagrun for example_sensors to None, run_after=None
[2025-04-18T16:30:18.782+0000] {processor.py:208} INFO - Processing /home/airflow/.local/lib/python3.12/site-packages/airflow/example_dags/example_sensors.py took 0.096 seconds
[2025-04-18T16:30:48.991+0000] {processor.py:186} INFO - Started process (PID=213) to work on /home/airflow/.local/lib/python3.12/site-packages/airflow/example_dags/example_sensors.py
[2025-04-18T16:30:48.992+0000] {processor.py:914} INFO - Processing file /home/airflow/.local/lib/python3.12/site-packages/airflow/example_dags/example_sensors.py for tasks to queue
[2025-04-18T16:30:48.995+0000] {logging_mixin.py:190} INFO - [2025-04-18T16:30:48.995+0000] {dagbag.py:588} INFO - Filling up the DagBag from /home/airflow/.local/lib/python3.12/site-packages/airflow/example_dags/example_sensors.py
[2025-04-18T16:30:49.007+0000] {processor.py:925} INFO - DAG(s) 'example_sensors' retrieved from /home/airflow/.local/lib/python3.12/site-packages/airflow/example_dags/example_sensors.py
[2025-04-18T16:30:49.031+0000] {logging_mixin.py:190} INFO - [2025-04-18T16:30:49.030+0000] {dag.py:3239} INFO - Sync 1 DAGs
[2025-04-18T16:30:49.046+0000] {logging_mixin.py:190} INFO - [2025-04-18T16:30:49.045+0000] {dag.py:4180} INFO - Setting next_dagrun for example_sensors to None, run_after=None
[2025-04-18T16:30:49.067+0000] {processor.py:208} INFO - Processing /home/airflow/.local/lib/python3.12/site-packages/airflow/example_dags/example_sensors.py took 0.081 seconds
