[2025-04-18T16:29:47.710+0000] {processor.py:186} INFO - Started process (PID=85) to work on /home/airflow/.local/lib/python3.12/site-packages/airflow/example_dags/example_sla_dag.py
[2025-04-18T16:29:47.711+0000] {processor.py:914} INFO - Processing file /home/airflow/.local/lib/python3.12/site-packages/airflow/example_dags/example_sla_dag.py for tasks to queue
[2025-04-18T16:29:47.713+0000] {logging_mixin.py:190} INFO - [2025-04-18T16:29:47.712+0000] {dagbag.py:588} INFO - Filling up the DagBag from /home/airflow/.local/lib/python3.12/site-packages/airflow/example_dags/example_sla_dag.py
[2025-04-18T16:29:47.726+0000] {processor.py:925} INFO - DAG(s) 'example_sla_dag' retrieved from /home/airflow/.local/lib/python3.12/site-packages/airflow/example_dags/example_sla_dag.py
[2025-04-18T16:29:47.837+0000] {logging_mixin.py:190} INFO - [2025-04-18T16:29:47.837+0000] {override.py:1912} INFO - Created Permission View: can read on DAG:example_sla_dag
[2025-04-18T16:29:47.847+0000] {logging_mixin.py:190} INFO - [2025-04-18T16:29:47.847+0000] {override.py:1912} INFO - Created Permission View: can edit on DAG:example_sla_dag
[2025-04-18T16:29:47.856+0000] {logging_mixin.py:190} INFO - [2025-04-18T16:29:47.855+0000] {override.py:1912} INFO - Created Permission View: can delete on DAG:example_sla_dag
[2025-04-18T16:29:47.869+0000] {logging_mixin.py:190} INFO - [2025-04-18T16:29:47.869+0000] {override.py:1912} INFO - Created Permission View: can delete on DAG Run:example_sla_dag
[2025-04-18T16:29:47.879+0000] {logging_mixin.py:190} INFO - [2025-04-18T16:29:47.879+0000] {override.py:1912} INFO - Created Permission View: can read on DAG Run:example_sla_dag
[2025-04-18T16:29:47.886+0000] {logging_mixin.py:190} INFO - [2025-04-18T16:29:47.886+0000] {override.py:1912} INFO - Created Permission View: menu access on DAG Run:example_sla_dag
[2025-04-18T16:29:47.897+0000] {logging_mixin.py:190} INFO - [2025-04-18T16:29:47.897+0000] {override.py:1912} INFO - Created Permission View: can create on DAG Run:example_sla_dag
[2025-04-18T16:29:47.898+0000] {logging_mixin.py:190} INFO - [2025-04-18T16:29:47.898+0000] {dag.py:3239} INFO - Sync 1 DAGs
[2025-04-18T16:29:47.911+0000] {logging_mixin.py:190} INFO - [2025-04-18T16:29:47.911+0000] {dag.py:3262} INFO - Creating ORM DAG for example_sla_dag
[2025-04-18T16:29:47.923+0000] {logging_mixin.py:190} INFO - [2025-04-18T16:29:47.923+0000] {dag.py:4180} INFO - Setting next_dagrun for example_sla_dag to 2025-04-18 16:26:00+00:00, run_after=2025-04-18 16:28:00+00:00
[2025-04-18T16:29:47.939+0000] {processor.py:208} INFO - Processing /home/airflow/.local/lib/python3.12/site-packages/airflow/example_dags/example_sla_dag.py took 0.237 seconds
[2025-04-18T16:30:18.589+0000] {processor.py:186} INFO - Started process (PID=148) to work on /home/airflow/.local/lib/python3.12/site-packages/airflow/example_dags/example_sla_dag.py
[2025-04-18T16:30:18.590+0000] {processor.py:914} INFO - Processing file /home/airflow/.local/lib/python3.12/site-packages/airflow/example_dags/example_sla_dag.py for tasks to queue
[2025-04-18T16:30:18.592+0000] {logging_mixin.py:190} INFO - [2025-04-18T16:30:18.592+0000] {dagbag.py:588} INFO - Filling up the DagBag from /home/airflow/.local/lib/python3.12/site-packages/airflow/example_dags/example_sla_dag.py
[2025-04-18T16:30:18.605+0000] {processor.py:925} INFO - DAG(s) 'example_sla_dag' retrieved from /home/airflow/.local/lib/python3.12/site-packages/airflow/example_dags/example_sla_dag.py
[2025-04-18T16:30:18.624+0000] {logging_mixin.py:190} INFO - [2025-04-18T16:30:18.624+0000] {dag.py:3239} INFO - Sync 1 DAGs
[2025-04-18T16:30:18.653+0000] {logging_mixin.py:190} INFO - [2025-04-18T16:30:18.653+0000] {dag.py:4180} INFO - Setting next_dagrun for example_sla_dag to 2025-04-18 16:28:00+00:00, run_after=2025-04-18 16:30:00+00:00
[2025-04-18T16:30:18.673+0000] {processor.py:208} INFO - Processing /home/airflow/.local/lib/python3.12/site-packages/airflow/example_dags/example_sla_dag.py took 0.090 seconds
[2025-04-18T16:30:48.880+0000] {processor.py:186} INFO - Started process (PID=211) to work on /home/airflow/.local/lib/python3.12/site-packages/airflow/example_dags/example_sla_dag.py
[2025-04-18T16:30:48.881+0000] {processor.py:914} INFO - Processing file /home/airflow/.local/lib/python3.12/site-packages/airflow/example_dags/example_sla_dag.py for tasks to queue
[2025-04-18T16:30:48.884+0000] {logging_mixin.py:190} INFO - [2025-04-18T16:30:48.883+0000] {dagbag.py:588} INFO - Filling up the DagBag from /home/airflow/.local/lib/python3.12/site-packages/airflow/example_dags/example_sla_dag.py
[2025-04-18T16:30:48.896+0000] {processor.py:925} INFO - DAG(s) 'example_sla_dag' retrieved from /home/airflow/.local/lib/python3.12/site-packages/airflow/example_dags/example_sla_dag.py
[2025-04-18T16:30:48.916+0000] {logging_mixin.py:190} INFO - [2025-04-18T16:30:48.915+0000] {dag.py:3239} INFO - Sync 1 DAGs
[2025-04-18T16:30:48.945+0000] {logging_mixin.py:190} INFO - [2025-04-18T16:30:48.945+0000] {dag.py:4180} INFO - Setting next_dagrun for example_sla_dag to 2025-04-18 16:28:00+00:00, run_after=2025-04-18 16:30:00+00:00
[2025-04-18T16:30:48.966+0000] {processor.py:208} INFO - Processing /home/airflow/.local/lib/python3.12/site-packages/airflow/example_dags/example_sla_dag.py took 0.092 seconds
