[2025-04-18T16:29:46.481+0000] {processor.py:186} INFO - Started process (PID=78) to work on /home/airflow/.local/lib/python3.12/site-packages/airflow/example_dags/example_latest_only_with_trigger.py
[2025-04-18T16:29:46.483+0000] {processor.py:914} INFO - Processing file /home/airflow/.local/lib/python3.12/site-packages/airflow/example_dags/example_latest_only_with_trigger.py for tasks to queue
[2025-04-18T16:29:46.486+0000] {logging_mixin.py:190} INFO - [2025-04-18T16:29:46.485+0000] {dagbag.py:588} INFO - Filling up the DagBag from /home/airflow/.local/lib/python3.12/site-packages/airflow/example_dags/example_latest_only_with_trigger.py
[2025-04-18T16:29:46.499+0000] {processor.py:925} INFO - DAG(s) 'latest_only_with_trigger' retrieved from /home/airflow/.local/lib/python3.12/site-packages/airflow/example_dags/example_latest_only_with_trigger.py
[2025-04-18T16:29:46.608+0000] {logging_mixin.py:190} INFO - [2025-04-18T16:29:46.607+0000] {override.py:1912} INFO - Created Permission View: can read on DAG:latest_only_with_trigger
[2025-04-18T16:29:46.618+0000] {logging_mixin.py:190} INFO - [2025-04-18T16:29:46.618+0000] {override.py:1912} INFO - Created Permission View: can edit on DAG:latest_only_with_trigger
[2025-04-18T16:29:46.626+0000] {logging_mixin.py:190} INFO - [2025-04-18T16:29:46.626+0000] {override.py:1912} INFO - Created Permission View: can delete on DAG:latest_only_with_trigger
[2025-04-18T16:29:46.644+0000] {logging_mixin.py:190} INFO - [2025-04-18T16:29:46.644+0000] {override.py:1912} INFO - Created Permission View: can delete on DAG Run:latest_only_with_trigger
[2025-04-18T16:29:46.652+0000] {logging_mixin.py:190} INFO - [2025-04-18T16:29:46.651+0000] {override.py:1912} INFO - Created Permission View: can read on DAG Run:latest_only_with_trigger
[2025-04-18T16:29:46.661+0000] {logging_mixin.py:190} INFO - [2025-04-18T16:29:46.660+0000] {override.py:1912} INFO - Created Permission View: menu access on DAG Run:latest_only_with_trigger
[2025-04-18T16:29:46.673+0000] {logging_mixin.py:190} INFO - [2025-04-18T16:29:46.673+0000] {override.py:1912} INFO - Created Permission View: can create on DAG Run:latest_only_with_trigger
[2025-04-18T16:29:46.674+0000] {logging_mixin.py:190} INFO - [2025-04-18T16:29:46.674+0000] {dag.py:3239} INFO - Sync 1 DAGs
[2025-04-18T16:29:46.693+0000] {logging_mixin.py:190} INFO - [2025-04-18T16:29:46.692+0000] {dag.py:3262} INFO - Creating ORM DAG for latest_only_with_trigger
[2025-04-18T16:29:46.705+0000] {logging_mixin.py:190} INFO - [2025-04-18T16:29:46.705+0000] {dag.py:4180} INFO - Setting next_dagrun for latest_only_with_trigger to 2025-04-18 12:00:00+00:00, run_after=2025-04-18 16:00:00+00:00
[2025-04-18T16:29:46.722+0000] {processor.py:208} INFO - Processing /home/airflow/.local/lib/python3.12/site-packages/airflow/example_dags/example_latest_only_with_trigger.py took 0.251 seconds
[2025-04-18T16:30:16.939+0000] {processor.py:186} INFO - Started process (PID=141) to work on /home/airflow/.local/lib/python3.12/site-packages/airflow/example_dags/example_latest_only_with_trigger.py
[2025-04-18T16:30:16.941+0000] {processor.py:914} INFO - Processing file /home/airflow/.local/lib/python3.12/site-packages/airflow/example_dags/example_latest_only_with_trigger.py for tasks to queue
[2025-04-18T16:30:16.946+0000] {logging_mixin.py:190} INFO - [2025-04-18T16:30:16.946+0000] {dagbag.py:588} INFO - Filling up the DagBag from /home/airflow/.local/lib/python3.12/site-packages/airflow/example_dags/example_latest_only_with_trigger.py
[2025-04-18T16:30:16.955+0000] {processor.py:925} INFO - DAG(s) 'latest_only_with_trigger' retrieved from /home/airflow/.local/lib/python3.12/site-packages/airflow/example_dags/example_latest_only_with_trigger.py
[2025-04-18T16:30:16.982+0000] {logging_mixin.py:190} INFO - [2025-04-18T16:30:16.982+0000] {dag.py:3239} INFO - Sync 1 DAGs
[2025-04-18T16:30:17.017+0000] {logging_mixin.py:190} INFO - [2025-04-18T16:30:17.017+0000] {dag.py:4180} INFO - Setting next_dagrun for latest_only_with_trigger to 2025-04-18 12:00:00+00:00, run_after=2025-04-18 16:00:00+00:00
[2025-04-18T16:30:17.043+0000] {processor.py:208} INFO - Processing /home/airflow/.local/lib/python3.12/site-packages/airflow/example_dags/example_latest_only_with_trigger.py took 0.111 seconds
[2025-04-18T16:30:47.297+0000] {processor.py:186} INFO - Started process (PID=204) to work on /home/airflow/.local/lib/python3.12/site-packages/airflow/example_dags/example_latest_only_with_trigger.py
[2025-04-18T16:30:47.298+0000] {processor.py:914} INFO - Processing file /home/airflow/.local/lib/python3.12/site-packages/airflow/example_dags/example_latest_only_with_trigger.py for tasks to queue
[2025-04-18T16:30:47.301+0000] {logging_mixin.py:190} INFO - [2025-04-18T16:30:47.301+0000] {dagbag.py:588} INFO - Filling up the DagBag from /home/airflow/.local/lib/python3.12/site-packages/airflow/example_dags/example_latest_only_with_trigger.py
[2025-04-18T16:30:47.308+0000] {processor.py:925} INFO - DAG(s) 'latest_only_with_trigger' retrieved from /home/airflow/.local/lib/python3.12/site-packages/airflow/example_dags/example_latest_only_with_trigger.py
[2025-04-18T16:30:47.332+0000] {logging_mixin.py:190} INFO - [2025-04-18T16:30:47.331+0000] {dag.py:3239} INFO - Sync 1 DAGs
[2025-04-18T16:30:47.355+0000] {logging_mixin.py:190} INFO - [2025-04-18T16:30:47.355+0000] {dag.py:4180} INFO - Setting next_dagrun for latest_only_with_trigger to 2025-04-18 12:00:00+00:00, run_after=2025-04-18 16:00:00+00:00
[2025-04-18T16:30:47.379+0000] {processor.py:208} INFO - Processing /home/airflow/.local/lib/python3.12/site-packages/airflow/example_dags/example_latest_only_with_trigger.py took 0.088 seconds
