[2025-04-18T16:29:48.142+0000] {processor.py:186} INFO - Started process (PID=88) to work on /home/airflow/.local/lib/python3.12/site-packages/airflow/example_dags/example_inlet_event_extra.py
[2025-04-18T16:29:48.143+0000] {processor.py:914} INFO - Processing file /home/airflow/.local/lib/python3.12/site-packages/airflow/example_dags/example_inlet_event_extra.py for tasks to queue
[2025-04-18T16:29:48.145+0000] {logging_mixin.py:190} INFO - [2025-04-18T16:29:48.144+0000] {dagbag.py:588} INFO - Filling up the DagBag from /home/airflow/.local/lib/python3.12/site-packages/airflow/example_dags/example_inlet_event_extra.py
[2025-04-18T16:29:50.478+0000] {processor.py:925} INFO - DAG(s) 'read_dataset_event_from_classic', 'read_dataset_event' retrieved from /home/airflow/.local/lib/python3.12/site-packages/airflow/example_dags/example_inlet_event_extra.py
[2025-04-18T16:29:50.605+0000] {logging_mixin.py:190} INFO - [2025-04-18T16:29:50.604+0000] {override.py:1912} INFO - Created Permission View: can read on DAG:read_dataset_event_from_classic
[2025-04-18T16:29:50.619+0000] {logging_mixin.py:190} INFO - [2025-04-18T16:29:50.619+0000] {override.py:1912} INFO - Created Permission View: can edit on DAG:read_dataset_event_from_classic
[2025-04-18T16:29:50.630+0000] {logging_mixin.py:190} INFO - [2025-04-18T16:29:50.629+0000] {override.py:1912} INFO - Created Permission View: can delete on DAG:read_dataset_event_from_classic
[2025-04-18T16:29:50.641+0000] {logging_mixin.py:190} INFO - [2025-04-18T16:29:50.641+0000] {override.py:1912} INFO - Created Permission View: can delete on DAG Run:read_dataset_event_from_classic
[2025-04-18T16:29:50.650+0000] {logging_mixin.py:190} INFO - [2025-04-18T16:29:50.650+0000] {override.py:1912} INFO - Created Permission View: can read on DAG Run:read_dataset_event_from_classic
[2025-04-18T16:29:50.658+0000] {logging_mixin.py:190} INFO - [2025-04-18T16:29:50.657+0000] {override.py:1912} INFO - Created Permission View: menu access on DAG Run:read_dataset_event_from_classic
[2025-04-18T16:29:50.668+0000] {logging_mixin.py:190} INFO - [2025-04-18T16:29:50.668+0000] {override.py:1912} INFO - Created Permission View: can create on DAG Run:read_dataset_event_from_classic
[2025-04-18T16:29:50.683+0000] {logging_mixin.py:190} INFO - [2025-04-18T16:29:50.682+0000] {override.py:1912} INFO - Created Permission View: can read on DAG:read_dataset_event
[2025-04-18T16:29:50.690+0000] {logging_mixin.py:190} INFO - [2025-04-18T16:29:50.690+0000] {override.py:1912} INFO - Created Permission View: can edit on DAG:read_dataset_event
[2025-04-18T16:29:50.699+0000] {logging_mixin.py:190} INFO - [2025-04-18T16:29:50.698+0000] {override.py:1912} INFO - Created Permission View: can delete on DAG:read_dataset_event
[2025-04-18T16:29:50.711+0000] {logging_mixin.py:190} INFO - [2025-04-18T16:29:50.710+0000] {override.py:1912} INFO - Created Permission View: can delete on DAG Run:read_dataset_event
[2025-04-18T16:29:50.718+0000] {logging_mixin.py:190} INFO - [2025-04-18T16:29:50.718+0000] {override.py:1912} INFO - Created Permission View: can read on DAG Run:read_dataset_event
[2025-04-18T16:29:50.727+0000] {logging_mixin.py:190} INFO - [2025-04-18T16:29:50.726+0000] {override.py:1912} INFO - Created Permission View: menu access on DAG Run:read_dataset_event
[2025-04-18T16:29:50.736+0000] {logging_mixin.py:190} INFO - [2025-04-18T16:29:50.735+0000] {override.py:1912} INFO - Created Permission View: can create on DAG Run:read_dataset_event
[2025-04-18T16:29:50.737+0000] {logging_mixin.py:190} INFO - [2025-04-18T16:29:50.737+0000] {dag.py:3239} INFO - Sync 2 DAGs
[2025-04-18T16:29:50.753+0000] {logging_mixin.py:190} INFO - [2025-04-18T16:29:50.752+0000] {dag.py:3262} INFO - Creating ORM DAG for read_dataset_event_from_classic
[2025-04-18T16:29:50.754+0000] {logging_mixin.py:190} INFO - [2025-04-18T16:29:50.754+0000] {dag.py:3262} INFO - Creating ORM DAG for read_dataset_event
[2025-04-18T16:29:50.767+0000] {logging_mixin.py:190} INFO - [2025-04-18T16:29:50.766+0000] {dag.py:4180} INFO - Setting next_dagrun for read_dataset_event to 2025-04-17 00:00:00+00:00, run_after=2025-04-18 00:00:00+00:00
[2025-04-18T16:29:50.772+0000] {logging_mixin.py:190} INFO - [2025-04-18T16:29:50.771+0000] {dag.py:4180} INFO - Setting next_dagrun for read_dataset_event_from_classic to 2025-04-17 00:00:00+00:00, run_after=2025-04-18 00:00:00+00:00
[2025-04-18T16:29:50.791+0000] {processor.py:208} INFO - Processing /home/airflow/.local/lib/python3.12/site-packages/airflow/example_dags/example_inlet_event_extra.py took 2.655 seconds
[2025-04-18T16:30:21.120+0000] {processor.py:186} INFO - Started process (PID=163) to work on /home/airflow/.local/lib/python3.12/site-packages/airflow/example_dags/example_inlet_event_extra.py
[2025-04-18T16:30:21.121+0000] {processor.py:914} INFO - Processing file /home/airflow/.local/lib/python3.12/site-packages/airflow/example_dags/example_inlet_event_extra.py for tasks to queue
[2025-04-18T16:30:21.123+0000] {logging_mixin.py:190} INFO - [2025-04-18T16:30:21.123+0000] {dagbag.py:588} INFO - Filling up the DagBag from /home/airflow/.local/lib/python3.12/site-packages/airflow/example_dags/example_inlet_event_extra.py
[2025-04-18T16:30:21.722+0000] {processor.py:925} INFO - DAG(s) 'read_dataset_event_from_classic', 'read_dataset_event' retrieved from /home/airflow/.local/lib/python3.12/site-packages/airflow/example_dags/example_inlet_event_extra.py
[2025-04-18T16:30:21.743+0000] {logging_mixin.py:190} INFO - [2025-04-18T16:30:21.743+0000] {dag.py:3239} INFO - Sync 2 DAGs
[2025-04-18T16:30:21.774+0000] {logging_mixin.py:190} INFO - [2025-04-18T16:30:21.773+0000] {dag.py:4180} INFO - Setting next_dagrun for read_dataset_event to 2025-04-17 00:00:00+00:00, run_after=2025-04-18 00:00:00+00:00
[2025-04-18T16:30:21.780+0000] {logging_mixin.py:190} INFO - [2025-04-18T16:30:21.780+0000] {dag.py:4180} INFO - Setting next_dagrun for read_dataset_event_from_classic to 2025-04-17 00:00:00+00:00, run_after=2025-04-18 00:00:00+00:00
[2025-04-18T16:30:21.805+0000] {processor.py:208} INFO - Processing /home/airflow/.local/lib/python3.12/site-packages/airflow/example_dags/example_inlet_event_extra.py took 0.691 seconds
[2025-04-18T16:30:52.460+0000] {processor.py:186} INFO - Started process (PID=227) to work on /home/airflow/.local/lib/python3.12/site-packages/airflow/example_dags/example_inlet_event_extra.py
[2025-04-18T16:30:52.461+0000] {processor.py:914} INFO - Processing file /home/airflow/.local/lib/python3.12/site-packages/airflow/example_dags/example_inlet_event_extra.py for tasks to queue
[2025-04-18T16:30:52.463+0000] {logging_mixin.py:190} INFO - [2025-04-18T16:30:52.463+0000] {dagbag.py:588} INFO - Filling up the DagBag from /home/airflow/.local/lib/python3.12/site-packages/airflow/example_dags/example_inlet_event_extra.py
[2025-04-18T16:30:53.147+0000] {processor.py:925} INFO - DAG(s) 'read_dataset_event_from_classic', 'read_dataset_event' retrieved from /home/airflow/.local/lib/python3.12/site-packages/airflow/example_dags/example_inlet_event_extra.py
[2025-04-18T16:30:53.176+0000] {logging_mixin.py:190} INFO - [2025-04-18T16:30:53.176+0000] {dag.py:3239} INFO - Sync 2 DAGs
[2025-04-18T16:30:53.200+0000] {logging_mixin.py:190} INFO - [2025-04-18T16:30:53.199+0000] {dag.py:4180} INFO - Setting next_dagrun for read_dataset_event to 2025-04-17 00:00:00+00:00, run_after=2025-04-18 00:00:00+00:00
[2025-04-18T16:30:53.208+0000] {logging_mixin.py:190} INFO - [2025-04-18T16:30:53.208+0000] {dag.py:4180} INFO - Setting next_dagrun for read_dataset_event_from_classic to 2025-04-17 00:00:00+00:00, run_after=2025-04-18 00:00:00+00:00
[2025-04-18T16:30:53.232+0000] {processor.py:208} INFO - Processing /home/airflow/.local/lib/python3.12/site-packages/airflow/example_dags/example_inlet_event_extra.py took 0.780 seconds
