[2025-04-18T16:29:47.016+0000] {processor.py:186} INFO - Started process (PID=82) to work on /home/airflow/.local/lib/python3.12/site-packages/airflow/example_dags/example_subdag_operator.py
[2025-04-18T16:29:47.018+0000] {processor.py:914} INFO - Processing file /home/airflow/.local/lib/python3.12/site-packages/airflow/example_dags/example_subdag_operator.py for tasks to queue
[2025-04-18T16:29:47.021+0000] {logging_mixin.py:190} INFO - [2025-04-18T16:29:47.021+0000] {dagbag.py:588} INFO - Filling up the DagBag from /home/airflow/.local/lib/python3.12/site-packages/airflow/example_dags/example_subdag_operator.py
[2025-04-18T16:29:47.055+0000] {processor.py:925} INFO - DAG(s) 'example_subdag_operator.section-1', 'example_subdag_operator.section-2', 'example_subdag_operator' retrieved from /home/airflow/.local/lib/python3.12/site-packages/airflow/example_dags/example_subdag_operator.py
[2025-04-18T16:29:47.160+0000] {logging_mixin.py:190} INFO - [2025-04-18T16:29:47.159+0000] {override.py:1912} INFO - Created Permission View: can read on DAG:example_subdag_operator
[2025-04-18T16:29:47.171+0000] {logging_mixin.py:190} INFO - [2025-04-18T16:29:47.171+0000] {override.py:1912} INFO - Created Permission View: can edit on DAG:example_subdag_operator
[2025-04-18T16:29:47.179+0000] {logging_mixin.py:190} INFO - [2025-04-18T16:29:47.179+0000] {override.py:1912} INFO - Created Permission View: can delete on DAG:example_subdag_operator
[2025-04-18T16:29:47.191+0000] {logging_mixin.py:190} INFO - [2025-04-18T16:29:47.191+0000] {override.py:1912} INFO - Created Permission View: can delete on DAG Run:example_subdag_operator
[2025-04-18T16:29:47.200+0000] {logging_mixin.py:190} INFO - [2025-04-18T16:29:47.200+0000] {override.py:1912} INFO - Created Permission View: can read on DAG Run:example_subdag_operator
[2025-04-18T16:29:47.210+0000] {logging_mixin.py:190} INFO - [2025-04-18T16:29:47.209+0000] {override.py:1912} INFO - Created Permission View: menu access on DAG Run:example_subdag_operator
[2025-04-18T16:29:47.218+0000] {logging_mixin.py:190} INFO - [2025-04-18T16:29:47.218+0000] {override.py:1912} INFO - Created Permission View: can create on DAG Run:example_subdag_operator
[2025-04-18T16:29:47.219+0000] {logging_mixin.py:190} INFO - [2025-04-18T16:29:47.219+0000] {dag.py:3239} INFO - Sync 3 DAGs
[2025-04-18T16:29:47.237+0000] {logging_mixin.py:190} INFO - [2025-04-18T16:29:47.236+0000] {dag.py:3262} INFO - Creating ORM DAG for example_subdag_operator.section-2
[2025-04-18T16:29:47.238+0000] {logging_mixin.py:190} INFO - [2025-04-18T16:29:47.238+0000] {dag.py:3262} INFO - Creating ORM DAG for example_subdag_operator
[2025-04-18T16:29:47.239+0000] {logging_mixin.py:190} INFO - [2025-04-18T16:29:47.239+0000] {dag.py:3262} INFO - Creating ORM DAG for example_subdag_operator.section-1
[2025-04-18T16:29:47.248+0000] {logging_mixin.py:190} INFO - [2025-04-18T16:29:47.248+0000] {dag.py:4180} INFO - Setting next_dagrun for example_subdag_operator to 2022-01-01 00:00:00+00:00, run_after=2022-01-01 00:00:00+00:00
[2025-04-18T16:29:47.249+0000] {logging_mixin.py:190} INFO - [2025-04-18T16:29:47.249+0000] {dag.py:4180} INFO - Setting next_dagrun for example_subdag_operator.section-1 to None, run_after=None
[2025-04-18T16:29:47.250+0000] {logging_mixin.py:190} INFO - [2025-04-18T16:29:47.250+0000] {dag.py:4180} INFO - Setting next_dagrun for example_subdag_operator.section-2 to None, run_after=None
[2025-04-18T16:29:47.263+0000] {logging_mixin.py:190} INFO - [2025-04-18T16:29:47.262+0000] {dag.py:3239} INFO - Sync 2 DAGs
[2025-04-18T16:29:47.271+0000] {logging_mixin.py:190} INFO - [2025-04-18T16:29:47.271+0000] {dag.py:4180} INFO - Setting next_dagrun for example_subdag_operator.section-1 to None, run_after=None
[2025-04-18T16:29:47.274+0000] {logging_mixin.py:190} INFO - [2025-04-18T16:29:47.274+0000] {dag.py:4180} INFO - Setting next_dagrun for example_subdag_operator.section-2 to None, run_after=None
[2025-04-18T16:29:47.288+0000] {processor.py:208} INFO - Processing /home/airflow/.local/lib/python3.12/site-packages/airflow/example_dags/example_subdag_operator.py took 0.279 seconds
[2025-04-18T16:30:18.168+0000] {processor.py:186} INFO - Started process (PID=145) to work on /home/airflow/.local/lib/python3.12/site-packages/airflow/example_dags/example_subdag_operator.py
[2025-04-18T16:30:18.169+0000] {processor.py:914} INFO - Processing file /home/airflow/.local/lib/python3.12/site-packages/airflow/example_dags/example_subdag_operator.py for tasks to queue
[2025-04-18T16:30:18.171+0000] {logging_mixin.py:190} INFO - [2025-04-18T16:30:18.171+0000] {dagbag.py:588} INFO - Filling up the DagBag from /home/airflow/.local/lib/python3.12/site-packages/airflow/example_dags/example_subdag_operator.py
[2025-04-18T16:30:18.202+0000] {processor.py:925} INFO - DAG(s) 'example_subdag_operator.section-1', 'example_subdag_operator.section-2', 'example_subdag_operator' retrieved from /home/airflow/.local/lib/python3.12/site-packages/airflow/example_dags/example_subdag_operator.py
[2025-04-18T16:30:18.220+0000] {logging_mixin.py:190} INFO - [2025-04-18T16:30:18.219+0000] {dag.py:3239} INFO - Sync 3 DAGs
[2025-04-18T16:30:18.245+0000] {logging_mixin.py:190} INFO - [2025-04-18T16:30:18.244+0000] {dag.py:4180} INFO - Setting next_dagrun for example_subdag_operator to 2022-01-01 00:00:00+00:00, run_after=2022-01-01 00:00:00+00:00
[2025-04-18T16:30:18.248+0000] {logging_mixin.py:190} INFO - [2025-04-18T16:30:18.248+0000] {dag.py:4180} INFO - Setting next_dagrun for example_subdag_operator.section-1 to None, run_after=None
[2025-04-18T16:30:18.250+0000] {logging_mixin.py:190} INFO - [2025-04-18T16:30:18.250+0000] {dag.py:4180} INFO - Setting next_dagrun for example_subdag_operator.section-2 to None, run_after=None
[2025-04-18T16:30:18.258+0000] {logging_mixin.py:190} INFO - [2025-04-18T16:30:18.257+0000] {dag.py:3239} INFO - Sync 2 DAGs
[2025-04-18T16:30:18.266+0000] {logging_mixin.py:190} INFO - [2025-04-18T16:30:18.266+0000] {dag.py:4180} INFO - Setting next_dagrun for example_subdag_operator.section-1 to None, run_after=None
[2025-04-18T16:30:18.266+0000] {logging_mixin.py:190} INFO - [2025-04-18T16:30:18.266+0000] {dag.py:4180} INFO - Setting next_dagrun for example_subdag_operator.section-2 to None, run_after=None
[2025-04-18T16:30:18.287+0000] {processor.py:208} INFO - Processing /home/airflow/.local/lib/python3.12/site-packages/airflow/example_dags/example_subdag_operator.py took 0.125 seconds
[2025-04-18T16:30:48.508+0000] {processor.py:186} INFO - Started process (PID=208) to work on /home/airflow/.local/lib/python3.12/site-packages/airflow/example_dags/example_subdag_operator.py
[2025-04-18T16:30:48.509+0000] {processor.py:914} INFO - Processing file /home/airflow/.local/lib/python3.12/site-packages/airflow/example_dags/example_subdag_operator.py for tasks to queue
[2025-04-18T16:30:48.512+0000] {logging_mixin.py:190} INFO - [2025-04-18T16:30:48.511+0000] {dagbag.py:588} INFO - Filling up the DagBag from /home/airflow/.local/lib/python3.12/site-packages/airflow/example_dags/example_subdag_operator.py
[2025-04-18T16:30:48.543+0000] {processor.py:925} INFO - DAG(s) 'example_subdag_operator.section-1', 'example_subdag_operator.section-2', 'example_subdag_operator' retrieved from /home/airflow/.local/lib/python3.12/site-packages/airflow/example_dags/example_subdag_operator.py
[2025-04-18T16:30:48.559+0000] {logging_mixin.py:190} INFO - [2025-04-18T16:30:48.559+0000] {dag.py:3239} INFO - Sync 3 DAGs
[2025-04-18T16:30:48.582+0000] {logging_mixin.py:190} INFO - [2025-04-18T16:30:48.582+0000] {dag.py:4180} INFO - Setting next_dagrun for example_subdag_operator to 2022-01-01 00:00:00+00:00, run_after=2022-01-01 00:00:00+00:00
[2025-04-18T16:30:48.586+0000] {logging_mixin.py:190} INFO - [2025-04-18T16:30:48.586+0000] {dag.py:4180} INFO - Setting next_dagrun for example_subdag_operator.section-1 to None, run_after=None
[2025-04-18T16:30:48.590+0000] {logging_mixin.py:190} INFO - [2025-04-18T16:30:48.590+0000] {dag.py:4180} INFO - Setting next_dagrun for example_subdag_operator.section-2 to None, run_after=None
[2025-04-18T16:30:48.599+0000] {logging_mixin.py:190} INFO - [2025-04-18T16:30:48.599+0000] {dag.py:3239} INFO - Sync 2 DAGs
[2025-04-18T16:30:48.605+0000] {logging_mixin.py:190} INFO - [2025-04-18T16:30:48.605+0000] {dag.py:4180} INFO - Setting next_dagrun for example_subdag_operator.section-1 to None, run_after=None
[2025-04-18T16:30:48.606+0000] {logging_mixin.py:190} INFO - [2025-04-18T16:30:48.605+0000] {dag.py:4180} INFO - Setting next_dagrun for example_subdag_operator.section-2 to None, run_after=None
[2025-04-18T16:30:48.626+0000] {processor.py:208} INFO - Processing /home/airflow/.local/lib/python3.12/site-packages/airflow/example_dags/example_subdag_operator.py took 0.123 seconds
