[2025-04-18T16:29:51.220+0000] {processor.py:186} INFO - Started process (PID=104) to work on /home/airflow/.local/lib/python3.12/site-packages/airflow/example_dags/example_branch_python_dop_operator_3.py
[2025-04-18T16:29:51.222+0000] {processor.py:914} INFO - Processing file /home/airflow/.local/lib/python3.12/site-packages/airflow/example_dags/example_branch_python_dop_operator_3.py for tasks to queue
[2025-04-18T16:29:51.226+0000] {logging_mixin.py:190} INFO - [2025-04-18T16:29:51.225+0000] {dagbag.py:588} INFO - Filling up the DagBag from /home/airflow/.local/lib/python3.12/site-packages/airflow/example_dags/example_branch_python_dop_operator_3.py
[2025-04-18T16:29:51.236+0000] {processor.py:925} INFO - DAG(s) 'example_branch_dop_operator_v3' retrieved from /home/airflow/.local/lib/python3.12/site-packages/airflow/example_dags/example_branch_python_dop_operator_3.py
[2025-04-18T16:29:51.346+0000] {logging_mixin.py:190} INFO - [2025-04-18T16:29:51.345+0000] {override.py:1912} INFO - Created Permission View: can read on DAG:example_branch_dop_operator_v3
[2025-04-18T16:29:51.358+0000] {logging_mixin.py:190} INFO - [2025-04-18T16:29:51.358+0000] {override.py:1912} INFO - Created Permission View: can edit on DAG:example_branch_dop_operator_v3
[2025-04-18T16:29:51.371+0000] {logging_mixin.py:190} INFO - [2025-04-18T16:29:51.370+0000] {override.py:1912} INFO - Created Permission View: can delete on DAG:example_branch_dop_operator_v3
[2025-04-18T16:29:51.381+0000] {logging_mixin.py:190} INFO - [2025-04-18T16:29:51.381+0000] {override.py:1912} INFO - Created Permission View: can delete on DAG Run:example_branch_dop_operator_v3
[2025-04-18T16:29:51.389+0000] {logging_mixin.py:190} INFO - [2025-04-18T16:29:51.389+0000] {override.py:1912} INFO - Created Permission View: can read on DAG Run:example_branch_dop_operator_v3
[2025-04-18T16:29:51.399+0000] {logging_mixin.py:190} INFO - [2025-04-18T16:29:51.399+0000] {override.py:1912} INFO - Created Permission View: menu access on DAG Run:example_branch_dop_operator_v3
[2025-04-18T16:29:51.406+0000] {logging_mixin.py:190} INFO - [2025-04-18T16:29:51.406+0000] {override.py:1912} INFO - Created Permission View: can create on DAG Run:example_branch_dop_operator_v3
[2025-04-18T16:29:51.407+0000] {logging_mixin.py:190} INFO - [2025-04-18T16:29:51.407+0000] {dag.py:3239} INFO - Sync 1 DAGs
[2025-04-18T16:29:51.420+0000] {logging_mixin.py:190} INFO - [2025-04-18T16:29:51.420+0000] {dag.py:3262} INFO - Creating ORM DAG for example_branch_dop_operator_v3
[2025-04-18T16:29:51.433+0000] {logging_mixin.py:190} INFO - [2025-04-18T16:29:51.433+0000] {dag.py:4180} INFO - Setting next_dagrun for example_branch_dop_operator_v3 to 2025-04-18 16:28:00+00:00, run_after=2025-04-18 16:29:00+00:00
[2025-04-18T16:29:51.455+0000] {processor.py:208} INFO - Processing /home/airflow/.local/lib/python3.12/site-packages/airflow/example_dags/example_branch_python_dop_operator_3.py took 0.241 seconds
[2025-04-18T16:30:21.978+0000] {processor.py:186} INFO - Started process (PID=167) to work on /home/airflow/.local/lib/python3.12/site-packages/airflow/example_dags/example_branch_python_dop_operator_3.py
[2025-04-18T16:30:21.979+0000] {processor.py:914} INFO - Processing file /home/airflow/.local/lib/python3.12/site-packages/airflow/example_dags/example_branch_python_dop_operator_3.py for tasks to queue
[2025-04-18T16:30:21.982+0000] {logging_mixin.py:190} INFO - [2025-04-18T16:30:21.981+0000] {dagbag.py:588} INFO - Filling up the DagBag from /home/airflow/.local/lib/python3.12/site-packages/airflow/example_dags/example_branch_python_dop_operator_3.py
[2025-04-18T16:30:21.992+0000] {processor.py:925} INFO - DAG(s) 'example_branch_dop_operator_v3' retrieved from /home/airflow/.local/lib/python3.12/site-packages/airflow/example_dags/example_branch_python_dop_operator_3.py
[2025-04-18T16:30:22.014+0000] {logging_mixin.py:190} INFO - [2025-04-18T16:30:22.013+0000] {dag.py:3239} INFO - Sync 1 DAGs
[2025-04-18T16:30:22.047+0000] {logging_mixin.py:190} INFO - [2025-04-18T16:30:22.047+0000] {dag.py:4180} INFO - Setting next_dagrun for example_branch_dop_operator_v3 to 2025-04-18 16:29:00+00:00, run_after=2025-04-18 16:30:00+00:00
[2025-04-18T16:30:22.067+0000] {processor.py:208} INFO - Processing /home/airflow/.local/lib/python3.12/site-packages/airflow/example_dags/example_branch_python_dop_operator_3.py took 0.100 seconds
[2025-04-18T16:30:53.285+0000] {processor.py:186} INFO - Started process (PID=230) to work on /home/airflow/.local/lib/python3.12/site-packages/airflow/example_dags/example_branch_python_dop_operator_3.py
[2025-04-18T16:30:53.286+0000] {processor.py:914} INFO - Processing file /home/airflow/.local/lib/python3.12/site-packages/airflow/example_dags/example_branch_python_dop_operator_3.py for tasks to queue
[2025-04-18T16:30:53.289+0000] {logging_mixin.py:190} INFO - [2025-04-18T16:30:53.288+0000] {dagbag.py:588} INFO - Filling up the DagBag from /home/airflow/.local/lib/python3.12/site-packages/airflow/example_dags/example_branch_python_dop_operator_3.py
[2025-04-18T16:30:53.299+0000] {processor.py:925} INFO - DAG(s) 'example_branch_dop_operator_v3' retrieved from /home/airflow/.local/lib/python3.12/site-packages/airflow/example_dags/example_branch_python_dop_operator_3.py
[2025-04-18T16:30:53.323+0000] {logging_mixin.py:190} INFO - [2025-04-18T16:30:53.323+0000] {dag.py:3239} INFO - Sync 1 DAGs
[2025-04-18T16:30:53.351+0000] {logging_mixin.py:190} INFO - [2025-04-18T16:30:53.351+0000] {dag.py:4180} INFO - Setting next_dagrun for example_branch_dop_operator_v3 to 2025-04-18 16:29:00+00:00, run_after=2025-04-18 16:30:00+00:00
[2025-04-18T16:30:53.370+0000] {processor.py:208} INFO - Processing /home/airflow/.local/lib/python3.12/site-packages/airflow/example_dags/example_branch_python_dop_operator_3.py took 0.090 seconds
