[2025-04-18T16:29:48.469+0000] {processor.py:186} INFO - Started process (PID=90) to work on /home/airflow/.local/lib/python3.12/site-packages/airflow/example_dags/example_setup_teardown_taskflow.py
[2025-04-18T16:29:48.470+0000] {processor.py:914} INFO - Processing file /home/airflow/.local/lib/python3.12/site-packages/airflow/example_dags/example_setup_teardown_taskflow.py for tasks to queue
[2025-04-18T16:29:48.472+0000] {logging_mixin.py:190} INFO - [2025-04-18T16:29:48.472+0000] {dagbag.py:588} INFO - Filling up the DagBag from /home/airflow/.local/lib/python3.12/site-packages/airflow/example_dags/example_setup_teardown_taskflow.py
[2025-04-18T16:29:48.487+0000] {processor.py:925} INFO - DAG(s) 'example_setup_teardown_taskflow' retrieved from /home/airflow/.local/lib/python3.12/site-packages/airflow/example_dags/example_setup_teardown_taskflow.py
[2025-04-18T16:29:48.599+0000] {logging_mixin.py:190} INFO - [2025-04-18T16:29:48.598+0000] {override.py:1912} INFO - Created Permission View: can read on DAG:example_setup_teardown_taskflow
[2025-04-18T16:29:48.611+0000] {logging_mixin.py:190} INFO - [2025-04-18T16:29:48.610+0000] {override.py:1912} INFO - Created Permission View: can edit on DAG:example_setup_teardown_taskflow
[2025-04-18T16:29:48.618+0000] {logging_mixin.py:190} INFO - [2025-04-18T16:29:48.618+0000] {override.py:1912} INFO - Created Permission View: can delete on DAG:example_setup_teardown_taskflow
[2025-04-18T16:29:48.631+0000] {logging_mixin.py:190} INFO - [2025-04-18T16:29:48.630+0000] {override.py:1912} INFO - Created Permission View: can delete on DAG Run:example_setup_teardown_taskflow
[2025-04-18T16:29:48.638+0000] {logging_mixin.py:190} INFO - [2025-04-18T16:29:48.637+0000] {override.py:1912} INFO - Created Permission View: can read on DAG Run:example_setup_teardown_taskflow
[2025-04-18T16:29:48.645+0000] {logging_mixin.py:190} INFO - [2025-04-18T16:29:48.645+0000] {override.py:1912} INFO - Created Permission View: menu access on DAG Run:example_setup_teardown_taskflow
[2025-04-18T16:29:48.652+0000] {logging_mixin.py:190} INFO - [2025-04-18T16:29:48.651+0000] {override.py:1912} INFO - Created Permission View: can create on DAG Run:example_setup_teardown_taskflow
[2025-04-18T16:29:48.652+0000] {logging_mixin.py:190} INFO - [2025-04-18T16:29:48.652+0000] {dag.py:3239} INFO - Sync 1 DAGs
[2025-04-18T16:29:48.668+0000] {logging_mixin.py:190} INFO - [2025-04-18T16:29:48.668+0000] {dag.py:3262} INFO - Creating ORM DAG for example_setup_teardown_taskflow
[2025-04-18T16:29:48.669+0000] {logging_mixin.py:190} INFO - [2025-04-18T16:29:48.669+0000] {dag.py:4180} INFO - Setting next_dagrun for example_setup_teardown_taskflow to None, run_after=None
[2025-04-18T16:29:48.687+0000] {processor.py:208} INFO - Processing /home/airflow/.local/lib/python3.12/site-packages/airflow/example_dags/example_setup_teardown_taskflow.py took 0.223 seconds
[2025-04-18T16:30:18.814+0000] {processor.py:186} INFO - Started process (PID=152) to work on /home/airflow/.local/lib/python3.12/site-packages/airflow/example_dags/example_setup_teardown_taskflow.py
[2025-04-18T16:30:18.816+0000] {processor.py:914} INFO - Processing file /home/airflow/.local/lib/python3.12/site-packages/airflow/example_dags/example_setup_teardown_taskflow.py for tasks to queue
[2025-04-18T16:30:18.819+0000] {logging_mixin.py:190} INFO - [2025-04-18T16:30:18.819+0000] {dagbag.py:588} INFO - Filling up the DagBag from /home/airflow/.local/lib/python3.12/site-packages/airflow/example_dags/example_setup_teardown_taskflow.py
[2025-04-18T16:30:18.830+0000] {processor.py:925} INFO - DAG(s) 'example_setup_teardown_taskflow' retrieved from /home/airflow/.local/lib/python3.12/site-packages/airflow/example_dags/example_setup_teardown_taskflow.py
[2025-04-18T16:30:18.855+0000] {logging_mixin.py:190} INFO - [2025-04-18T16:30:18.854+0000] {dag.py:3239} INFO - Sync 1 DAGs
[2025-04-18T16:30:18.871+0000] {logging_mixin.py:190} INFO - [2025-04-18T16:30:18.871+0000] {dag.py:4180} INFO - Setting next_dagrun for example_setup_teardown_taskflow to None, run_after=None
[2025-04-18T16:30:18.892+0000] {processor.py:208} INFO - Processing /home/airflow/.local/lib/python3.12/site-packages/airflow/example_dags/example_setup_teardown_taskflow.py took 0.085 seconds
[2025-04-18T16:30:49.099+0000] {processor.py:186} INFO - Started process (PID=215) to work on /home/airflow/.local/lib/python3.12/site-packages/airflow/example_dags/example_setup_teardown_taskflow.py
[2025-04-18T16:30:49.101+0000] {processor.py:914} INFO - Processing file /home/airflow/.local/lib/python3.12/site-packages/airflow/example_dags/example_setup_teardown_taskflow.py for tasks to queue
[2025-04-18T16:30:49.104+0000] {logging_mixin.py:190} INFO - [2025-04-18T16:30:49.104+0000] {dagbag.py:588} INFO - Filling up the DagBag from /home/airflow/.local/lib/python3.12/site-packages/airflow/example_dags/example_setup_teardown_taskflow.py
[2025-04-18T16:30:49.114+0000] {processor.py:925} INFO - DAG(s) 'example_setup_teardown_taskflow' retrieved from /home/airflow/.local/lib/python3.12/site-packages/airflow/example_dags/example_setup_teardown_taskflow.py
[2025-04-18T16:30:49.135+0000] {logging_mixin.py:190} INFO - [2025-04-18T16:30:49.134+0000] {dag.py:3239} INFO - Sync 1 DAGs
[2025-04-18T16:30:49.149+0000] {logging_mixin.py:190} INFO - [2025-04-18T16:30:49.149+0000] {dag.py:4180} INFO - Setting next_dagrun for example_setup_teardown_taskflow to None, run_after=None
[2025-04-18T16:30:49.171+0000] {processor.py:208} INFO - Processing /home/airflow/.local/lib/python3.12/site-packages/airflow/example_dags/example_setup_teardown_taskflow.py took 0.078 seconds
