[2025-04-18T16:29:52.112+0000] {processor.py:186} INFO - Started process (PID=111) to work on /home/airflow/.local/lib/python3.12/site-packages/airflow/example_dags/tutorial_taskflow_api_virtualenv.py
[2025-04-18T16:29:52.113+0000] {processor.py:914} INFO - Processing file /home/airflow/.local/lib/python3.12/site-packages/airflow/example_dags/tutorial_taskflow_api_virtualenv.py for tasks to queue
[2025-04-18T16:29:52.116+0000] {logging_mixin.py:190} INFO - [2025-04-18T16:29:52.116+0000] {dagbag.py:588} INFO - Filling up the DagBag from /home/airflow/.local/lib/python3.12/site-packages/airflow/example_dags/tutorial_taskflow_api_virtualenv.py
[2025-04-18T16:29:52.129+0000] {processor.py:925} INFO - DAG(s) 'tutorial_taskflow_api_virtualenv' retrieved from /home/airflow/.local/lib/python3.12/site-packages/airflow/example_dags/tutorial_taskflow_api_virtualenv.py
[2025-04-18T16:29:52.322+0000] {logging_mixin.py:190} INFO - [2025-04-18T16:29:52.321+0000] {override.py:1912} INFO - Created Permission View: can read on DAG:tutorial_taskflow_api_virtualenv
[2025-04-18T16:29:52.343+0000] {logging_mixin.py:190} INFO - [2025-04-18T16:29:52.342+0000] {override.py:1912} INFO - Created Permission View: can edit on DAG:tutorial_taskflow_api_virtualenv
[2025-04-18T16:29:52.361+0000] {logging_mixin.py:190} INFO - [2025-04-18T16:29:52.360+0000] {override.py:1912} INFO - Created Permission View: can delete on DAG:tutorial_taskflow_api_virtualenv
[2025-04-18T16:29:52.378+0000] {logging_mixin.py:190} INFO - [2025-04-18T16:29:52.378+0000] {override.py:1912} INFO - Created Permission View: can delete on DAG Run:tutorial_taskflow_api_virtualenv
[2025-04-18T16:29:52.397+0000] {logging_mixin.py:190} INFO - [2025-04-18T16:29:52.397+0000] {override.py:1912} INFO - Created Permission View: can read on DAG Run:tutorial_taskflow_api_virtualenv
[2025-04-18T16:29:52.414+0000] {logging_mixin.py:190} INFO - [2025-04-18T16:29:52.413+0000] {override.py:1912} INFO - Created Permission View: menu access on DAG Run:tutorial_taskflow_api_virtualenv
[2025-04-18T16:29:52.427+0000] {logging_mixin.py:190} INFO - [2025-04-18T16:29:52.426+0000] {override.py:1912} INFO - Created Permission View: can create on DAG Run:tutorial_taskflow_api_virtualenv
[2025-04-18T16:29:52.428+0000] {logging_mixin.py:190} INFO - [2025-04-18T16:29:52.427+0000] {dag.py:3239} INFO - Sync 1 DAGs
[2025-04-18T16:29:52.442+0000] {logging_mixin.py:190} INFO - [2025-04-18T16:29:52.442+0000] {dag.py:3262} INFO - Creating ORM DAG for tutorial_taskflow_api_virtualenv
[2025-04-18T16:29:52.444+0000] {logging_mixin.py:190} INFO - [2025-04-18T16:29:52.444+0000] {dag.py:4180} INFO - Setting next_dagrun for tutorial_taskflow_api_virtualenv to None, run_after=None
[2025-04-18T16:29:52.468+0000] {processor.py:208} INFO - Processing /home/airflow/.local/lib/python3.12/site-packages/airflow/example_dags/tutorial_taskflow_api_virtualenv.py took 0.362 seconds
[2025-04-18T16:30:22.505+0000] {processor.py:186} INFO - Started process (PID=174) to work on /home/airflow/.local/lib/python3.12/site-packages/airflow/example_dags/tutorial_taskflow_api_virtualenv.py
[2025-04-18T16:30:22.506+0000] {processor.py:914} INFO - Processing file /home/airflow/.local/lib/python3.12/site-packages/airflow/example_dags/tutorial_taskflow_api_virtualenv.py for tasks to queue
[2025-04-18T16:30:22.509+0000] {logging_mixin.py:190} INFO - [2025-04-18T16:30:22.508+0000] {dagbag.py:588} INFO - Filling up the DagBag from /home/airflow/.local/lib/python3.12/site-packages/airflow/example_dags/tutorial_taskflow_api_virtualenv.py
[2025-04-18T16:30:22.522+0000] {processor.py:925} INFO - DAG(s) 'tutorial_taskflow_api_virtualenv' retrieved from /home/airflow/.local/lib/python3.12/site-packages/airflow/example_dags/tutorial_taskflow_api_virtualenv.py
[2025-04-18T16:30:22.541+0000] {logging_mixin.py:190} INFO - [2025-04-18T16:30:22.541+0000] {dag.py:3239} INFO - Sync 1 DAGs
[2025-04-18T16:30:22.557+0000] {logging_mixin.py:190} INFO - [2025-04-18T16:30:22.556+0000] {dag.py:4180} INFO - Setting next_dagrun for tutorial_taskflow_api_virtualenv to None, run_after=None
[2025-04-18T16:30:22.574+0000] {processor.py:208} INFO - Processing /home/airflow/.local/lib/python3.12/site-packages/airflow/example_dags/tutorial_taskflow_api_virtualenv.py took 0.075 seconds
[2025-04-18T16:30:53.823+0000] {processor.py:186} INFO - Started process (PID=237) to work on /home/airflow/.local/lib/python3.12/site-packages/airflow/example_dags/tutorial_taskflow_api_virtualenv.py
[2025-04-18T16:30:53.824+0000] {processor.py:914} INFO - Processing file /home/airflow/.local/lib/python3.12/site-packages/airflow/example_dags/tutorial_taskflow_api_virtualenv.py for tasks to queue
[2025-04-18T16:30:53.827+0000] {logging_mixin.py:190} INFO - [2025-04-18T16:30:53.826+0000] {dagbag.py:588} INFO - Filling up the DagBag from /home/airflow/.local/lib/python3.12/site-packages/airflow/example_dags/tutorial_taskflow_api_virtualenv.py
[2025-04-18T16:30:53.838+0000] {processor.py:925} INFO - DAG(s) 'tutorial_taskflow_api_virtualenv' retrieved from /home/airflow/.local/lib/python3.12/site-packages/airflow/example_dags/tutorial_taskflow_api_virtualenv.py
[2025-04-18T16:30:53.860+0000] {logging_mixin.py:190} INFO - [2025-04-18T16:30:53.860+0000] {dag.py:3239} INFO - Sync 1 DAGs
[2025-04-18T16:30:53.877+0000] {logging_mixin.py:190} INFO - [2025-04-18T16:30:53.877+0000] {dag.py:4180} INFO - Setting next_dagrun for tutorial_taskflow_api_virtualenv to None, run_after=None
[2025-04-18T16:30:53.908+0000] {processor.py:208} INFO - Processing /home/airflow/.local/lib/python3.12/site-packages/airflow/example_dags/tutorial_taskflow_api_virtualenv.py took 0.094 seconds
