[2025-04-18T16:29:53.701+0000] {processor.py:186} INFO - Started process (PID=117) to work on /home/airflow/.local/lib/python3.12/site-packages/airflow/example_dags/tutorial_taskflow_templates.py
[2025-04-18T16:29:53.702+0000] {processor.py:914} INFO - Processing file /home/airflow/.local/lib/python3.12/site-packages/airflow/example_dags/tutorial_taskflow_templates.py for tasks to queue
[2025-04-18T16:29:53.704+0000] {logging_mixin.py:190} INFO - [2025-04-18T16:29:53.704+0000] {dagbag.py:588} INFO - Filling up the DagBag from /home/airflow/.local/lib/python3.12/site-packages/airflow/example_dags/tutorial_taskflow_templates.py
[2025-04-18T16:29:53.723+0000] {processor.py:925} INFO - DAG(s) 'tutorial_taskflow_templates' retrieved from /home/airflow/.local/lib/python3.12/site-packages/airflow/example_dags/tutorial_taskflow_templates.py
[2025-04-18T16:29:53.834+0000] {logging_mixin.py:190} INFO - [2025-04-18T16:29:53.834+0000] {override.py:1912} INFO - Created Permission View: can read on DAG:tutorial_taskflow_templates
[2025-04-18T16:29:53.845+0000] {logging_mixin.py:190} INFO - [2025-04-18T16:29:53.845+0000] {override.py:1912} INFO - Created Permission View: can edit on DAG:tutorial_taskflow_templates
[2025-04-18T16:29:53.855+0000] {logging_mixin.py:190} INFO - [2025-04-18T16:29:53.855+0000] {override.py:1912} INFO - Created Permission View: can delete on DAG:tutorial_taskflow_templates
[2025-04-18T16:29:53.865+0000] {logging_mixin.py:190} INFO - [2025-04-18T16:29:53.865+0000] {override.py:1912} INFO - Created Permission View: can delete on DAG Run:tutorial_taskflow_templates
[2025-04-18T16:29:53.873+0000] {logging_mixin.py:190} INFO - [2025-04-18T16:29:53.873+0000] {override.py:1912} INFO - Created Permission View: can read on DAG Run:tutorial_taskflow_templates
[2025-04-18T16:29:53.880+0000] {logging_mixin.py:190} INFO - [2025-04-18T16:29:53.880+0000] {override.py:1912} INFO - Created Permission View: menu access on DAG Run:tutorial_taskflow_templates
[2025-04-18T16:29:53.890+0000] {logging_mixin.py:190} INFO - [2025-04-18T16:29:53.890+0000] {override.py:1912} INFO - Created Permission View: can create on DAG Run:tutorial_taskflow_templates
[2025-04-18T16:29:53.891+0000] {logging_mixin.py:190} INFO - [2025-04-18T16:29:53.891+0000] {dag.py:3239} INFO - Sync 1 DAGs
[2025-04-18T16:29:53.903+0000] {logging_mixin.py:190} INFO - [2025-04-18T16:29:53.903+0000] {dag.py:3262} INFO - Creating ORM DAG for tutorial_taskflow_templates
[2025-04-18T16:29:53.914+0000] {logging_mixin.py:190} INFO - [2025-04-18T16:29:53.914+0000] {dag.py:4180} INFO - Setting next_dagrun for tutorial_taskflow_templates to 2025-04-17 00:00:00+00:00, run_after=2025-04-18 00:00:00+00:00
[2025-04-18T16:29:53.934+0000] {processor.py:208} INFO - Processing /home/airflow/.local/lib/python3.12/site-packages/airflow/example_dags/tutorial_taskflow_templates.py took 0.239 seconds
[2025-04-18T16:30:24.597+0000] {processor.py:186} INFO - Started process (PID=180) to work on /home/airflow/.local/lib/python3.12/site-packages/airflow/example_dags/tutorial_taskflow_templates.py
[2025-04-18T16:30:24.599+0000] {processor.py:914} INFO - Processing file /home/airflow/.local/lib/python3.12/site-packages/airflow/example_dags/tutorial_taskflow_templates.py for tasks to queue
[2025-04-18T16:30:24.602+0000] {logging_mixin.py:190} INFO - [2025-04-18T16:30:24.602+0000] {dagbag.py:588} INFO - Filling up the DagBag from /home/airflow/.local/lib/python3.12/site-packages/airflow/example_dags/tutorial_taskflow_templates.py
[2025-04-18T16:30:24.617+0000] {processor.py:925} INFO - DAG(s) 'tutorial_taskflow_templates' retrieved from /home/airflow/.local/lib/python3.12/site-packages/airflow/example_dags/tutorial_taskflow_templates.py
[2025-04-18T16:30:24.637+0000] {logging_mixin.py:190} INFO - [2025-04-18T16:30:24.637+0000] {dag.py:3239} INFO - Sync 1 DAGs
[2025-04-18T16:30:24.658+0000] {logging_mixin.py:190} INFO - [2025-04-18T16:30:24.658+0000] {dag.py:4180} INFO - Setting next_dagrun for tutorial_taskflow_templates to 2025-04-17 00:00:00+00:00, run_after=2025-04-18 00:00:00+00:00
[2025-04-18T16:30:24.690+0000] {processor.py:208} INFO - Processing /home/airflow/.local/lib/python3.12/site-packages/airflow/example_dags/tutorial_taskflow_templates.py took 0.099 seconds
[2025-04-18T16:30:55.333+0000] {processor.py:186} INFO - Started process (PID=243) to work on /home/airflow/.local/lib/python3.12/site-packages/airflow/example_dags/tutorial_taskflow_templates.py
[2025-04-18T16:30:55.334+0000] {processor.py:914} INFO - Processing file /home/airflow/.local/lib/python3.12/site-packages/airflow/example_dags/tutorial_taskflow_templates.py for tasks to queue
[2025-04-18T16:30:55.338+0000] {logging_mixin.py:190} INFO - [2025-04-18T16:30:55.337+0000] {dagbag.py:588} INFO - Filling up the DagBag from /home/airflow/.local/lib/python3.12/site-packages/airflow/example_dags/tutorial_taskflow_templates.py
[2025-04-18T16:30:55.359+0000] {processor.py:925} INFO - DAG(s) 'tutorial_taskflow_templates' retrieved from /home/airflow/.local/lib/python3.12/site-packages/airflow/example_dags/tutorial_taskflow_templates.py
[2025-04-18T16:30:55.388+0000] {logging_mixin.py:190} INFO - [2025-04-18T16:30:55.387+0000] {dag.py:3239} INFO - Sync 1 DAGs
[2025-04-18T16:30:55.419+0000] {logging_mixin.py:190} INFO - [2025-04-18T16:30:55.419+0000] {dag.py:4180} INFO - Setting next_dagrun for tutorial_taskflow_templates to 2025-04-17 00:00:00+00:00, run_after=2025-04-18 00:00:00+00:00
[2025-04-18T16:30:55.456+0000] {processor.py:208} INFO - Processing /home/airflow/.local/lib/python3.12/site-packages/airflow/example_dags/tutorial_taskflow_templates.py took 0.127 seconds
