[2025-04-18T16:29:46.179+0000] {processor.py:186} INFO - Started process (PID=76) to work on /home/airflow/.local/lib/python3.12/site-packages/airflow/example_dags/tutorial.py
[2025-04-18T16:29:46.181+0000] {processor.py:914} INFO - Processing file /home/airflow/.local/lib/python3.12/site-packages/airflow/example_dags/tutorial.py for tasks to queue
[2025-04-18T16:29:46.183+0000] {logging_mixin.py:190} INFO - [2025-04-18T16:29:46.183+0000] {dagbag.py:588} INFO - Filling up the DagBag from /home/airflow/.local/lib/python3.12/site-packages/airflow/example_dags/tutorial.py
[2025-04-18T16:29:46.192+0000] {processor.py:925} INFO - DAG(s) 'tutorial' retrieved from /home/airflow/.local/lib/python3.12/site-packages/airflow/example_dags/tutorial.py
[2025-04-18T16:29:46.322+0000] {logging_mixin.py:190} INFO - [2025-04-18T16:29:46.321+0000] {override.py:1912} INFO - Created Permission View: can read on DAG:tutorial
[2025-04-18T16:29:46.334+0000] {logging_mixin.py:190} INFO - [2025-04-18T16:29:46.333+0000] {override.py:1912} INFO - Created Permission View: can edit on DAG:tutorial
[2025-04-18T16:29:46.342+0000] {logging_mixin.py:190} INFO - [2025-04-18T16:29:46.341+0000] {override.py:1912} INFO - Created Permission View: can delete on DAG:tutorial
[2025-04-18T16:29:46.353+0000] {logging_mixin.py:190} INFO - [2025-04-18T16:29:46.352+0000] {override.py:1912} INFO - Created Permission View: can delete on DAG Run:tutorial
[2025-04-18T16:29:46.366+0000] {logging_mixin.py:190} INFO - [2025-04-18T16:29:46.365+0000] {override.py:1912} INFO - Created Permission View: can read on DAG Run:tutorial
[2025-04-18T16:29:46.375+0000] {logging_mixin.py:190} INFO - [2025-04-18T16:29:46.375+0000] {override.py:1912} INFO - Created Permission View: menu access on DAG Run:tutorial
[2025-04-18T16:29:46.388+0000] {logging_mixin.py:190} INFO - [2025-04-18T16:29:46.387+0000] {override.py:1912} INFO - Created Permission View: can create on DAG Run:tutorial
[2025-04-18T16:29:46.389+0000] {logging_mixin.py:190} INFO - [2025-04-18T16:29:46.389+0000] {dag.py:3239} INFO - Sync 1 DAGs
[2025-04-18T16:29:46.411+0000] {logging_mixin.py:190} INFO - [2025-04-18T16:29:46.410+0000] {dag.py:3262} INFO - Creating ORM DAG for tutorial
[2025-04-18T16:29:46.421+0000] {logging_mixin.py:190} INFO - [2025-04-18T16:29:46.421+0000] {dag.py:4180} INFO - Setting next_dagrun for tutorial to 2025-04-17 00:00:00+00:00, run_after=2025-04-18 00:00:00+00:00
[2025-04-18T16:29:46.442+0000] {processor.py:208} INFO - Processing /home/airflow/.local/lib/python3.12/site-packages/airflow/example_dags/tutorial.py took 0.275 seconds
[2025-04-18T16:30:16.797+0000] {processor.py:186} INFO - Started process (PID=139) to work on /home/airflow/.local/lib/python3.12/site-packages/airflow/example_dags/tutorial.py
[2025-04-18T16:30:16.798+0000] {processor.py:914} INFO - Processing file /home/airflow/.local/lib/python3.12/site-packages/airflow/example_dags/tutorial.py for tasks to queue
[2025-04-18T16:30:16.802+0000] {logging_mixin.py:190} INFO - [2025-04-18T16:30:16.800+0000] {dagbag.py:588} INFO - Filling up the DagBag from /home/airflow/.local/lib/python3.12/site-packages/airflow/example_dags/tutorial.py
[2025-04-18T16:30:16.814+0000] {processor.py:925} INFO - DAG(s) 'tutorial' retrieved from /home/airflow/.local/lib/python3.12/site-packages/airflow/example_dags/tutorial.py
[2025-04-18T16:30:16.842+0000] {logging_mixin.py:190} INFO - [2025-04-18T16:30:16.842+0000] {dag.py:3239} INFO - Sync 1 DAGs
[2025-04-18T16:30:16.877+0000] {logging_mixin.py:190} INFO - [2025-04-18T16:30:16.877+0000] {dag.py:4180} INFO - Setting next_dagrun for tutorial to 2025-04-17 00:00:00+00:00, run_after=2025-04-18 00:00:00+00:00
[2025-04-18T16:30:16.902+0000] {processor.py:208} INFO - Processing /home/airflow/.local/lib/python3.12/site-packages/airflow/example_dags/tutorial.py took 0.111 seconds
[2025-04-18T16:30:47.157+0000] {processor.py:186} INFO - Started process (PID=202) to work on /home/airflow/.local/lib/python3.12/site-packages/airflow/example_dags/tutorial.py
[2025-04-18T16:30:47.158+0000] {processor.py:914} INFO - Processing file /home/airflow/.local/lib/python3.12/site-packages/airflow/example_dags/tutorial.py for tasks to queue
[2025-04-18T16:30:47.161+0000] {logging_mixin.py:190} INFO - [2025-04-18T16:30:47.160+0000] {dagbag.py:588} INFO - Filling up the DagBag from /home/airflow/.local/lib/python3.12/site-packages/airflow/example_dags/tutorial.py
[2025-04-18T16:30:47.170+0000] {processor.py:925} INFO - DAG(s) 'tutorial' retrieved from /home/airflow/.local/lib/python3.12/site-packages/airflow/example_dags/tutorial.py
[2025-04-18T16:30:47.195+0000] {logging_mixin.py:190} INFO - [2025-04-18T16:30:47.195+0000] {dag.py:3239} INFO - Sync 1 DAGs
[2025-04-18T16:30:47.228+0000] {logging_mixin.py:190} INFO - [2025-04-18T16:30:47.227+0000] {dag.py:4180} INFO - Setting next_dagrun for tutorial to 2025-04-17 00:00:00+00:00, run_after=2025-04-18 00:00:00+00:00
[2025-04-18T16:30:47.264+0000] {processor.py:208} INFO - Processing /home/airflow/.local/lib/python3.12/site-packages/airflow/example_dags/tutorial.py took 0.114 seconds
