[2025-04-18T16:29:45.097+0000] {processor.py:186} INFO - Started process (PID=70) to work on /home/airflow/.local/lib/python3.12/site-packages/airflow/example_dags/tutorial_dag.py
[2025-04-18T16:29:45.098+0000] {processor.py:914} INFO - Processing file /home/airflow/.local/lib/python3.12/site-packages/airflow/example_dags/tutorial_dag.py for tasks to queue
[2025-04-18T16:29:45.103+0000] {logging_mixin.py:190} INFO - [2025-04-18T16:29:45.102+0000] {dagbag.py:588} INFO - Filling up the DagBag from /home/airflow/.local/lib/python3.12/site-packages/airflow/example_dags/tutorial_dag.py
[2025-04-18T16:29:45.116+0000] {processor.py:925} INFO - DAG(s) 'tutorial_dag' retrieved from /home/airflow/.local/lib/python3.12/site-packages/airflow/example_dags/tutorial_dag.py
[2025-04-18T16:29:45.256+0000] {logging_mixin.py:190} INFO - [2025-04-18T16:29:45.255+0000] {override.py:1912} INFO - Created Permission View: can read on DAG:tutorial_dag
[2025-04-18T16:29:45.269+0000] {logging_mixin.py:190} INFO - [2025-04-18T16:29:45.268+0000] {override.py:1912} INFO - Created Permission View: can edit on DAG:tutorial_dag
[2025-04-18T16:29:45.283+0000] {logging_mixin.py:190} INFO - [2025-04-18T16:29:45.283+0000] {override.py:1912} INFO - Created Permission View: can delete on DAG:tutorial_dag
[2025-04-18T16:29:45.293+0000] {logging_mixin.py:190} INFO - [2025-04-18T16:29:45.293+0000] {override.py:1912} INFO - Created Permission View: can delete on DAG Run:tutorial_dag
[2025-04-18T16:29:45.305+0000] {logging_mixin.py:190} INFO - [2025-04-18T16:29:45.304+0000] {override.py:1912} INFO - Created Permission View: can read on DAG Run:tutorial_dag
[2025-04-18T16:29:45.318+0000] {logging_mixin.py:190} INFO - [2025-04-18T16:29:45.317+0000] {override.py:1912} INFO - Created Permission View: menu access on DAG Run:tutorial_dag
[2025-04-18T16:29:45.327+0000] {logging_mixin.py:190} INFO - [2025-04-18T16:29:45.327+0000] {override.py:1912} INFO - Created Permission View: can create on DAG Run:tutorial_dag
[2025-04-18T16:29:45.328+0000] {logging_mixin.py:190} INFO - [2025-04-18T16:29:45.328+0000] {dag.py:3239} INFO - Sync 1 DAGs
[2025-04-18T16:29:45.349+0000] {logging_mixin.py:190} INFO - [2025-04-18T16:29:45.349+0000] {dag.py:3262} INFO - Creating ORM DAG for tutorial_dag
[2025-04-18T16:29:45.350+0000] {logging_mixin.py:190} INFO - [2025-04-18T16:29:45.350+0000] {dag.py:4180} INFO - Setting next_dagrun for tutorial_dag to None, run_after=None
[2025-04-18T16:29:45.375+0000] {processor.py:208} INFO - Processing /home/airflow/.local/lib/python3.12/site-packages/airflow/example_dags/tutorial_dag.py took 0.287 seconds
[2025-04-18T16:30:15.441+0000] {processor.py:186} INFO - Started process (PID=133) to work on /home/airflow/.local/lib/python3.12/site-packages/airflow/example_dags/tutorial_dag.py
[2025-04-18T16:30:15.444+0000] {processor.py:914} INFO - Processing file /home/airflow/.local/lib/python3.12/site-packages/airflow/example_dags/tutorial_dag.py for tasks to queue
[2025-04-18T16:30:15.449+0000] {logging_mixin.py:190} INFO - [2025-04-18T16:30:15.448+0000] {dagbag.py:588} INFO - Filling up the DagBag from /home/airflow/.local/lib/python3.12/site-packages/airflow/example_dags/tutorial_dag.py
[2025-04-18T16:30:15.465+0000] {processor.py:925} INFO - DAG(s) 'tutorial_dag' retrieved from /home/airflow/.local/lib/python3.12/site-packages/airflow/example_dags/tutorial_dag.py
[2025-04-18T16:30:15.494+0000] {logging_mixin.py:190} INFO - [2025-04-18T16:30:15.493+0000] {dag.py:3239} INFO - Sync 1 DAGs
[2025-04-18T16:30:15.510+0000] {logging_mixin.py:190} INFO - [2025-04-18T16:30:15.510+0000] {dag.py:4180} INFO - Setting next_dagrun for tutorial_dag to None, run_after=None
[2025-04-18T16:30:15.543+0000] {processor.py:208} INFO - Processing /home/airflow/.local/lib/python3.12/site-packages/airflow/example_dags/tutorial_dag.py took 0.110 seconds
[2025-04-18T16:30:45.804+0000] {processor.py:186} INFO - Started process (PID=196) to work on /home/airflow/.local/lib/python3.12/site-packages/airflow/example_dags/tutorial_dag.py
[2025-04-18T16:30:45.805+0000] {processor.py:914} INFO - Processing file /home/airflow/.local/lib/python3.12/site-packages/airflow/example_dags/tutorial_dag.py for tasks to queue
[2025-04-18T16:30:45.807+0000] {logging_mixin.py:190} INFO - [2025-04-18T16:30:45.807+0000] {dagbag.py:588} INFO - Filling up the DagBag from /home/airflow/.local/lib/python3.12/site-packages/airflow/example_dags/tutorial_dag.py
[2025-04-18T16:30:45.817+0000] {processor.py:925} INFO - DAG(s) 'tutorial_dag' retrieved from /home/airflow/.local/lib/python3.12/site-packages/airflow/example_dags/tutorial_dag.py
[2025-04-18T16:30:45.834+0000] {logging_mixin.py:190} INFO - [2025-04-18T16:30:45.834+0000] {dag.py:3239} INFO - Sync 1 DAGs
[2025-04-18T16:30:45.851+0000] {logging_mixin.py:190} INFO - [2025-04-18T16:30:45.850+0000] {dag.py:4180} INFO - Setting next_dagrun for tutorial_dag to None, run_after=None
[2025-04-18T16:30:45.871+0000] {processor.py:208} INFO - Processing /home/airflow/.local/lib/python3.12/site-packages/airflow/example_dags/tutorial_dag.py took 0.073 seconds
