[2025-04-18T16:29:46.053+0000] {processor.py:186} INFO - Started process (PID=75) to work on /home/airflow/.local/lib/python3.12/site-packages/airflow/example_dags/tutorial_objectstorage.py
[2025-04-18T16:29:46.054+0000] {processor.py:914} INFO - Processing file /home/airflow/.local/lib/python3.12/site-packages/airflow/example_dags/tutorial_objectstorage.py for tasks to queue
[2025-04-18T16:29:46.057+0000] {logging_mixin.py:190} INFO - [2025-04-18T16:29:46.057+0000] {dagbag.py:588} INFO - Filling up the DagBag from /home/airflow/.local/lib/python3.12/site-packages/airflow/example_dags/tutorial_objectstorage.py
[2025-04-18T16:29:46.074+0000] {processor.py:925} INFO - DAG(s) 'tutorial_objectstorage' retrieved from /home/airflow/.local/lib/python3.12/site-packages/airflow/example_dags/tutorial_objectstorage.py
[2025-04-18T16:29:46.231+0000] {logging_mixin.py:190} INFO - [2025-04-18T16:29:46.230+0000] {override.py:1912} INFO - Created Permission View: can read on DAG:tutorial_objectstorage
[2025-04-18T16:29:46.246+0000] {logging_mixin.py:190} INFO - [2025-04-18T16:29:46.246+0000] {override.py:1912} INFO - Created Permission View: can edit on DAG:tutorial_objectstorage
[2025-04-18T16:29:46.255+0000] {logging_mixin.py:190} INFO - [2025-04-18T16:29:46.255+0000] {override.py:1912} INFO - Created Permission View: can delete on DAG:tutorial_objectstorage
[2025-04-18T16:29:46.265+0000] {logging_mixin.py:190} INFO - [2025-04-18T16:29:46.265+0000] {override.py:1912} INFO - Created Permission View: can delete on DAG Run:tutorial_objectstorage
[2025-04-18T16:29:46.274+0000] {logging_mixin.py:190} INFO - [2025-04-18T16:29:46.273+0000] {override.py:1912} INFO - Created Permission View: can read on DAG Run:tutorial_objectstorage
[2025-04-18T16:29:46.287+0000] {logging_mixin.py:190} INFO - [2025-04-18T16:29:46.286+0000] {override.py:1912} INFO - Created Permission View: menu access on DAG Run:tutorial_objectstorage
[2025-04-18T16:29:46.295+0000] {logging_mixin.py:190} INFO - [2025-04-18T16:29:46.294+0000] {override.py:1912} INFO - Created Permission View: can create on DAG Run:tutorial_objectstorage
[2025-04-18T16:29:46.296+0000] {logging_mixin.py:190} INFO - [2025-04-18T16:29:46.295+0000] {dag.py:3239} INFO - Sync 1 DAGs
[2025-04-18T16:29:46.312+0000] {logging_mixin.py:190} INFO - [2025-04-18T16:29:46.311+0000] {dag.py:3262} INFO - Creating ORM DAG for tutorial_objectstorage
[2025-04-18T16:29:46.313+0000] {logging_mixin.py:190} INFO - [2025-04-18T16:29:46.313+0000] {dag.py:4180} INFO - Setting next_dagrun for tutorial_objectstorage to None, run_after=None
[2025-04-18T16:29:46.339+0000] {processor.py:208} INFO - Processing /home/airflow/.local/lib/python3.12/site-packages/airflow/example_dags/tutorial_objectstorage.py took 0.291 seconds
[2025-04-18T16:30:16.757+0000] {processor.py:186} INFO - Started process (PID=138) to work on /home/airflow/.local/lib/python3.12/site-packages/airflow/example_dags/tutorial_objectstorage.py
[2025-04-18T16:30:16.758+0000] {processor.py:914} INFO - Processing file /home/airflow/.local/lib/python3.12/site-packages/airflow/example_dags/tutorial_objectstorage.py for tasks to queue
[2025-04-18T16:30:16.760+0000] {logging_mixin.py:190} INFO - [2025-04-18T16:30:16.760+0000] {dagbag.py:588} INFO - Filling up the DagBag from /home/airflow/.local/lib/python3.12/site-packages/airflow/example_dags/tutorial_objectstorage.py
[2025-04-18T16:30:16.776+0000] {processor.py:925} INFO - DAG(s) 'tutorial_objectstorage' retrieved from /home/airflow/.local/lib/python3.12/site-packages/airflow/example_dags/tutorial_objectstorage.py
[2025-04-18T16:30:16.801+0000] {logging_mixin.py:190} INFO - [2025-04-18T16:30:16.800+0000] {dag.py:3239} INFO - Sync 1 DAGs
[2025-04-18T16:30:16.823+0000] {logging_mixin.py:190} INFO - [2025-04-18T16:30:16.823+0000] {dag.py:4180} INFO - Setting next_dagrun for tutorial_objectstorage to None, run_after=None
[2025-04-18T16:30:16.852+0000] {processor.py:208} INFO - Processing /home/airflow/.local/lib/python3.12/site-packages/airflow/example_dags/tutorial_objectstorage.py took 0.107 seconds
[2025-04-18T16:30:47.108+0000] {processor.py:186} INFO - Started process (PID=201) to work on /home/airflow/.local/lib/python3.12/site-packages/airflow/example_dags/tutorial_objectstorage.py
[2025-04-18T16:30:47.111+0000] {processor.py:914} INFO - Processing file /home/airflow/.local/lib/python3.12/site-packages/airflow/example_dags/tutorial_objectstorage.py for tasks to queue
[2025-04-18T16:30:47.115+0000] {logging_mixin.py:190} INFO - [2025-04-18T16:30:47.115+0000] {dagbag.py:588} INFO - Filling up the DagBag from /home/airflow/.local/lib/python3.12/site-packages/airflow/example_dags/tutorial_objectstorage.py
[2025-04-18T16:30:47.127+0000] {processor.py:925} INFO - DAG(s) 'tutorial_objectstorage' retrieved from /home/airflow/.local/lib/python3.12/site-packages/airflow/example_dags/tutorial_objectstorage.py
[2025-04-18T16:30:47.150+0000] {logging_mixin.py:190} INFO - [2025-04-18T16:30:47.150+0000] {dag.py:3239} INFO - Sync 1 DAGs
[2025-04-18T16:30:47.167+0000] {logging_mixin.py:190} INFO - [2025-04-18T16:30:47.166+0000] {dag.py:4180} INFO - Setting next_dagrun for tutorial_objectstorage to None, run_after=None
[2025-04-18T16:30:47.193+0000] {processor.py:208} INFO - Processing /home/airflow/.local/lib/python3.12/site-packages/airflow/example_dags/tutorial_objectstorage.py took 0.094 seconds
